2024-09-13 20:50:20,109 - INFO - Successfully fetched 503 S&P 500 tickers from Wikipedia.
2024-09-13 20:50:20,110 - INFO - Starting download of S&P 500 stock minute-level data.
2024-09-13 20:50:20,111 - INFO - Created directory stock_data_minute for saving data.
2024-09-13 20:50:20,689 - INFO - Data for ABT saved successfully to stock_data_minute/ABT.csv.
2024-09-13 20:50:20,730 - INFO - Data for ACN saved successfully to stock_data_minute/ACN.csv.
2024-09-13 20:50:20,747 - INFO - Data for MMM saved successfully to stock_data_minute/MMM.csv.
2024-09-13 20:50:20,775 - INFO - Data for AMD saved successfully to stock_data_minute/AMD.csv.
2024-09-13 20:50:20,808 - INFO - Data for ABBV saved successfully to stock_data_minute/ABBV.csv.
2024-09-13 20:50:20,822 - INFO - Data for AOS saved successfully to stock_data_minute/AOS.csv.
2024-09-13 20:50:20,852 - INFO - Data for AES saved successfully to stock_data_minute/AES.csv.
2024-09-13 20:50:20,905 - INFO - Data for ADBE saved successfully to stock_data_minute/ADBE.csv.
2024-09-13 20:50:20,939 - INFO - Data for AFL saved successfully to stock_data_minute/AFL.csv.
2024-09-13 20:50:20,998 - INFO - Data for APD saved successfully to stock_data_minute/APD.csv.
2024-09-13 20:50:21,019 - INFO - Data for A saved successfully to stock_data_minute/A.csv.
2024-09-13 20:50:21,032 - INFO - Data for AKAM saved successfully to stock_data_minute/AKAM.csv.
2024-09-13 20:50:21,045 - INFO - Data for ARE saved successfully to stock_data_minute/ARE.csv.
2024-09-13 20:50:21,056 - INFO - Data for ALGN saved successfully to stock_data_minute/ALGN.csv.
2024-09-13 20:50:21,086 - INFO - Data for ALB saved successfully to stock_data_minute/ALB.csv.
2024-09-13 20:50:21,124 - INFO - Data for ABNB saved successfully to stock_data_minute/ABNB.csv.
2024-09-13 20:50:21,158 - INFO - Data for ALLE saved successfully to stock_data_minute/ALLE.csv.
2024-09-13 20:50:21,197 - INFO - Data for LNT saved successfully to stock_data_minute/LNT.csv.
2024-09-13 20:50:21,224 - INFO - Data for ALL saved successfully to stock_data_minute/ALL.csv.
2024-09-13 20:50:21,259 - INFO - Data for GOOGL saved successfully to stock_data_minute/GOOGL.csv.
2024-09-13 20:50:21,303 - INFO - Data for MO saved successfully to stock_data_minute/MO.csv.
2024-09-13 20:50:21,321 - INFO - Data for GOOG saved successfully to stock_data_minute/GOOG.csv.
2024-09-13 20:50:21,374 - INFO - Data for AMCR saved successfully to stock_data_minute/AMCR.csv.
2024-09-13 20:50:21,406 - INFO - Data for AAL saved successfully to stock_data_minute/AAL.csv.
2024-09-13 20:50:21,420 - INFO - Data for AEE saved successfully to stock_data_minute/AEE.csv.
2024-09-13 20:50:21,446 - INFO - Data for AMZN saved successfully to stock_data_minute/AMZN.csv.
2024-09-13 20:50:21,501 - INFO - Data for AXP saved successfully to stock_data_minute/AXP.csv.
2024-09-13 20:50:21,522 - INFO - Data for AEP saved successfully to stock_data_minute/AEP.csv.
2024-09-13 20:50:21,550 - INFO - Data for AIG saved successfully to stock_data_minute/AIG.csv.
2024-09-13 20:50:21,573 - INFO - Data for AMT saved successfully to stock_data_minute/AMT.csv.
2024-09-13 20:50:21,596 - INFO - Data for AMP saved successfully to stock_data_minute/AMP.csv.
2024-09-13 20:50:21,615 - INFO - Data for AWK saved successfully to stock_data_minute/AWK.csv.
2024-09-13 20:50:21,668 - INFO - Data for APH saved successfully to stock_data_minute/APH.csv.
2024-09-13 20:50:21,723 - INFO - Data for AME saved successfully to stock_data_minute/AME.csv.
2024-09-13 20:50:21,744 - INFO - Data for ADI saved successfully to stock_data_minute/ADI.csv.
2024-09-13 20:50:21,758 - INFO - Data for AMGN saved successfully to stock_data_minute/AMGN.csv.
2024-09-13 20:50:21,772 - INFO - Data for APA saved successfully to stock_data_minute/APA.csv.
2024-09-13 20:50:21,799 - INFO - Data for AON saved successfully to stock_data_minute/AON.csv.
2024-09-13 20:50:21,807 - INFO - Data for ANSS saved successfully to stock_data_minute/ANSS.csv.
2024-09-13 20:50:21,822 - INFO - Data for AAPL saved successfully to stock_data_minute/AAPL.csv.
2024-09-13 20:50:21,852 - INFO - Data for ADM saved successfully to stock_data_minute/ADM.csv.
2024-09-13 20:50:21,906 - INFO - Data for APTV saved successfully to stock_data_minute/APTV.csv.
2024-09-13 20:50:21,975 - INFO - Data for ACGL saved successfully to stock_data_minute/ACGL.csv.
2024-09-13 20:50:21,996 - INFO - Data for AMAT saved successfully to stock_data_minute/AMAT.csv.
2024-09-13 20:50:22,024 - INFO - Data for ANET saved successfully to stock_data_minute/ANET.csv.
2024-09-13 20:50:22,031 - INFO - Data for AIZ saved successfully to stock_data_minute/AIZ.csv.
2024-09-13 20:50:22,045 - INFO - Data for ADSK saved successfully to stock_data_minute/ADSK.csv.
2024-09-13 20:50:22,058 - INFO - Data for ATO saved successfully to stock_data_minute/ATO.csv.
2024-09-13 20:50:22,064 - INFO - Data for AZO saved successfully to stock_data_minute/AZO.csv.
2024-09-13 20:50:22,089 - INFO - Data for ADP saved successfully to stock_data_minute/ADP.csv.
2024-09-13 20:50:22,127 - INFO - Data for AJG saved successfully to stock_data_minute/AJG.csv.
2024-09-13 20:50:22,147 - INFO - Data for AVB saved successfully to stock_data_minute/AVB.csv.
2024-09-13 20:50:22,182 - INFO - Data for T saved successfully to stock_data_minute/T.csv.
2024-09-13 20:50:22,200 - INFO - Data for AVY saved successfully to stock_data_minute/AVY.csv.
2024-09-13 20:50:22,217 - INFO - Data for AXON saved successfully to stock_data_minute/AXON.csv.
2024-09-13 20:50:22,244 - INFO - Data for BALL saved successfully to stock_data_minute/BALL.csv.
2024-09-13 20:50:22,259 - INFO - Data for BKR saved successfully to stock_data_minute/BKR.csv.
2024-09-13 20:50:22,286 - INFO - Data for BAX saved successfully to stock_data_minute/BAX.csv.
2024-09-13 20:50:22,319 - INFO - Data for BRK-B saved successfully to stock_data_minute/BRK-B.csv.
2024-09-13 20:50:22,336 - INFO - Data for BK saved successfully to stock_data_minute/BK.csv.
2024-09-13 20:50:22,358 - INFO - Data for BIO saved successfully to stock_data_minute/BIO.csv.
2024-09-13 20:50:22,421 - INFO - Data for BBWI saved successfully to stock_data_minute/BBWI.csv.
2024-09-13 20:50:22,441 - INFO - Data for BDX saved successfully to stock_data_minute/BDX.csv.
2024-09-13 20:50:22,484 - INFO - Data for BBY saved successfully to stock_data_minute/BBY.csv.
2024-09-13 20:50:22,503 - INFO - Data for BAC saved successfully to stock_data_minute/BAC.csv.
2024-09-13 20:50:22,515 - INFO - Data for BIIB saved successfully to stock_data_minute/BIIB.csv.
2024-09-13 20:50:22,526 - INFO - Data for TECH saved successfully to stock_data_minute/TECH.csv.
2024-09-13 20:50:22,556 - INFO - Data for BX saved successfully to stock_data_minute/BX.csv.
2024-09-13 20:50:22,576 - INFO - Data for BLK saved successfully to stock_data_minute/BLK.csv.
2024-09-13 20:50:22,591 - INFO - Data for BKNG saved successfully to stock_data_minute/BKNG.csv.
2024-09-13 20:50:22,616 - INFO - Data for BWA saved successfully to stock_data_minute/BWA.csv.
2024-09-13 20:50:22,662 - INFO - Data for BA saved successfully to stock_data_minute/BA.csv.
2024-09-13 20:50:22,687 - INFO - Data for BSX saved successfully to stock_data_minute/BSX.csv.
2024-09-13 20:50:22,702 - INFO - Data for AVGO saved successfully to stock_data_minute/AVGO.csv.
2024-09-13 20:50:22,716 - INFO - Data for BMY saved successfully to stock_data_minute/BMY.csv.
2024-09-13 20:50:22,730 - INFO - Data for BRO saved successfully to stock_data_minute/BRO.csv.
2024-09-13 20:50:22,775 - INFO - Data for BR saved successfully to stock_data_minute/BR.csv.
2024-09-13 20:50:22,789 - INFO - Data for BXP saved successfully to stock_data_minute/BXP.csv.
2024-09-13 20:50:22,853 - INFO - Data for BLDR saved successfully to stock_data_minute/BLDR.csv.
2024-09-13 20:50:22,873 - INFO - Data for CHRW saved successfully to stock_data_minute/CHRW.csv.
2024-09-13 20:50:22,899 - INFO - Data for BG saved successfully to stock_data_minute/BG.csv.
2024-09-13 20:50:22,935 - INFO - Data for BF-B saved successfully to stock_data_minute/BF-B.csv.
2024-09-13 20:50:22,979 - INFO - Data for CDNS saved successfully to stock_data_minute/CDNS.csv.
2024-09-13 20:50:23,001 - INFO - Data for CZR saved successfully to stock_data_minute/CZR.csv.
2024-09-13 20:50:23,026 - INFO - Data for CPT saved successfully to stock_data_minute/CPT.csv.
2024-09-13 20:50:23,064 - INFO - Data for CPB saved successfully to stock_data_minute/CPB.csv.
2024-09-13 20:50:23,089 - INFO - Data for COF saved successfully to stock_data_minute/COF.csv.
2024-09-13 20:50:23,115 - INFO - Data for CAH saved successfully to stock_data_minute/CAH.csv.
2024-09-13 20:50:23,156 - INFO - Data for KMX saved successfully to stock_data_minute/KMX.csv.
2024-09-13 20:50:23,189 - INFO - Data for CCL saved successfully to stock_data_minute/CCL.csv.
2024-09-13 20:50:23,212 - INFO - Data for CBOE saved successfully to stock_data_minute/CBOE.csv.
2024-09-13 20:50:23,232 - INFO - Data for CARR saved successfully to stock_data_minute/CARR.csv.
2024-09-13 20:50:23,270 - INFO - Data for CTLT saved successfully to stock_data_minute/CTLT.csv.
2024-09-13 20:50:23,306 - INFO - Data for CBRE saved successfully to stock_data_minute/CBRE.csv.
2024-09-13 20:50:23,340 - INFO - Data for CAT saved successfully to stock_data_minute/CAT.csv.
2024-09-13 20:50:23,350 - INFO - Data for CDW saved successfully to stock_data_minute/CDW.csv.
2024-09-13 20:50:23,373 - INFO - Data for CE saved successfully to stock_data_minute/CE.csv.
2024-09-13 20:50:23,408 - INFO - Data for COR saved successfully to stock_data_minute/COR.csv.
2024-09-13 20:50:23,450 - INFO - Data for CF saved successfully to stock_data_minute/CF.csv.
2024-09-13 20:50:23,482 - INFO - Data for CNP saved successfully to stock_data_minute/CNP.csv.
2024-09-13 20:50:23,524 - INFO - Data for CNC saved successfully to stock_data_minute/CNC.csv.
2024-09-13 20:50:23,552 - INFO - Data for CRL saved successfully to stock_data_minute/CRL.csv.
2024-09-13 20:50:23,581 - INFO - Data for SCHW saved successfully to stock_data_minute/SCHW.csv.
2024-09-13 20:50:23,593 - INFO - Data for CHTR saved successfully to stock_data_minute/CHTR.csv.
2024-09-13 20:50:23,608 - INFO - Data for CVX saved successfully to stock_data_minute/CVX.csv.
2024-09-13 20:50:23,635 - INFO - Data for CHD saved successfully to stock_data_minute/CHD.csv.
2024-09-13 20:50:23,663 - INFO - Data for CB saved successfully to stock_data_minute/CB.csv.
2024-09-13 20:50:23,690 - INFO - Data for CMG saved successfully to stock_data_minute/CMG.csv.
2024-09-13 20:50:23,708 - INFO - Data for CI saved successfully to stock_data_minute/CI.csv.
2024-09-13 20:50:23,716 - INFO - Data for CINF saved successfully to stock_data_minute/CINF.csv.
2024-09-13 20:50:23,772 - INFO - Data for C saved successfully to stock_data_minute/C.csv.
2024-09-13 20:50:23,803 - INFO - Data for CME saved successfully to stock_data_minute/CME.csv.
2024-09-13 20:50:23,812 - INFO - Data for CTAS saved successfully to stock_data_minute/CTAS.csv.
2024-09-13 20:50:23,853 - INFO - Data for CSCO saved successfully to stock_data_minute/CSCO.csv.
2024-09-13 20:50:23,878 - INFO - Data for CMS saved successfully to stock_data_minute/CMS.csv.
2024-09-13 20:50:23,912 - INFO - Data for CFG saved successfully to stock_data_minute/CFG.csv.
2024-09-13 20:50:23,926 - INFO - Data for CTSH saved successfully to stock_data_minute/CTSH.csv.
2024-09-13 20:50:23,952 - INFO - Data for CLX saved successfully to stock_data_minute/CLX.csv.
2024-09-13 20:50:23,998 - INFO - Data for CL saved successfully to stock_data_minute/CL.csv.
2024-09-13 20:50:24,014 - INFO - Data for KO saved successfully to stock_data_minute/KO.csv.
2024-09-13 20:50:24,053 - INFO - Data for COP saved successfully to stock_data_minute/COP.csv.
2024-09-13 20:50:24,095 - INFO - Data for CMCSA saved successfully to stock_data_minute/CMCSA.csv.
2024-09-13 20:50:24,130 - INFO - Data for CAG saved successfully to stock_data_minute/CAG.csv.
2024-09-13 20:50:24,171 - INFO - Data for STZ saved successfully to stock_data_minute/STZ.csv.
2024-09-13 20:50:24,187 - INFO - Data for ED saved successfully to stock_data_minute/ED.csv.
2024-09-13 20:50:24,214 - INFO - Data for CEG saved successfully to stock_data_minute/CEG.csv.
2024-09-13 20:50:24,241 - INFO - Data for COO saved successfully to stock_data_minute/COO.csv.
2024-09-13 20:50:24,261 - INFO - Data for CPRT saved successfully to stock_data_minute/CPRT.csv.
2024-09-13 20:50:24,280 - INFO - Data for CPAY saved successfully to stock_data_minute/CPAY.csv.
2024-09-13 20:50:24,312 - INFO - Data for GLW saved successfully to stock_data_minute/GLW.csv.
2024-09-13 20:50:24,350 - INFO - Data for CTVA saved successfully to stock_data_minute/CTVA.csv.
2024-09-13 20:50:24,398 - INFO - Data for COST saved successfully to stock_data_minute/COST.csv.
2024-09-13 20:50:24,433 - INFO - Data for CSGP saved successfully to stock_data_minute/CSGP.csv.
2024-09-13 20:50:24,475 - INFO - Data for CRWD saved successfully to stock_data_minute/CRWD.csv.
2024-09-13 20:50:24,498 - INFO - Data for CSX saved successfully to stock_data_minute/CSX.csv.
2024-09-13 20:50:24,513 - INFO - Data for CTRA saved successfully to stock_data_minute/CTRA.csv.
2024-09-13 20:50:24,528 - INFO - Data for CCI saved successfully to stock_data_minute/CCI.csv.
2024-09-13 20:50:24,553 - INFO - Data for CMI saved successfully to stock_data_minute/CMI.csv.
2024-09-13 20:50:24,594 - INFO - Data for DHR saved successfully to stock_data_minute/DHR.csv.
2024-09-13 20:50:24,639 - INFO - Data for CVS saved successfully to stock_data_minute/CVS.csv.
2024-09-13 20:50:24,653 - INFO - Data for DRI saved successfully to stock_data_minute/DRI.csv.
2024-09-13 20:50:24,665 - INFO - Data for DVA saved successfully to stock_data_minute/DVA.csv.
2024-09-13 20:50:24,680 - INFO - Data for DVN saved successfully to stock_data_minute/DVN.csv.
2024-09-13 20:50:24,693 - INFO - Data for DE saved successfully to stock_data_minute/DE.csv.
2024-09-13 20:50:24,720 - INFO - Data for DECK saved successfully to stock_data_minute/DECK.csv.
2024-09-13 20:50:24,770 - INFO - Data for DAL saved successfully to stock_data_minute/DAL.csv.
2024-09-13 20:50:24,800 - INFO - Data for DAY saved successfully to stock_data_minute/DAY.csv.
2024-09-13 20:50:24,843 - INFO - Data for DLR saved successfully to stock_data_minute/DLR.csv.
2024-09-13 20:50:24,871 - INFO - Data for FANG saved successfully to stock_data_minute/FANG.csv.
2024-09-13 20:50:24,900 - INFO - Data for DXCM saved successfully to stock_data_minute/DXCM.csv.
2024-09-13 20:50:24,928 - INFO - Data for DFS saved successfully to stock_data_minute/DFS.csv.
2024-09-13 20:50:24,942 - INFO - Data for DPZ saved successfully to stock_data_minute/DPZ.csv.
2024-09-13 20:50:24,982 - INFO - Data for DG saved successfully to stock_data_minute/DG.csv.
2024-09-13 20:50:25,021 - INFO - Data for DLTR saved successfully to stock_data_minute/DLTR.csv.
2024-09-13 20:50:25,072 - INFO - Data for D saved successfully to stock_data_minute/D.csv.
2024-09-13 20:50:25,112 - INFO - Data for DOV saved successfully to stock_data_minute/DOV.csv.
2024-09-13 20:50:25,148 - INFO - Data for DHI saved successfully to stock_data_minute/DHI.csv.
2024-09-13 20:50:25,177 - INFO - Data for DTE saved successfully to stock_data_minute/DTE.csv.
2024-09-13 20:50:25,226 - INFO - Data for DOW saved successfully to stock_data_minute/DOW.csv.
2024-09-13 20:50:25,249 - INFO - Data for EMN saved successfully to stock_data_minute/EMN.csv.
2024-09-13 20:50:25,271 - INFO - Data for DD saved successfully to stock_data_minute/DD.csv.
2024-09-13 20:50:25,293 - INFO - Data for ETN saved successfully to stock_data_minute/ETN.csv.
2024-09-13 20:50:25,328 - INFO - Data for DUK saved successfully to stock_data_minute/DUK.csv.
2024-09-13 20:50:25,379 - INFO - Data for EBAY saved successfully to stock_data_minute/EBAY.csv.
2024-09-13 20:50:25,402 - INFO - Data for ECL saved successfully to stock_data_minute/ECL.csv.
2024-09-13 20:50:25,438 - INFO - Data for EIX saved successfully to stock_data_minute/EIX.csv.
2024-09-13 20:50:25,481 - INFO - Data for EW saved successfully to stock_data_minute/EW.csv.
2024-09-13 20:50:25,511 - INFO - Data for EA saved successfully to stock_data_minute/EA.csv.
2024-09-13 20:50:25,570 - INFO - Data for ELV saved successfully to stock_data_minute/ELV.csv.
2024-09-13 20:50:25,612 - INFO - Data for ENPH saved successfully to stock_data_minute/ENPH.csv.
2024-09-13 20:50:25,642 - INFO - Data for EPAM saved successfully to stock_data_minute/EPAM.csv.
2024-09-13 20:50:25,693 - INFO - Data for EMR saved successfully to stock_data_minute/EMR.csv.
2024-09-13 20:50:25,718 - INFO - Data for EQT saved successfully to stock_data_minute/EQT.csv.
2024-09-13 20:50:25,750 - INFO - Data for EOG saved successfully to stock_data_minute/EOG.csv.
2024-09-13 20:50:25,769 - INFO - Data for EFX saved successfully to stock_data_minute/EFX.csv.
2024-09-13 20:50:25,797 - INFO - Data for ETR saved successfully to stock_data_minute/ETR.csv.
2024-09-13 20:50:25,838 - INFO - Data for ESS saved successfully to stock_data_minute/ESS.csv.
2024-09-13 20:50:25,872 - INFO - Data for EQIX saved successfully to stock_data_minute/EQIX.csv.
2024-09-13 20:50:25,916 - INFO - Data for EQR saved successfully to stock_data_minute/EQR.csv.
2024-09-13 20:50:25,940 - INFO - Data for EG saved successfully to stock_data_minute/EG.csv.
2024-09-13 20:50:25,958 - INFO - Data for EL saved successfully to stock_data_minute/EL.csv.
2024-09-13 20:50:25,983 - INFO - Data for ETSY saved successfully to stock_data_minute/ETSY.csv.
2024-09-13 20:50:26,006 - INFO - Data for EXC saved successfully to stock_data_minute/EXC.csv.
2024-09-13 20:50:26,034 - INFO - Data for ES saved successfully to stock_data_minute/ES.csv.
2024-09-13 20:50:26,062 - INFO - Data for EVRG saved successfully to stock_data_minute/EVRG.csv.
2024-09-13 20:50:26,104 - INFO - Data for EXPE saved successfully to stock_data_minute/EXPE.csv.
2024-09-13 20:50:26,139 - INFO - Data for EXPD saved successfully to stock_data_minute/EXPD.csv.
2024-09-13 20:50:26,160 - INFO - Data for EXR saved successfully to stock_data_minute/EXR.csv.
2024-09-13 20:50:26,181 - INFO - Data for FDS saved successfully to stock_data_minute/FDS.csv.
2024-09-13 20:50:26,219 - INFO - Data for FFIV saved successfully to stock_data_minute/FFIV.csv.
2024-09-13 20:50:26,245 - INFO - Data for XOM saved successfully to stock_data_minute/XOM.csv.
2024-09-13 20:50:26,252 - INFO - Data for FICO saved successfully to stock_data_minute/FICO.csv.
2024-09-13 20:50:26,267 - INFO - Data for FRT saved successfully to stock_data_minute/FRT.csv.
2024-09-13 20:50:26,289 - INFO - Data for FDX saved successfully to stock_data_minute/FDX.csv.
2024-09-13 20:50:26,323 - INFO - Data for FAST saved successfully to stock_data_minute/FAST.csv.
2024-09-13 20:50:26,337 - INFO - Data for FIS saved successfully to stock_data_minute/FIS.csv.
2024-09-13 20:50:26,372 - INFO - Data for FITB saved successfully to stock_data_minute/FITB.csv.
2024-09-13 20:50:26,418 - INFO - Data for FMC saved successfully to stock_data_minute/FMC.csv.
2024-09-13 20:50:26,435 - INFO - Data for FSLR saved successfully to stock_data_minute/FSLR.csv.
2024-09-13 20:50:26,464 - INFO - Data for F saved successfully to stock_data_minute/F.csv.
2024-09-13 20:50:26,494 - INFO - Data for FI saved successfully to stock_data_minute/FI.csv.
2024-09-13 20:50:26,512 - INFO - Data for FTNT saved successfully to stock_data_minute/FTNT.csv.
2024-09-13 20:50:26,536 - INFO - Data for FE saved successfully to stock_data_minute/FE.csv.
2024-09-13 20:50:26,552 - INFO - Data for FTV saved successfully to stock_data_minute/FTV.csv.
2024-09-13 20:50:26,576 - INFO - Data for FOX saved successfully to stock_data_minute/FOX.csv.
2024-09-13 20:50:26,622 - INFO - Data for FOXA saved successfully to stock_data_minute/FOXA.csv.
2024-09-13 20:50:26,634 - INFO - Data for GRMN saved successfully to stock_data_minute/GRMN.csv.
2024-09-13 20:50:26,692 - INFO - Data for BEN saved successfully to stock_data_minute/BEN.csv.
2024-09-13 20:50:26,702 - INFO - Data for IT saved successfully to stock_data_minute/IT.csv.
2024-09-13 20:50:26,720 - INFO - Data for GE saved successfully to stock_data_minute/GE.csv.
2024-09-13 20:50:26,746 - INFO - Data for GEN saved successfully to stock_data_minute/GEN.csv.
2024-09-13 20:50:26,780 - INFO - Data for GEHC saved successfully to stock_data_minute/GEHC.csv.
2024-09-13 20:50:26,827 - INFO - Data for FCX saved successfully to stock_data_minute/FCX.csv.
2024-09-13 20:50:26,848 - INFO - Data for GEV saved successfully to stock_data_minute/GEV.csv.
2024-09-13 20:50:26,896 - INFO - Data for GD saved successfully to stock_data_minute/GD.csv.
2024-09-13 20:50:26,916 - INFO - Data for GNRC saved successfully to stock_data_minute/GNRC.csv.
2024-09-13 20:50:26,944 - INFO - Data for GIS saved successfully to stock_data_minute/GIS.csv.
2024-09-13 20:50:26,974 - INFO - Data for GILD saved successfully to stock_data_minute/GILD.csv.
2024-09-13 20:50:27,001 - INFO - Data for GPN saved successfully to stock_data_minute/GPN.csv.
2024-09-13 20:50:27,014 - INFO - Data for GPC saved successfully to stock_data_minute/GPC.csv.
2024-09-13 20:50:27,029 - INFO - Data for GM saved successfully to stock_data_minute/GM.csv.
2024-09-13 20:50:27,042 - INFO - Data for GL saved successfully to stock_data_minute/GL.csv.
2024-09-13 20:50:27,062 - INFO - Data for GDDY saved successfully to stock_data_minute/GDDY.csv.
2024-09-13 20:50:27,124 - INFO - Data for GS saved successfully to stock_data_minute/GS.csv.
2024-09-13 20:50:27,178 - INFO - Data for HIG saved successfully to stock_data_minute/HIG.csv.
2024-09-13 20:50:27,197 - INFO - Data for HAL saved successfully to stock_data_minute/HAL.csv.
2024-09-13 20:50:27,210 - INFO - Data for HAS saved successfully to stock_data_minute/HAS.csv.
2024-09-13 20:50:27,236 - INFO - Data for HCA saved successfully to stock_data_minute/HCA.csv.
2024-09-13 20:50:27,270 - INFO - Data for HSIC saved successfully to stock_data_minute/HSIC.csv.
2024-09-13 20:50:27,297 - INFO - Data for DOC saved successfully to stock_data_minute/DOC.csv.
2024-09-13 20:50:27,311 - INFO - Data for HSY saved successfully to stock_data_minute/HSY.csv.
2024-09-13 20:50:27,336 - INFO - Data for HES saved successfully to stock_data_minute/HES.csv.
2024-09-13 20:50:27,385 - INFO - Data for HPE saved successfully to stock_data_minute/HPE.csv.
2024-09-13 20:50:27,425 - INFO - Data for HRL saved successfully to stock_data_minute/HRL.csv.
2024-09-13 20:50:27,453 - INFO - Data for HD saved successfully to stock_data_minute/HD.csv.
2024-09-13 20:50:27,498 - INFO - Data for HON saved successfully to stock_data_minute/HON.csv.
2024-09-13 20:50:27,513 - INFO - Data for HST saved successfully to stock_data_minute/HST.csv.
2024-09-13 20:50:27,527 - INFO - Data for HLT saved successfully to stock_data_minute/HLT.csv.
2024-09-13 20:50:27,540 - INFO - Data for HOLX saved successfully to stock_data_minute/HOLX.csv.
2024-09-13 20:50:27,558 - INFO - Data for HWM saved successfully to stock_data_minute/HWM.csv.
2024-09-13 20:50:27,605 - INFO - Data for HPQ saved successfully to stock_data_minute/HPQ.csv.
2024-09-13 20:50:27,652 - INFO - Data for HUBB saved successfully to stock_data_minute/HUBB.csv.
2024-09-13 20:50:27,679 - INFO - Data for HII saved successfully to stock_data_minute/HII.csv.
2024-09-13 20:50:27,708 - INFO - Data for IEX saved successfully to stock_data_minute/IEX.csv.
2024-09-13 20:50:27,726 - INFO - Data for HBAN saved successfully to stock_data_minute/HBAN.csv.
2024-09-13 20:50:27,735 - INFO - Data for IDXX saved successfully to stock_data_minute/IDXX.csv.
2024-09-13 20:50:27,763 - INFO - Data for IBM saved successfully to stock_data_minute/IBM.csv.
2024-09-13 20:50:27,779 - INFO - Data for HUM saved successfully to stock_data_minute/HUM.csv.
2024-09-13 20:50:27,834 - INFO - Data for ITW saved successfully to stock_data_minute/ITW.csv.
2024-09-13 20:50:27,878 - INFO - Data for IR saved successfully to stock_data_minute/IR.csv.
2024-09-13 20:50:27,893 - INFO - Data for INCY saved successfully to stock_data_minute/INCY.csv.
2024-09-13 20:50:27,917 - INFO - Data for PODD saved successfully to stock_data_minute/PODD.csv.
2024-09-13 20:50:27,959 - INFO - Data for IFF saved successfully to stock_data_minute/IFF.csv.
2024-09-13 20:50:27,983 - INFO - Data for ICE saved successfully to stock_data_minute/ICE.csv.
2024-09-13 20:50:28,013 - INFO - Data for ISRG saved successfully to stock_data_minute/ISRG.csv.
2024-09-13 20:50:28,059 - INFO - Data for INTC saved successfully to stock_data_minute/INTC.csv.
2024-09-13 20:50:28,074 - INFO - Data for IP saved successfully to stock_data_minute/IP.csv.
2024-09-13 20:50:28,117 - INFO - Data for IPG saved successfully to stock_data_minute/IPG.csv.
2024-09-13 20:50:28,144 - INFO - Data for INTU saved successfully to stock_data_minute/INTU.csv.
2024-09-13 20:50:28,174 - INFO - Data for INVH saved successfully to stock_data_minute/INVH.csv.
2024-09-13 20:50:28,222 - INFO - Data for IVZ saved successfully to stock_data_minute/IVZ.csv.
2024-09-13 20:50:28,252 - INFO - Data for JKHY saved successfully to stock_data_minute/JKHY.csv.
2024-09-13 20:50:28,285 - INFO - Data for JBHT saved successfully to stock_data_minute/JBHT.csv.
2024-09-13 20:50:28,307 - INFO - Data for IQV saved successfully to stock_data_minute/IQV.csv.
2024-09-13 20:50:28,336 - INFO - Data for IRM saved successfully to stock_data_minute/IRM.csv.
2024-09-13 20:50:28,367 - INFO - Data for JNJ saved successfully to stock_data_minute/JNJ.csv.
2024-09-13 20:50:28,404 - INFO - Data for J saved successfully to stock_data_minute/J.csv.
2024-09-13 20:50:28,419 - INFO - Data for JBL saved successfully to stock_data_minute/JBL.csv.
2024-09-13 20:50:28,468 - INFO - Data for JPM saved successfully to stock_data_minute/JPM.csv.
2024-09-13 20:50:28,519 - INFO - Data for K saved successfully to stock_data_minute/K.csv.
2024-09-13 20:50:28,544 - INFO - Data for JCI saved successfully to stock_data_minute/JCI.csv.
2024-09-13 20:50:28,564 - INFO - Data for JNPR saved successfully to stock_data_minute/JNPR.csv.
2024-09-13 20:50:28,589 - INFO - Data for KVUE saved successfully to stock_data_minute/KVUE.csv.
2024-09-13 20:50:28,629 - INFO - Data for KEYS saved successfully to stock_data_minute/KEYS.csv.
2024-09-13 20:50:28,662 - INFO - Data for KEY saved successfully to stock_data_minute/KEY.csv.
2024-09-13 20:50:28,707 - INFO - Data for KMB saved successfully to stock_data_minute/KMB.csv.
2024-09-13 20:50:28,748 - INFO - Data for KKR saved successfully to stock_data_minute/KKR.csv.
2024-09-13 20:50:28,788 - INFO - Data for KMI saved successfully to stock_data_minute/KMI.csv.
2024-09-13 20:50:28,832 - INFO - Data for KDP saved successfully to stock_data_minute/KDP.csv.
2024-09-13 20:50:28,849 - INFO - Data for KIM saved successfully to stock_data_minute/KIM.csv.
2024-09-13 20:50:28,864 - INFO - Data for KR saved successfully to stock_data_minute/KR.csv.
2024-09-13 20:50:28,890 - INFO - Data for KLAC saved successfully to stock_data_minute/KLAC.csv.
2024-09-13 20:50:28,912 - INFO - Data for LHX saved successfully to stock_data_minute/LHX.csv.
2024-09-13 20:50:28,950 - INFO - Data for KHC saved successfully to stock_data_minute/KHC.csv.
2024-09-13 20:50:28,988 - INFO - Data for LH saved successfully to stock_data_minute/LH.csv.
2024-09-13 20:50:29,043 - INFO - Data for LVS saved successfully to stock_data_minute/LVS.csv.
2024-09-13 20:50:29,070 - INFO - Data for LW saved successfully to stock_data_minute/LW.csv.
2024-09-13 20:50:29,093 - INFO - Data for LRCX saved successfully to stock_data_minute/LRCX.csv.
2024-09-13 20:50:29,113 - INFO - Data for LEN saved successfully to stock_data_minute/LEN.csv.
2024-09-13 20:50:29,126 - INFO - Data for LDOS saved successfully to stock_data_minute/LDOS.csv.
2024-09-13 20:50:29,146 - INFO - Data for LIN saved successfully to stock_data_minute/LIN.csv.
2024-09-13 20:50:29,186 - INFO - Data for LLY saved successfully to stock_data_minute/LLY.csv.
2024-09-13 20:50:29,223 - INFO - Data for LKQ saved successfully to stock_data_minute/LKQ.csv.
2024-09-13 20:50:29,238 - INFO - Data for LYV saved successfully to stock_data_minute/LYV.csv.
2024-09-13 20:50:29,263 - INFO - Data for LMT saved successfully to stock_data_minute/LMT.csv.
2024-09-13 20:50:29,291 - INFO - Data for L saved successfully to stock_data_minute/L.csv.
2024-09-13 20:50:29,332 - INFO - Data for LOW saved successfully to stock_data_minute/LOW.csv.
2024-09-13 20:50:29,373 - INFO - Data for LYB saved successfully to stock_data_minute/LYB.csv.
2024-09-13 20:50:29,408 - INFO - Data for MTB saved successfully to stock_data_minute/MTB.csv.
2024-09-13 20:50:29,450 - INFO - Data for LULU saved successfully to stock_data_minute/LULU.csv.
2024-09-13 20:50:29,465 - INFO - Data for MKTX saved successfully to stock_data_minute/MKTX.csv.
2024-09-13 20:50:29,488 - INFO - Data for MRO saved successfully to stock_data_minute/MRO.csv.
2024-09-13 20:50:29,538 - INFO - Data for MAR saved successfully to stock_data_minute/MAR.csv.
2024-09-13 20:50:29,567 - INFO - Data for MPC saved successfully to stock_data_minute/MPC.csv.
2024-09-13 20:50:29,604 - INFO - Data for MMC saved successfully to stock_data_minute/MMC.csv.
2024-09-13 20:50:29,629 - INFO - Data for MLM saved successfully to stock_data_minute/MLM.csv.
2024-09-13 20:50:29,663 - INFO - Data for MTCH saved successfully to stock_data_minute/MTCH.csv.
2024-09-13 20:50:29,701 - INFO - Data for MA saved successfully to stock_data_minute/MA.csv.
2024-09-13 20:50:29,735 - INFO - Data for MAS saved successfully to stock_data_minute/MAS.csv.
2024-09-13 20:50:29,751 - INFO - Data for MCK saved successfully to stock_data_minute/MCK.csv.
2024-09-13 20:50:29,771 - INFO - Data for MKC saved successfully to stock_data_minute/MKC.csv.
2024-09-13 20:50:29,834 - INFO - Data for MCD saved successfully to stock_data_minute/MCD.csv.
2024-09-13 20:50:29,895 - INFO - Data for MDT saved successfully to stock_data_minute/MDT.csv.
2024-09-13 20:50:29,910 - INFO - Data for MRK saved successfully to stock_data_minute/MRK.csv.
2024-09-13 20:50:29,926 - INFO - Data for META saved successfully to stock_data_minute/META.csv.
2024-09-13 20:50:29,929 - INFO - Data for MTD saved successfully to stock_data_minute/MTD.csv.
2024-09-13 20:50:29,943 - INFO - Data for MCHP saved successfully to stock_data_minute/MCHP.csv.
2024-09-13 20:50:29,958 - INFO - Data for MU saved successfully to stock_data_minute/MU.csv.
2024-09-13 20:50:29,982 - INFO - Data for MAA saved successfully to stock_data_minute/MAA.csv.
2024-09-13 20:50:30,014 - INFO - Data for MSFT saved successfully to stock_data_minute/MSFT.csv.
2024-09-13 20:50:30,029 - INFO - Data for MGM saved successfully to stock_data_minute/MGM.csv.
2024-09-13 20:50:30,044 - INFO - Data for MRNA saved successfully to stock_data_minute/MRNA.csv.
2024-09-13 20:50:30,057 - INFO - Data for MHK saved successfully to stock_data_minute/MHK.csv.
2024-09-13 20:50:30,100 - INFO - Data for TAP saved successfully to stock_data_minute/TAP.csv.
2024-09-13 20:50:30,116 - INFO - Data for MOH saved successfully to stock_data_minute/MOH.csv.
2024-09-13 20:50:30,180 - INFO - Data for MET saved successfully to stock_data_minute/MET.csv.
2024-09-13 20:50:30,226 - INFO - Data for MPWR saved successfully to stock_data_minute/MPWR.csv.
2024-09-13 20:50:30,255 - INFO - Data for MDLZ saved successfully to stock_data_minute/MDLZ.csv.
2024-09-13 20:50:30,277 - INFO - Data for MCO saved successfully to stock_data_minute/MCO.csv.
2024-09-13 20:50:30,294 - INFO - Data for MNST saved successfully to stock_data_minute/MNST.csv.
2024-09-13 20:50:30,309 - INFO - Data for MOS saved successfully to stock_data_minute/MOS.csv.
2024-09-13 20:50:30,320 - INFO - Data for MSI saved successfully to stock_data_minute/MSI.csv.
2024-09-13 20:50:30,329 - INFO - Data for MSCI saved successfully to stock_data_minute/MSCI.csv.
2024-09-13 20:50:30,358 - INFO - Data for MS saved successfully to stock_data_minute/MS.csv.
2024-09-13 20:50:30,400 - INFO - Data for NDAQ saved successfully to stock_data_minute/NDAQ.csv.
2024-09-13 20:50:30,456 - INFO - Data for NTAP saved successfully to stock_data_minute/NTAP.csv.
2024-09-13 20:50:30,485 - INFO - Data for NEM saved successfully to stock_data_minute/NEM.csv.
2024-09-13 20:50:30,499 - INFO - Data for NWSA saved successfully to stock_data_minute/NWSA.csv.
2024-09-13 20:50:30,513 - INFO - Data for NFLX saved successfully to stock_data_minute/NFLX.csv.
2024-09-13 20:50:30,517 - INFO - Data for NDSN saved successfully to stock_data_minute/NDSN.csv.
2024-09-13 20:50:30,569 - INFO - Data for NI saved successfully to stock_data_minute/NI.csv.
2024-09-13 20:50:30,600 - INFO - Data for NEE saved successfully to stock_data_minute/NEE.csv.
2024-09-13 20:50:30,646 - INFO - Data for NKE saved successfully to stock_data_minute/NKE.csv.
2024-09-13 20:50:30,688 - INFO - Data for NSC saved successfully to stock_data_minute/NSC.csv.
2024-09-13 20:50:30,715 - INFO - Data for NWS saved successfully to stock_data_minute/NWS.csv.
2024-09-13 20:50:30,760 - INFO - Data for NOC saved successfully to stock_data_minute/NOC.csv.
2024-09-13 20:50:30,781 - INFO - Data for NCLH saved successfully to stock_data_minute/NCLH.csv.
2024-09-13 20:50:30,795 - INFO - Data for NXPI saved successfully to stock_data_minute/NXPI.csv.
2024-09-13 20:50:30,824 - INFO - Data for NRG saved successfully to stock_data_minute/NRG.csv.
2024-09-13 20:50:30,832 - INFO - Data for ORLY saved successfully to stock_data_minute/ORLY.csv.
2024-09-13 20:50:30,858 - INFO - Data for NUE saved successfully to stock_data_minute/NUE.csv.
2024-09-13 20:50:30,886 - INFO - Data for NTRS saved successfully to stock_data_minute/NTRS.csv.
2024-09-13 20:50:30,894 - INFO - Data for NVR saved successfully to stock_data_minute/NVR.csv.
2024-09-13 20:50:30,922 - INFO - Data for NVDA saved successfully to stock_data_minute/NVDA.csv.
2024-09-13 20:50:30,970 - INFO - Data for OXY saved successfully to stock_data_minute/OXY.csv.
2024-09-13 20:50:31,025 - INFO - Data for ODFL saved successfully to stock_data_minute/ODFL.csv.
2024-09-13 20:50:31,067 - INFO - Data for OMC saved successfully to stock_data_minute/OMC.csv.
2024-09-13 20:50:31,082 - INFO - Data for OKE saved successfully to stock_data_minute/OKE.csv.
2024-09-13 20:50:31,109 - INFO - Data for ORCL saved successfully to stock_data_minute/ORCL.csv.
2024-09-13 20:50:31,125 - INFO - Data for ON saved successfully to stock_data_minute/ON.csv.
2024-09-13 20:50:31,135 - INFO - Data for PKG saved successfully to stock_data_minute/PKG.csv.
2024-09-13 20:50:31,179 - INFO - Data for PARA saved successfully to stock_data_minute/PARA.csv.
2024-09-13 20:50:31,253 - INFO - Data for OTIS saved successfully to stock_data_minute/OTIS.csv.
2024-09-13 20:50:31,279 - INFO - Data for PCAR saved successfully to stock_data_minute/PCAR.csv.
2024-09-13 20:50:31,294 - INFO - Data for PANW saved successfully to stock_data_minute/PANW.csv.
2024-09-13 20:50:31,305 - INFO - Data for PH saved successfully to stock_data_minute/PH.csv.
2024-09-13 20:50:31,318 - INFO - Data for PAYX saved successfully to stock_data_minute/PAYX.csv.
2024-09-13 20:50:31,330 - INFO - Data for PAYC saved successfully to stock_data_minute/PAYC.csv.
2024-09-13 20:50:31,365 - INFO - Data for PNR saved successfully to stock_data_minute/PNR.csv.
2024-09-13 20:50:31,452 - INFO - Data for PYPL saved successfully to stock_data_minute/PYPL.csv.
2024-09-13 20:50:31,475 - INFO - Data for PEP saved successfully to stock_data_minute/PEP.csv.
2024-09-13 20:50:31,490 - INFO - Data for PFE saved successfully to stock_data_minute/PFE.csv.
2024-09-13 20:50:31,504 - INFO - Data for PM saved successfully to stock_data_minute/PM.csv.
2024-09-13 20:50:31,534 - INFO - Data for PCG saved successfully to stock_data_minute/PCG.csv.
2024-09-13 20:50:31,558 - INFO - Data for PNW saved successfully to stock_data_minute/PNW.csv.
2024-09-13 20:50:31,577 - INFO - Data for PSX saved successfully to stock_data_minute/PSX.csv.
2024-09-13 20:50:31,592 - INFO - Data for PPL saved successfully to stock_data_minute/PPL.csv.
2024-09-13 20:50:31,639 - INFO - Data for PNC saved successfully to stock_data_minute/PNC.csv.
2024-09-13 20:50:31,661 - INFO - Data for POOL saved successfully to stock_data_minute/POOL.csv.
2024-09-13 20:50:31,734 - INFO - Data for PLD saved successfully to stock_data_minute/PLD.csv.
2024-09-13 20:50:31,757 - INFO - Data for PPG saved successfully to stock_data_minute/PPG.csv.
2024-09-13 20:50:31,771 - INFO - Data for PRU saved successfully to stock_data_minute/PRU.csv.
2024-09-13 20:50:31,801 - INFO - Data for PGR saved successfully to stock_data_minute/PGR.csv.
2024-09-13 20:50:31,814 - INFO - Data for PFG saved successfully to stock_data_minute/PFG.csv.
2024-09-13 20:50:31,829 - INFO - Data for PG saved successfully to stock_data_minute/PG.csv.
2024-09-13 20:50:31,859 - INFO - Data for PEG saved successfully to stock_data_minute/PEG.csv.
2024-09-13 20:50:31,882 - INFO - Data for PTC saved successfully to stock_data_minute/PTC.csv.
2024-09-13 20:50:31,928 - INFO - Data for PHM saved successfully to stock_data_minute/PHM.csv.
2024-09-13 20:50:31,965 - INFO - Data for PWR saved successfully to stock_data_minute/PWR.csv.
2024-09-13 20:50:31,994 - INFO - Data for QRVO saved successfully to stock_data_minute/QRVO.csv.
2024-09-13 20:50:32,025 - INFO - Data for PSA saved successfully to stock_data_minute/PSA.csv.
2024-09-13 20:50:32,046 - INFO - Data for RJF saved successfully to stock_data_minute/RJF.csv.
2024-09-13 20:50:32,059 - INFO - Data for RL saved successfully to stock_data_minute/RL.csv.
2024-09-13 20:50:32,071 - INFO - Data for DGX saved successfully to stock_data_minute/DGX.csv.
2024-09-13 20:50:32,086 - INFO - Data for QCOM saved successfully to stock_data_minute/QCOM.csv.
2024-09-13 20:50:32,112 - INFO - Data for REG saved successfully to stock_data_minute/REG.csv.
2024-09-13 20:50:32,170 - INFO - Data for O saved successfully to stock_data_minute/O.csv.
2024-09-13 20:50:32,212 - INFO - Data for RF saved successfully to stock_data_minute/RF.csv.
2024-09-13 20:50:32,252 - INFO - Data for RTX saved successfully to stock_data_minute/RTX.csv.
2024-09-13 20:50:32,268 - INFO - Data for RSG saved successfully to stock_data_minute/RSG.csv.
2024-09-13 20:50:32,277 - INFO - Data for REGN saved successfully to stock_data_minute/REGN.csv.
2024-09-13 20:50:32,289 - INFO - Data for RMD saved successfully to stock_data_minute/RMD.csv.
2024-09-13 20:50:32,300 - INFO - Data for RVTY saved successfully to stock_data_minute/RVTY.csv.
2024-09-13 20:50:32,313 - INFO - Data for ROK saved successfully to stock_data_minute/ROK.csv.
2024-09-13 20:50:32,320 - INFO - Data for ROP saved successfully to stock_data_minute/ROP.csv.
2024-09-13 20:50:32,374 - INFO - Data for ROL saved successfully to stock_data_minute/ROL.csv.
2024-09-13 20:50:32,430 - INFO - Data for RCL saved successfully to stock_data_minute/RCL.csv.
2024-09-13 20:50:32,461 - INFO - Data for ROST saved successfully to stock_data_minute/ROST.csv.
2024-09-13 20:50:32,477 - INFO - Data for CRM saved successfully to stock_data_minute/CRM.csv.
2024-09-13 20:50:32,489 - INFO - Data for SPGI saved successfully to stock_data_minute/SPGI.csv.
2024-09-13 20:50:32,516 - INFO - Data for SLB saved successfully to stock_data_minute/SLB.csv.
2024-09-13 20:50:32,531 - INFO - Data for SBAC saved successfully to stock_data_minute/SBAC.csv.
2024-09-13 20:50:32,563 - INFO - Data for STX saved successfully to stock_data_minute/STX.csv.
2024-09-13 20:50:32,619 - INFO - Data for SPG saved successfully to stock_data_minute/SPG.csv.
2024-09-13 20:50:32,643 - INFO - Data for SWKS saved successfully to stock_data_minute/SWKS.csv.
2024-09-13 20:50:32,677 - INFO - Data for SRE saved successfully to stock_data_minute/SRE.csv.
2024-09-13 20:50:32,698 - INFO - Data for SJM saved successfully to stock_data_minute/SJM.csv.
2024-09-13 20:50:32,713 - INFO - Data for SHW saved successfully to stock_data_minute/SHW.csv.
2024-09-13 20:50:32,758 - INFO - Data for NOW saved successfully to stock_data_minute/NOW.csv.
2024-09-13 20:50:32,794 - INFO - Data for SNA saved successfully to stock_data_minute/SNA.csv.
2024-09-13 20:50:32,838 - INFO - Data for SW saved successfully to stock_data_minute/SW.csv.
2024-09-13 20:50:32,879 - INFO - Data for SOLV saved successfully to stock_data_minute/SOLV.csv.
2024-09-13 20:50:32,896 - INFO - Data for SWK saved successfully to stock_data_minute/SWK.csv.
2024-09-13 20:50:32,921 - INFO - Data for STT saved successfully to stock_data_minute/STT.csv.
2024-09-13 20:50:32,949 - INFO - Data for LUV saved successfully to stock_data_minute/LUV.csv.
2024-09-13 20:50:32,966 - INFO - Data for SO saved successfully to stock_data_minute/SO.csv.
2024-09-13 20:50:32,996 - INFO - Data for SBUX saved successfully to stock_data_minute/SBUX.csv.
2024-09-13 20:50:33,024 - INFO - Data for SYK saved successfully to stock_data_minute/SYK.csv.
2024-09-13 20:50:33,054 - INFO - Data for STE saved successfully to stock_data_minute/STE.csv.
2024-09-13 20:50:33,112 - INFO - Data for STLD saved successfully to stock_data_minute/STLD.csv.
2024-09-13 20:50:33,135 - INFO - Data for SYF saved successfully to stock_data_minute/SYF.csv.
2024-09-13 20:50:33,150 - INFO - Data for SMCI saved successfully to stock_data_minute/SMCI.csv.
2024-09-13 20:50:33,197 - INFO - Data for SYY saved successfully to stock_data_minute/SYY.csv.
2024-09-13 20:50:33,221 - INFO - Data for TMUS saved successfully to stock_data_minute/TMUS.csv.
2024-09-13 20:50:33,235 - INFO - Data for TROW saved successfully to stock_data_minute/TROW.csv.
2024-09-13 20:50:33,268 - INFO - Data for SNPS saved successfully to stock_data_minute/SNPS.csv.
2024-09-13 20:50:33,291 - INFO - Data for TPR saved successfully to stock_data_minute/TPR.csv.
2024-09-13 20:50:33,304 - INFO - Data for TTWO saved successfully to stock_data_minute/TTWO.csv.
2024-09-13 20:50:33,330 - INFO - Data for TDY saved successfully to stock_data_minute/TDY.csv.
2024-09-13 20:50:33,387 - INFO - Data for TGT saved successfully to stock_data_minute/TGT.csv.
2024-09-13 20:50:33,423 - INFO - Data for TER saved successfully to stock_data_minute/TER.csv.
2024-09-13 20:50:33,450 - INFO - Data for TEL saved successfully to stock_data_minute/TEL.csv.
2024-09-13 20:50:33,465 - INFO - Data for TRGP saved successfully to stock_data_minute/TRGP.csv.
2024-09-13 20:50:33,483 - INFO - Data for TSLA saved successfully to stock_data_minute/TSLA.csv.
2024-09-13 20:50:33,510 - INFO - Data for TXN saved successfully to stock_data_minute/TXN.csv.
2024-09-13 20:50:33,529 - INFO - Data for TFX saved successfully to stock_data_minute/TFX.csv.
2024-09-13 20:50:33,558 - INFO - Data for TXT saved successfully to stock_data_minute/TXT.csv.
2024-09-13 20:50:33,621 - INFO - Data for TJX saved successfully to stock_data_minute/TJX.csv.
2024-09-13 20:50:33,669 - INFO - Data for TSCO saved successfully to stock_data_minute/TSCO.csv.
2024-09-13 20:50:33,682 - INFO - Data for TT saved successfully to stock_data_minute/TT.csv.
2024-09-13 20:50:33,708 - INFO - Data for TMO saved successfully to stock_data_minute/TMO.csv.
2024-09-13 20:50:33,715 - INFO - Data for TDG saved successfully to stock_data_minute/TDG.csv.
2024-09-13 20:50:33,730 - INFO - Data for TRV saved successfully to stock_data_minute/TRV.csv.
2024-09-13 20:50:33,735 - INFO - Data for TYL saved successfully to stock_data_minute/TYL.csv.
2024-09-13 20:50:33,750 - INFO - Data for TFC saved successfully to stock_data_minute/TFC.csv.
2024-09-13 20:50:33,763 - INFO - Data for TRMB saved successfully to stock_data_minute/TRMB.csv.
2024-09-13 20:50:33,778 - INFO - Data for USB saved successfully to stock_data_minute/USB.csv.
2024-09-13 20:50:33,819 - INFO - Data for UDR saved successfully to stock_data_minute/UDR.csv.
2024-09-13 20:50:33,872 - INFO - Data for UBER saved successfully to stock_data_minute/UBER.csv.
2024-09-13 20:50:33,906 - INFO - Data for UNP saved successfully to stock_data_minute/UNP.csv.
2024-09-13 20:50:33,931 - INFO - Data for ULTA saved successfully to stock_data_minute/ULTA.csv.
2024-09-13 20:50:33,967 - INFO - Data for TSN saved successfully to stock_data_minute/TSN.csv.
2024-09-13 20:50:34,004 - INFO - Data for UAL saved successfully to stock_data_minute/UAL.csv.
2024-09-13 20:50:34,020 - INFO - Data for UPS saved successfully to stock_data_minute/UPS.csv.
2024-09-13 20:50:34,038 - INFO - Data for URI saved successfully to stock_data_minute/URI.csv.
2024-09-13 20:50:34,068 - INFO - Data for UHS saved successfully to stock_data_minute/UHS.csv.
2024-09-13 20:50:34,096 - INFO - Data for VLO saved successfully to stock_data_minute/VLO.csv.
2024-09-13 20:50:34,111 - INFO - Data for UNH saved successfully to stock_data_minute/UNH.csv.
2024-09-13 20:50:34,150 - INFO - Data for VTR saved successfully to stock_data_minute/VTR.csv.
2024-09-13 20:50:34,196 - INFO - Data for VLTO saved successfully to stock_data_minute/VLTO.csv.
2024-09-13 20:50:34,227 - INFO - Data for VRSK saved successfully to stock_data_minute/VRSK.csv.
2024-09-13 20:50:34,242 - INFO - Data for VZ saved successfully to stock_data_minute/VZ.csv.
2024-09-13 20:50:34,251 - INFO - Data for VRSN saved successfully to stock_data_minute/VRSN.csv.
2024-09-13 20:50:34,266 - INFO - Data for VTRS saved successfully to stock_data_minute/VTRS.csv.
2024-09-13 20:50:34,281 - INFO - Data for VICI saved successfully to stock_data_minute/VICI.csv.
2024-09-13 20:50:34,296 - INFO - Data for V saved successfully to stock_data_minute/V.csv.
2024-09-13 20:50:34,307 - INFO - Data for VRTX saved successfully to stock_data_minute/VRTX.csv.
2024-09-13 20:50:34,320 - INFO - Data for VMC saved successfully to stock_data_minute/VMC.csv.
2024-09-13 20:50:34,332 - INFO - Data for WAB saved successfully to stock_data_minute/WAB.csv.
2024-09-13 20:50:34,345 - INFO - Data for WRB saved successfully to stock_data_minute/WRB.csv.
2024-09-13 20:50:34,359 - INFO - Data for VST saved successfully to stock_data_minute/VST.csv.
2024-09-13 20:50:34,365 - INFO - Data for GWW saved successfully to stock_data_minute/GWW.csv.
2024-09-13 20:50:34,380 - INFO - Data for WBA saved successfully to stock_data_minute/WBA.csv.
2024-09-13 20:50:34,395 - INFO - Data for WMT saved successfully to stock_data_minute/WMT.csv.
2024-09-13 20:50:34,408 - INFO - Data for WM saved successfully to stock_data_minute/WM.csv.
2024-09-13 20:50:34,422 - INFO - Data for DIS saved successfully to stock_data_minute/DIS.csv.
2024-09-13 20:50:34,430 - INFO - Data for WAT saved successfully to stock_data_minute/WAT.csv.
2024-09-13 20:50:34,444 - INFO - Data for WBD saved successfully to stock_data_minute/WBD.csv.
2024-09-13 20:50:34,453 - INFO - Data for WST saved successfully to stock_data_minute/WST.csv.
2024-09-13 20:50:34,467 - INFO - Data for WELL saved successfully to stock_data_minute/WELL.csv.
2024-09-13 20:50:34,482 - INFO - Data for WFC saved successfully to stock_data_minute/WFC.csv.
2024-09-13 20:50:34,497 - INFO - Data for WEC saved successfully to stock_data_minute/WEC.csv.
2024-09-13 20:50:34,511 - INFO - Data for WDC saved successfully to stock_data_minute/WDC.csv.
2024-09-13 20:50:34,526 - INFO - Data for WY saved successfully to stock_data_minute/WY.csv.
2024-09-13 20:50:34,539 - INFO - Data for WYNN saved successfully to stock_data_minute/WYNN.csv.
2024-09-13 20:50:34,547 - INFO - Data for WTW saved successfully to stock_data_minute/WTW.csv.
2024-09-13 20:50:34,562 - INFO - Data for XEL saved successfully to stock_data_minute/XEL.csv.
2024-09-13 20:50:34,576 - INFO - Data for WMB saved successfully to stock_data_minute/WMB.csv.
2024-09-13 20:50:34,590 - INFO - Data for XYL saved successfully to stock_data_minute/XYL.csv.
2024-09-13 20:50:34,604 - INFO - Data for ZBH saved successfully to stock_data_minute/ZBH.csv.
2024-09-13 20:50:34,611 - INFO - Data for ZBRA saved successfully to stock_data_minute/ZBRA.csv.
2024-09-13 20:50:34,625 - INFO - Data for YUM saved successfully to stock_data_minute/YUM.csv.
2024-09-13 20:50:34,639 - INFO - Data for ZTS saved successfully to stock_data_minute/ZTS.csv.
2024-09-13 20:50:34,649 - INFO - Completed download of S&P 500 stock minute-level data.
2024-09-13 20:50:34,650 - INFO - Starting download of ETF minute-level data.
2024-09-13 20:50:34,650 - INFO - Created directory etf_data_minute for saving data.
2024-09-13 20:50:34,862 - INFO - Data for XLB saved successfully to etf_data_minute/XLB.csv.
2024-09-13 20:50:34,963 - INFO - Data for XLV saved successfully to etf_data_minute/XLV.csv.
2024-09-13 20:50:34,986 - INFO - Data for XLP saved successfully to etf_data_minute/XLP.csv.
2024-09-13 20:50:35,001 - INFO - Data for XLE saved successfully to etf_data_minute/XLE.csv.
2024-09-13 20:50:35,030 - INFO - Data for XLY saved successfully to etf_data_minute/XLY.csv.
2024-09-13 20:50:35,044 - INFO - Data for XLK saved successfully to etf_data_minute/XLK.csv.
2024-09-13 20:50:35,059 - INFO - Data for XLI saved successfully to etf_data_minute/XLI.csv.
2024-09-13 20:50:35,075 - INFO - Data for XLF saved successfully to etf_data_minute/XLF.csv.
2024-09-13 20:50:35,094 - INFO - Data for XLRE saved successfully to etf_data_minute/XLRE.csv.
2024-09-13 20:50:35,151 - INFO - Data for SIZE saved successfully to etf_data_minute/SIZE.csv.
2024-09-13 20:50:35,212 - INFO - Data for XLC saved successfully to etf_data_minute/XLC.csv.
2024-09-13 20:50:35,235 - INFO - Data for MTUM saved successfully to etf_data_minute/MTUM.csv.
2024-09-13 20:50:35,250 - INFO - Data for QUAL saved successfully to etf_data_minute/QUAL.csv.
2024-09-13 20:50:35,264 - INFO - Data for USMV saved successfully to etf_data_minute/USMV.csv.
2024-09-13 20:50:35,272 - INFO - Data for VLUE saved successfully to etf_data_minute/VLUE.csv.
2024-09-13 20:50:35,300 - INFO - Data for XLU saved successfully to etf_data_minute/XLU.csv.
2024-09-13 20:50:35,348 - INFO - Data for GLD saved successfully to etf_data_minute/GLD.csv.
2024-09-13 20:50:35,382 - INFO - Data for SLV saved successfully to etf_data_minute/SLV.csv.
2024-09-13 20:50:35,423 - INFO - Data for EEM saved successfully to etf_data_minute/EEM.csv.
2024-09-13 20:50:35,451 - INFO - Data for USO saved successfully to etf_data_minute/USO.csv.
2024-09-13 20:50:35,465 - INFO - Data for HYG saved successfully to etf_data_minute/HYG.csv.
2024-09-13 20:50:35,480 - INFO - Data for TLT saved successfully to etf_data_minute/TLT.csv.
2024-09-13 20:50:35,496 - INFO - Data for EFA saved successfully to etf_data_minute/EFA.csv.
2024-09-13 20:50:35,510 - INFO - Data for FXI saved successfully to etf_data_minute/FXI.csv.
2024-09-13 20:50:35,525 - INFO - Data for LQD saved successfully to etf_data_minute/LQD.csv.
2024-09-13 20:50:35,526 - INFO - Completed download of ETF minute-level data.
2024-09-13 20:50:35,526 - INFO - Data acquisition for Step 1 completed successfully.
