2024-09-20 22:36:31,766 - INFO - Starting data preprocessing.
2024-09-20 22:36:31,767 - INFO - Found 503 stocks files to process.
2024-09-20 22:36:31,854 - INFO - Loaded data from raw_data/stock_data_2min/CSCO.csv with shape (5654, 7).
2024-09-20 22:36:31,913 - INFO - Loaded data from raw_data/stock_data_2min/UAL.csv with shape (5654, 7).
2024-09-20 22:36:31,968 - INFO - Loaded data from raw_data/stock_data_2min/TROW.csv with shape (5462, 7).
2024-09-20 22:36:32,021 - INFO - Loaded data from raw_data/stock_data_2min/ISRG.csv with shape (5421, 7).
2024-09-20 22:36:32,053 - INFO - Loaded data from raw_data/stock_data_2min/NVR.csv with shape (3214, 7).
2024-09-20 22:36:32,106 - INFO - Loaded data from raw_data/stock_data_2min/TPR.csv with shape (5647, 7).
2024-09-20 22:36:32,162 - INFO - Loaded data from raw_data/stock_data_2min/DVN.csv with shape (5652, 7).
2024-09-20 22:36:32,215 - INFO - Loaded data from raw_data/stock_data_2min/CE.csv with shape (5380, 7).
2024-09-20 22:36:32,268 - INFO - Loaded data from raw_data/stock_data_2min/MRO.csv with shape (5653, 7).
2024-09-20 22:36:32,325 - INFO - Loaded data from raw_data/stock_data_2min/BA.csv with shape (5653, 7).
2024-09-20 22:36:32,380 - INFO - Loaded data from raw_data/stock_data_2min/VRTX.csv with shape (5355, 7).
2024-09-20 22:36:32,435 - INFO - Loaded data from raw_data/stock_data_2min/GILD.csv with shape (5655, 7).
2024-09-20 22:36:32,476 - INFO - Loaded data from raw_data/stock_data_2min/EQIX.csv with shape (3981, 7).
2024-09-20 22:36:32,530 - INFO - Loaded data from raw_data/stock_data_2min/TER.csv with shape (5522, 7).
2024-09-20 22:36:32,581 - INFO - Loaded data from raw_data/stock_data_2min/PODD.csv with shape (4996, 7).
2024-09-20 22:36:32,764 - INFO - Loaded data from raw_data/stock_data_2min/MDT.csv with shape (5652, 7).
2024-09-20 22:36:32,900 - INFO - Loaded data from raw_data/stock_data_2min/V.csv with shape (5652, 7).
2024-09-20 22:36:33,057 - INFO - Loaded data from raw_data/stock_data_2min/QRVO.csv with shape (5390, 7).
2024-09-20 22:36:33,118 - INFO - Loaded data from raw_data/stock_data_2min/A.csv with shape (5565, 7).
2024-09-20 22:36:33,172 - INFO - Loaded data from raw_data/stock_data_2min/FOX.csv with shape (5382, 7).
2024-09-20 22:36:33,227 - INFO - Loaded data from raw_data/stock_data_2min/MO.csv with shape (5654, 7).
2024-09-20 22:36:33,282 - INFO - Loaded data from raw_data/stock_data_2min/CTRA.csv with shape (5648, 7).
2024-09-20 22:36:33,337 - INFO - Loaded data from raw_data/stock_data_2min/SWKS.csv with shape (5588, 7).
2024-09-20 22:36:33,393 - INFO - Loaded data from raw_data/stock_data_2min/ENPH.csv with shape (5628, 7).
2024-09-20 22:36:33,447 - INFO - Loaded data from raw_data/stock_data_2min/MCHP.csv with shape (5654, 7).
2024-09-20 22:36:33,501 - INFO - Loaded data from raw_data/stock_data_2min/CDNS.csv with shape (5615, 7).
2024-09-20 22:36:33,544 - INFO - Loaded data from raw_data/stock_data_2min/MSCI.csv with shape (4567, 7).
2024-09-20 22:36:33,593 - INFO - Loaded data from raw_data/stock_data_2min/CHTR.csv with shape (5230, 7).
2024-09-20 22:36:33,646 - INFO - Loaded data from raw_data/stock_data_2min/EIX.csv with shape (5635, 7).
2024-09-20 22:36:33,701 - INFO - Loaded data from raw_data/stock_data_2min/KDP.csv with shape (5654, 7).
2024-09-20 22:36:33,754 - INFO - Loaded data from raw_data/stock_data_2min/BBY.csv with shape (5651, 7).
2024-09-20 22:36:33,810 - INFO - Loaded data from raw_data/stock_data_2min/GEN.csv with shape (5633, 7).
2024-09-20 22:36:33,872 - INFO - Loaded data from raw_data/stock_data_2min/WBA.csv with shape (5655, 7).
2024-09-20 22:36:33,926 - INFO - Loaded data from raw_data/stock_data_2min/LVS.csv with shape (5655, 7).
2024-09-20 22:36:33,979 - INFO - Loaded data from raw_data/stock_data_2min/HCA.csv with shape (5404, 7).
2024-09-20 22:36:34,026 - INFO - Loaded data from raw_data/stock_data_2min/AJG.csv with shape (4996, 7).
2024-09-20 22:36:34,077 - INFO - Loaded data from raw_data/stock_data_2min/DTE.csv with shape (5418, 7).
2024-09-20 22:36:34,129 - INFO - Loaded data from raw_data/stock_data_2min/C.csv with shape (5651, 7).
2024-09-20 22:36:34,182 - INFO - Loaded data from raw_data/stock_data_2min/T.csv with shape (5651, 7).
2024-09-20 22:36:34,237 - INFO - Loaded data from raw_data/stock_data_2min/CF.csv with shape (5631, 7).
2024-09-20 22:36:34,289 - INFO - Loaded data from raw_data/stock_data_2min/MGM.csv with shape (5653, 7).
2024-09-20 22:36:34,341 - INFO - Loaded data from raw_data/stock_data_2min/HUM.csv with shape (5393, 7).
2024-09-20 22:36:34,388 - INFO - Loaded data from raw_data/stock_data_2min/CBOE.csv with shape (5025, 7).
2024-09-20 22:36:34,441 - INFO - Loaded data from raw_data/stock_data_2min/CFG.csv with shape (5653, 7).
2024-09-20 22:36:34,497 - INFO - Loaded data from raw_data/stock_data_2min/APH.csv with shape (5653, 7).
2024-09-20 22:36:34,552 - INFO - Loaded data from raw_data/stock_data_2min/SYY.csv with shape (5651, 7).
2024-09-20 22:36:34,599 - INFO - Loaded data from raw_data/stock_data_2min/MSI.csv with shape (4885, 7).
2024-09-20 22:36:34,652 - INFO - Loaded data from raw_data/stock_data_2min/FCX.csv with shape (5651, 7).
2024-09-20 22:36:34,707 - INFO - Loaded data from raw_data/stock_data_2min/ADM.csv with shape (5648, 7).
2024-09-20 22:36:34,753 - INFO - Loaded data from raw_data/stock_data_2min/LH.csv with shape (4692, 7).
2024-09-20 22:36:34,815 - INFO - Loaded data from raw_data/stock_data_2min/SOLV.csv with shape (5573, 7).
2024-09-20 22:36:34,872 - INFO - Loaded data from raw_data/stock_data_2min/BLDR.csv with shape (5586, 7).
2024-09-20 22:36:34,926 - INFO - Loaded data from raw_data/stock_data_2min/LNT.csv with shape (5496, 7).
2024-09-20 22:36:34,984 - INFO - Loaded data from raw_data/stock_data_2min/BAC.csv with shape (5654, 7).
2024-09-20 22:36:35,040 - INFO - Loaded data from raw_data/stock_data_2min/PSX.csv with shape (5644, 7).
2024-09-20 22:36:35,095 - INFO - Loaded data from raw_data/stock_data_2min/GPN.csv with shape (5606, 7).
2024-09-20 22:36:35,139 - INFO - Loaded data from raw_data/stock_data_2min/HUBB.csv with shape (4561, 7).
2024-09-20 22:36:35,192 - INFO - Loaded data from raw_data/stock_data_2min/PPG.csv with shape (5609, 7).
2024-09-20 22:36:35,242 - INFO - Loaded data from raw_data/stock_data_2min/TECH.csv with shape (5183, 7).
2024-09-20 22:36:35,294 - INFO - Loaded data from raw_data/stock_data_2min/IRM.csv with shape (5607, 7).
2024-09-20 22:36:35,345 - INFO - Loaded data from raw_data/stock_data_2min/IQV.csv with shape (5369, 7).
2024-09-20 22:36:35,381 - INFO - Loaded data from raw_data/stock_data_2min/ESS.csv with shape (3758, 7).
2024-09-20 22:36:35,433 - INFO - Loaded data from raw_data/stock_data_2min/WBD.csv with shape (5654, 7).
2024-09-20 22:36:35,487 - INFO - Loaded data from raw_data/stock_data_2min/HAL.csv with shape (5647, 7).
2024-09-20 22:36:35,540 - INFO - Loaded data from raw_data/stock_data_2min/STZ.csv with shape (5470, 7).
2024-09-20 22:36:35,590 - INFO - Loaded data from raw_data/stock_data_2min/BG.csv with shape (5427, 7).
2024-09-20 22:36:35,642 - INFO - Loaded data from raw_data/stock_data_2min/PARA.csv with shape (5655, 7).
2024-09-20 22:36:35,693 - INFO - Loaded data from raw_data/stock_data_2min/ADI.csv with shape (5647, 7).
2024-09-20 22:36:35,751 - INFO - Loaded data from raw_data/stock_data_2min/F.csv with shape (5653, 7).
2024-09-20 22:36:35,803 - INFO - Loaded data from raw_data/stock_data_2min/ADBE.csv with shape (5606, 7).
2024-09-20 22:36:35,854 - INFO - Loaded data from raw_data/stock_data_2min/STLD.csv with shape (5510, 7).
2024-09-20 22:36:35,906 - INFO - Loaded data from raw_data/stock_data_2min/SMCI.csv with shape (5654, 7).
2024-09-20 22:36:35,958 - INFO - Loaded data from raw_data/stock_data_2min/CPRT.csv with shape (5652, 7).
2024-09-20 22:36:35,986 - INFO - Loaded data from raw_data/stock_data_2min/TDG.csv with shape (2932, 7).
2024-09-20 22:36:36,022 - INFO - Loaded data from raw_data/stock_data_2min/TFX.csv with shape (3848, 7).
2024-09-20 22:36:36,073 - INFO - Loaded data from raw_data/stock_data_2min/ULTA.csv with shape (5507, 7).
2024-09-20 22:36:36,122 - INFO - Loaded data from raw_data/stock_data_2min/ARE.csv with shape (5317, 7).
2024-09-20 22:36:36,172 - INFO - Loaded data from raw_data/stock_data_2min/SYK.csv with shape (5496, 7).
2024-09-20 22:36:36,224 - INFO - Loaded data from raw_data/stock_data_2min/KVUE.csv with shape (5654, 7).
2024-09-20 22:36:36,278 - INFO - Loaded data from raw_data/stock_data_2min/CB.csv with shape (5540, 7).
2024-09-20 22:36:36,330 - INFO - Loaded data from raw_data/stock_data_2min/TSN.csv with shape (5639, 7).
2024-09-20 22:36:36,381 - INFO - Loaded data from raw_data/stock_data_2min/GNRC.csv with shape (5448, 7).
2024-09-20 22:36:36,433 - INFO - Loaded data from raw_data/stock_data_2min/PEP.csv with shape (5654, 7).
2024-09-20 22:36:36,484 - INFO - Loaded data from raw_data/stock_data_2min/PEG.csv with shape (5648, 7).
2024-09-20 22:36:36,534 - INFO - Loaded data from raw_data/stock_data_2min/NOW.csv with shape (5462, 7).
2024-09-20 22:36:36,585 - INFO - Loaded data from raw_data/stock_data_2min/LLY.csv with shape (5645, 7).
2024-09-20 22:36:36,642 - INFO - Loaded data from raw_data/stock_data_2min/COST.csv with shape (5580, 7).
2024-09-20 22:36:36,692 - INFO - Loaded data from raw_data/stock_data_2min/REG.csv with shape (5351, 7).
2024-09-20 22:36:36,738 - INFO - Loaded data from raw_data/stock_data_2min/NWS.csv with shape (4893, 7).
2024-09-20 22:36:36,789 - INFO - Loaded data from raw_data/stock_data_2min/LOW.csv with shape (5634, 7).
2024-09-20 22:36:36,841 - INFO - Loaded data from raw_data/stock_data_2min/MDLZ.csv with shape (5654, 7).
2024-09-20 22:36:36,866 - INFO - Loaded data from raw_data/stock_data_2min/BKNG.csv with shape (2597, 7).
2024-09-20 22:36:36,901 - INFO - Loaded data from raw_data/stock_data_2min/ZBRA.csv with shape (3721, 7).
2024-09-20 22:36:36,951 - INFO - Loaded data from raw_data/stock_data_2min/FMC.csv with shape (5440, 7).
2024-09-20 22:36:37,002 - INFO - Loaded data from raw_data/stock_data_2min/XEL.csv with shape (5649, 7).
2024-09-20 22:36:37,043 - INFO - Loaded data from raw_data/stock_data_2min/AIZ.csv with shape (4413, 7).
2024-09-20 22:36:37,097 - INFO - Loaded data from raw_data/stock_data_2min/MET.csv with shape (5654, 7).
2024-09-20 22:36:37,181 - INFO - Loaded data from raw_data/stock_data_2min/FTV.csv with shape (5634, 7).
2024-09-20 22:36:37,237 - INFO - Loaded data from raw_data/stock_data_2min/DLR.csv with shape (5578, 7).
2024-09-20 22:36:37,293 - INFO - Loaded data from raw_data/stock_data_2min/ACGL.csv with shape (5482, 7).
2024-09-20 22:36:37,349 - INFO - Loaded data from raw_data/stock_data_2min/FAST.csv with shape (5624, 7).
2024-09-20 22:36:37,405 - INFO - Loaded data from raw_data/stock_data_2min/TJX.csv with shape (5650, 7).
2024-09-20 22:36:37,442 - INFO - Loaded data from raw_data/stock_data_2min/SNA.csv with shape (3626, 7).
2024-09-20 22:36:37,497 - INFO - Loaded data from raw_data/stock_data_2min/MPC.csv with shape (5651, 7).
2024-09-20 22:36:37,543 - INFO - Loaded data from raw_data/stock_data_2min/BR.csv with shape (4625, 7).
2024-09-20 22:36:37,606 - INFO - Loaded data from raw_data/stock_data_2min/D.csv with shape (5650, 7).
2024-09-20 22:36:37,661 - INFO - Loaded data from raw_data/stock_data_2min/MRK.csv with shape (5652, 7).
2024-09-20 22:36:37,717 - INFO - Loaded data from raw_data/stock_data_2min/STX.csv with shape (5632, 7).
2024-09-20 22:36:37,764 - INFO - Loaded data from raw_data/stock_data_2min/NOC.csv with shape (4925, 7).
2024-09-20 22:36:37,817 - INFO - Loaded data from raw_data/stock_data_2min/BXP.csv with shape (5445, 7).
2024-09-20 22:36:37,870 - INFO - Loaded data from raw_data/stock_data_2min/KHC.csv with shape (5655, 7).
2024-09-20 22:36:37,925 - INFO - Loaded data from raw_data/stock_data_2min/IPG.csv with shape (5652, 7).
2024-09-20 22:36:37,979 - INFO - Loaded data from raw_data/stock_data_2min/ABNB.csv with shape (5652, 7).
2024-09-20 22:36:38,033 - INFO - Loaded data from raw_data/stock_data_2min/UNP.csv with shape (5635, 7).
2024-09-20 22:36:38,082 - INFO - Loaded data from raw_data/stock_data_2min/ALLE.csv with shape (4914, 7).
2024-09-20 22:36:38,138 - INFO - Loaded data from raw_data/stock_data_2min/ABBV.csv with shape (5648, 7).
2024-09-20 22:36:38,193 - INFO - Loaded data from raw_data/stock_data_2min/ORCL.csv with shape (5653, 7).
2024-09-20 22:36:38,244 - INFO - Loaded data from raw_data/stock_data_2min/ECL.csv with shape (5286, 7).
2024-09-20 22:36:38,298 - INFO - Loaded data from raw_data/stock_data_2min/ETR.csv with shape (5628, 7).
2024-09-20 22:36:38,354 - INFO - Loaded data from raw_data/stock_data_2min/EBAY.csv with shape (5652, 7).
2024-09-20 22:36:38,411 - INFO - Loaded data from raw_data/stock_data_2min/SBUX.csv with shape (5654, 7).
2024-09-20 22:36:38,466 - INFO - Loaded data from raw_data/stock_data_2min/IR.csv with shape (5644, 7).
2024-09-20 22:36:38,528 - INFO - Loaded data from raw_data/stock_data_2min/AMT.csv with shape (5623, 7).
2024-09-20 22:36:38,580 - INFO - Loaded data from raw_data/stock_data_2min/INTU.csv with shape (5421, 7).
2024-09-20 22:36:38,663 - INFO - Loaded data from raw_data/stock_data_2min/DPZ.csv with shape (5198, 7).
2024-09-20 22:36:38,716 - INFO - Loaded data from raw_data/stock_data_2min/PAYC.csv with shape (5170, 7).
2024-09-20 22:36:38,772 - INFO - Loaded data from raw_data/stock_data_2min/PG.csv with shape (5654, 7).
2024-09-20 22:36:38,827 - INFO - Loaded data from raw_data/stock_data_2min/CAT.csv with shape (5630, 7).
2024-09-20 22:36:38,882 - INFO - Loaded data from raw_data/stock_data_2min/ODFL.csv with shape (5515, 7).
2024-09-20 22:36:38,938 - INFO - Loaded data from raw_data/stock_data_2min/MCD.csv with shape (5652, 7).
2024-09-20 22:36:38,992 - INFO - Loaded data from raw_data/stock_data_2min/MNST.csv with shape (5653, 7).
2024-09-20 22:36:39,046 - INFO - Loaded data from raw_data/stock_data_2min/AMZN.csv with shape (5655, 7).
2024-09-20 22:36:39,100 - INFO - Loaded data from raw_data/stock_data_2min/GEHC.csv with shape (5629, 7).
2024-09-20 22:36:39,138 - INFO - Loaded data from raw_data/stock_data_2min/EG.csv with shape (3688, 7).
2024-09-20 22:36:39,190 - INFO - Loaded data from raw_data/stock_data_2min/INTC.csv with shape (5654, 7).
2024-09-20 22:36:39,243 - INFO - Loaded data from raw_data/stock_data_2min/PNR.csv with shape (5536, 7).
2024-09-20 22:36:39,295 - INFO - Loaded data from raw_data/stock_data_2min/GLW.csv with shape (5649, 7).
2024-09-20 22:36:39,348 - INFO - Loaded data from raw_data/stock_data_2min/BDX.csv with shape (5546, 7).
2024-09-20 22:36:39,405 - INFO - Loaded data from raw_data/stock_data_2min/KMI.csv with shape (5654, 7).
2024-09-20 22:36:39,466 - INFO - Loaded data from raw_data/stock_data_2min/CSGP.csv with shape (5598, 7).
2024-09-20 22:36:39,516 - INFO - Loaded data from raw_data/stock_data_2min/PWR.csv with shape (5272, 7).
2024-09-20 22:36:39,569 - INFO - Loaded data from raw_data/stock_data_2min/APTV.csv with shape (5649, 7).
2024-09-20 22:36:39,628 - INFO - Loaded data from raw_data/stock_data_2min/BBWI.csv with shape (5652, 7).
2024-09-20 22:36:39,683 - INFO - Loaded data from raw_data/stock_data_2min/DXCM.csv with shape (5654, 7).
2024-09-20 22:36:39,734 - INFO - Loaded data from raw_data/stock_data_2min/EXR.csv with shape (5229, 7).
2024-09-20 22:36:39,787 - INFO - Loaded data from raw_data/stock_data_2min/WELL.csv with shape (5646, 7).
2024-09-20 22:36:39,841 - INFO - Loaded data from raw_data/stock_data_2min/HOLX.csv with shape (5561, 7).
2024-09-20 22:36:39,893 - INFO - Loaded data from raw_data/stock_data_2min/EXPD.csv with shape (5325, 7).
2024-09-20 22:36:39,947 - INFO - Loaded data from raw_data/stock_data_2min/GM.csv with shape (5652, 7).
2024-09-20 22:36:40,001 - INFO - Loaded data from raw_data/stock_data_2min/TXN.csv with shape (5653, 7).
2024-09-20 22:36:40,046 - INFO - Loaded data from raw_data/stock_data_2min/VRSK.csv with shape (4797, 7).
2024-09-20 22:36:40,098 - INFO - Loaded data from raw_data/stock_data_2min/FI.csv with shape (5649, 7).
2024-09-20 22:36:40,148 - INFO - Loaded data from raw_data/stock_data_2min/SJM.csv with shape (5450, 7).
2024-09-20 22:36:40,197 - INFO - Loaded data from raw_data/stock_data_2min/TMO.csv with shape (5459, 7).
2024-09-20 22:36:40,248 - INFO - Loaded data from raw_data/stock_data_2min/OXY.csv with shape (5652, 7).
2024-09-20 22:36:40,297 - INFO - Loaded data from raw_data/stock_data_2min/RL.csv with shape (5259, 7).
2024-09-20 22:36:40,335 - INFO - Loaded data from raw_data/stock_data_2min/DECK.csv with shape (4045, 7).
2024-09-20 22:36:40,393 - INFO - Loaded data from raw_data/stock_data_2min/CCI.csv with shape (5642, 7).
2024-09-20 22:36:40,446 - INFO - Loaded data from raw_data/stock_data_2min/MMM.csv with shape (5650, 7).
2024-09-20 22:36:40,500 - INFO - Loaded data from raw_data/stock_data_2min/MOS.csv with shape (5646, 7).
2024-09-20 22:36:40,552 - INFO - Loaded data from raw_data/stock_data_2min/FTNT.csv with shape (5654, 7).
2024-09-20 22:36:40,605 - INFO - Loaded data from raw_data/stock_data_2min/HSY.csv with shape (5526, 7).
2024-09-20 22:36:40,659 - INFO - Loaded data from raw_data/stock_data_2min/JNPR.csv with shape (5585, 7).
2024-09-20 22:36:40,712 - INFO - Loaded data from raw_data/stock_data_2min/DHI.csv with shape (5636, 7).
2024-09-20 22:36:40,765 - INFO - Loaded data from raw_data/stock_data_2min/ED.csv with shape (5636, 7).
2024-09-20 22:36:40,819 - INFO - Loaded data from raw_data/stock_data_2min/ES.csv with shape (5645, 7).
2024-09-20 22:36:40,871 - INFO - Loaded data from raw_data/stock_data_2min/ADSK.csv with shape (5459, 7).
2024-09-20 22:36:40,922 - INFO - Loaded data from raw_data/stock_data_2min/GL.csv with shape (5431, 7).
2024-09-20 22:36:40,977 - INFO - Loaded data from raw_data/stock_data_2min/INVH.csv with shape (5643, 7).
2024-09-20 22:36:41,031 - INFO - Loaded data from raw_data/stock_data_2min/IP.csv with shape (5648, 7).
2024-09-20 22:36:41,086 - INFO - Loaded data from raw_data/stock_data_2min/EXPE.csv with shape (5551, 7).
2024-09-20 22:36:41,138 - INFO - Loaded data from raw_data/stock_data_2min/KO.csv with shape (5652, 7).
2024-09-20 22:36:41,193 - INFO - Loaded data from raw_data/stock_data_2min/PCAR.csv with shape (5643, 7).
2024-09-20 22:36:41,238 - INFO - Loaded data from raw_data/stock_data_2min/RVTY.csv with shape (4912, 7).
2024-09-20 22:36:41,296 - INFO - Loaded data from raw_data/stock_data_2min/WDC.csv with shape (5654, 7).
2024-09-20 22:36:41,350 - INFO - Loaded data from raw_data/stock_data_2min/PYPL.csv with shape (5655, 7).
2024-09-20 22:36:41,404 - INFO - Loaded data from raw_data/stock_data_2min/NEE.csv with shape (5651, 7).
2024-09-20 22:36:41,460 - INFO - Loaded data from raw_data/stock_data_2min/UPS.csv with shape (5651, 7).
2024-09-20 22:36:41,508 - INFO - Loaded data from raw_data/stock_data_2min/ELV.csv with shape (4992, 7).
2024-09-20 22:36:41,561 - INFO - Loaded data from raw_data/stock_data_2min/EMR.csv with shape (5651, 7).
2024-09-20 22:36:41,615 - INFO - Loaded data from raw_data/stock_data_2min/MSFT.csv with shape (5654, 7).
2024-09-20 22:36:41,647 - INFO - Loaded data from raw_data/stock_data_2min/ANSS.csv with shape (3482, 7).
2024-09-20 22:36:41,683 - INFO - Loaded data from raw_data/stock_data_2min/CTAS.csv with shape (3825, 7).
2024-09-20 22:36:41,713 - INFO - Loaded data from raw_data/stock_data_2min/BIO.csv with shape (3125, 7).
2024-09-20 22:36:41,764 - INFO - Loaded data from raw_data/stock_data_2min/UDR.csv with shape (5618, 7).
2024-09-20 22:36:41,813 - INFO - Loaded data from raw_data/stock_data_2min/CTLT.csv with shape (5373, 7).
2024-09-20 22:36:41,864 - INFO - Loaded data from raw_data/stock_data_2min/WEC.csv with shape (5649, 7).
2024-09-20 22:36:41,916 - INFO - Loaded data from raw_data/stock_data_2min/UBER.csv with shape (5652, 7).
2024-09-20 22:36:41,968 - INFO - Loaded data from raw_data/stock_data_2min/AME.csv with shape (5496, 7).
2024-09-20 22:36:42,002 - INFO - Loaded data from raw_data/stock_data_2min/IT.csv with shape (3667, 7).
2024-09-20 22:36:42,053 - INFO - Loaded data from raw_data/stock_data_2min/DD.csv with shape (5637, 7).
2024-09-20 22:36:42,105 - INFO - Loaded data from raw_data/stock_data_2min/ACN.csv with shape (5636, 7).
2024-09-20 22:36:42,149 - INFO - Loaded data from raw_data/stock_data_2min/VRSN.csv with shape (4789, 7).
2024-09-20 22:36:42,208 - INFO - Loaded data from raw_data/stock_data_2min/EW.csv with shape (5648, 7).
2024-09-20 22:36:42,261 - INFO - Loaded data from raw_data/stock_data_2min/CMG.csv with shape (5651, 7).
2024-09-20 22:36:42,314 - INFO - Loaded data from raw_data/stock_data_2min/AWK.csv with shape (5400, 7).
2024-09-20 22:36:42,364 - INFO - Loaded data from raw_data/stock_data_2min/COO.csv with shape (5398, 7).
2024-09-20 22:36:42,416 - INFO - Loaded data from raw_data/stock_data_2min/SHW.csv with shape (5592, 7).
2024-09-20 22:36:42,468 - INFO - Loaded data from raw_data/stock_data_2min/HPQ.csv with shape (5649, 7).
2024-09-20 22:36:42,524 - INFO - Loaded data from raw_data/stock_data_2min/AMAT.csv with shape (5654, 7).
2024-09-20 22:36:42,577 - INFO - Loaded data from raw_data/stock_data_2min/CCL.csv with shape (5651, 7).
2024-09-20 22:36:42,622 - INFO - Loaded data from raw_data/stock_data_2min/MLM.csv with shape (4824, 7).
2024-09-20 22:36:42,662 - INFO - Loaded data from raw_data/stock_data_2min/AVY.csv with shape (4351, 7).
2024-09-20 22:36:42,715 - INFO - Loaded data from raw_data/stock_data_2min/EVRG.csv with shape (5616, 7).
2024-09-20 22:36:42,769 - INFO - Loaded data from raw_data/stock_data_2min/EA.csv with shape (5609, 7).
2024-09-20 22:36:42,823 - INFO - Loaded data from raw_data/stock_data_2min/DE.csv with shape (5597, 7).
2024-09-20 22:36:42,880 - INFO - Loaded data from raw_data/stock_data_2min/VLTO.csv with shape (5606, 7).
2024-09-20 22:36:42,937 - INFO - Loaded data from raw_data/stock_data_2min/SPG.csv with shape (5594, 7).
2024-09-20 22:36:42,992 - INFO - Loaded data from raw_data/stock_data_2min/AMD.csv with shape (5654, 7).
2024-09-20 22:36:43,041 - INFO - Loaded data from raw_data/stock_data_2min/KLAC.csv with shape (5093, 7).
2024-09-20 22:36:43,094 - INFO - Loaded data from raw_data/stock_data_2min/NDAQ.csv with shape (5644, 7).
2024-09-20 22:36:43,146 - INFO - Loaded data from raw_data/stock_data_2min/URI.csv with shape (4494, 7).
2024-09-20 22:36:43,199 - INFO - Loaded data from raw_data/stock_data_2min/RTX.csv with shape (5652, 7).
2024-09-20 22:36:43,251 - INFO - Loaded data from raw_data/stock_data_2min/NXPI.csv with shape (5628, 7).
2024-09-20 22:36:43,307 - INFO - Loaded data from raw_data/stock_data_2min/PNC.csv with shape (5606, 7).
2024-09-20 22:36:43,361 - INFO - Loaded data from raw_data/stock_data_2min/KMX.csv with shape (5609, 7).
2024-09-20 22:36:43,416 - INFO - Loaded data from raw_data/stock_data_2min/MTCH.csv with shape (5653, 7).
2024-09-20 22:36:43,466 - INFO - Loaded data from raw_data/stock_data_2min/BIIB.csv with shape (5168, 7).
2024-09-20 22:36:43,520 - INFO - Loaded data from raw_data/stock_data_2min/NVDA.csv with shape (5653, 7).
2024-09-20 22:36:43,573 - INFO - Loaded data from raw_data/stock_data_2min/CHRW.csv with shape (5356, 7).
2024-09-20 22:36:43,611 - INFO - Loaded data from raw_data/stock_data_2min/ROP.csv with shape (3552, 7).
2024-09-20 22:36:43,651 - INFO - Loaded data from raw_data/stock_data_2min/IDXX.csv with shape (4175, 7).
2024-09-20 22:36:43,702 - INFO - Loaded data from raw_data/stock_data_2min/EXC.csv with shape (5460, 7).
2024-09-20 22:36:43,755 - INFO - Loaded data from raw_data/stock_data_2min/HES.csv with shape (5604, 7).
2024-09-20 22:36:43,807 - INFO - Loaded data from raw_data/stock_data_2min/HD.csv with shape (5650, 7).
2024-09-20 22:36:43,862 - INFO - Loaded data from raw_data/stock_data_2min/ALB.csv with shape (5646, 7).
2024-09-20 22:36:43,917 - INFO - Loaded data from raw_data/stock_data_2min/VLO.csv with shape (5650, 7).
2024-09-20 22:36:43,966 - INFO - Loaded data from raw_data/stock_data_2min/AON.csv with shape (5092, 7).
2024-09-20 22:36:44,018 - INFO - Loaded data from raw_data/stock_data_2min/ZTS.csv with shape (5431, 7).
2024-09-20 22:36:44,077 - INFO - Loaded data from raw_data/stock_data_2min/FDX.csv with shape (5463, 7).
2024-09-20 22:36:44,131 - INFO - Loaded data from raw_data/stock_data_2min/DG.csv with shape (5640, 7).
2024-09-20 22:36:44,162 - INFO - Loaded data from raw_data/stock_data_2min/TYL.csv with shape (2987, 7).
2024-09-20 22:36:44,214 - INFO - Loaded data from raw_data/stock_data_2min/HIG.csv with shape (5602, 7).
2024-09-20 22:36:44,269 - INFO - Loaded data from raw_data/stock_data_2min/CMS.csv with shape (5636, 7).
2024-09-20 22:36:44,324 - INFO - Loaded data from raw_data/stock_data_2min/CAG.csv with shape (5649, 7).
2024-09-20 22:36:44,376 - INFO - Loaded data from raw_data/stock_data_2min/INCY.csv with shape (5598, 7).
2024-09-20 22:36:44,428 - INFO - Loaded data from raw_data/stock_data_2min/SCHW.csv with shape (5653, 7).
2024-09-20 22:36:44,482 - INFO - Loaded data from raw_data/stock_data_2min/HSIC.csv with shape (5505, 7).
2024-09-20 22:36:44,501 - INFO - Loaded data from raw_data/stock_data_2min/AZO.csv with shape (1927, 7).
2024-09-20 22:36:44,555 - INFO - Loaded data from raw_data/stock_data_2min/AXP.csv with shape (5653, 7).
2024-09-20 22:36:44,608 - INFO - Loaded data from raw_data/stock_data_2min/HPE.csv with shape (5651, 7).
2024-09-20 22:36:44,660 - INFO - Loaded data from raw_data/stock_data_2min/DFS.csv with shape (5473, 7).
2024-09-20 22:36:44,712 - INFO - Loaded data from raw_data/stock_data_2min/HRL.csv with shape (5643, 7).
2024-09-20 22:36:44,764 - INFO - Loaded data from raw_data/stock_data_2min/SO.csv with shape (5651, 7).
2024-09-20 22:36:44,810 - INFO - Loaded data from raw_data/stock_data_2min/FRT.csv with shape (4994, 7).
2024-09-20 22:36:44,861 - INFO - Loaded data from raw_data/stock_data_2min/ZBH.csv with shape (5569, 7).
2024-09-20 22:36:44,913 - INFO - Loaded data from raw_data/stock_data_2min/CME.csv with shape (5578, 7).
2024-09-20 22:36:44,973 - INFO - Loaded data from raw_data/stock_data_2min/XOM.csv with shape (5652, 7).
2024-09-20 22:36:45,014 - INFO - Loaded data from raw_data/stock_data_2min/AMP.csv with shape (4140, 7).
2024-09-20 22:36:45,070 - INFO - Loaded data from raw_data/stock_data_2min/CVX.csv with shape (5650, 7).
2024-09-20 22:36:45,125 - INFO - Loaded data from raw_data/stock_data_2min/CMCSA.csv with shape (5653, 7).
2024-09-20 22:36:45,180 - INFO - Loaded data from raw_data/stock_data_2min/PCG.csv with shape (5648, 7).
2024-09-20 22:36:45,229 - INFO - Loaded data from raw_data/stock_data_2min/PNW.csv with shape (5255, 7).
2024-09-20 22:36:45,282 - INFO - Loaded data from raw_data/stock_data_2min/ICE.csv with shape (5649, 7).
2024-09-20 22:36:45,336 - INFO - Loaded data from raw_data/stock_data_2min/BEN.csv with shape (5647, 7).
2024-09-20 22:36:45,383 - INFO - Loaded data from raw_data/stock_data_2min/UHS.csv with shape (5096, 7).
2024-09-20 22:36:45,435 - INFO - Loaded data from raw_data/stock_data_2min/BKR.csv with shape (5653, 7).
2024-09-20 22:36:45,484 - INFO - Loaded data from raw_data/stock_data_2min/EMN.csv with shape (5314, 7).
2024-09-20 22:36:45,530 - INFO - Loaded data from raw_data/stock_data_2min/SBAC.csv with shape (4924, 7).
2024-09-20 22:36:45,581 - INFO - Loaded data from raw_data/stock_data_2min/ROK.csv with shape (5228, 7).
2024-09-20 22:36:45,627 - INFO - Loaded data from raw_data/stock_data_2min/PTC.csv with shape (4839, 7).
2024-09-20 22:36:45,680 - INFO - Loaded data from raw_data/stock_data_2min/NRG.csv with shape (5648, 7).
2024-09-20 22:36:45,731 - INFO - Loaded data from raw_data/stock_data_2min/NSC.csv with shape (5496, 7).
2024-09-20 22:36:45,785 - INFO - Loaded data from raw_data/stock_data_2min/NKE.csv with shape (5653, 7).
2024-09-20 22:36:45,840 - INFO - Loaded data from raw_data/stock_data_2min/FIS.csv with shape (5652, 7).
2024-09-20 22:36:45,901 - INFO - Loaded data from raw_data/stock_data_2min/FANG.csv with shape (5566, 7).
2024-09-20 22:36:45,954 - INFO - Loaded data from raw_data/stock_data_2min/VTR.csv with shape (5642, 7).
2024-09-20 22:36:46,006 - INFO - Loaded data from raw_data/stock_data_2min/MAS.csv with shape (5626, 7).
2024-09-20 22:36:46,059 - INFO - Loaded data from raw_data/stock_data_2min/RF.csv with shape (5649, 7).
2024-09-20 22:36:46,115 - INFO - Loaded data from raw_data/stock_data_2min/ETSY.csv with shape (5652, 7).
2024-09-20 22:36:46,170 - INFO - Loaded data from raw_data/stock_data_2min/AMCR.csv with shape (5645, 7).
2024-09-20 22:36:46,224 - INFO - Loaded data from raw_data/stock_data_2min/TAP.csv with shape (5622, 7).
2024-09-20 22:36:46,278 - INFO - Loaded data from raw_data/stock_data_2min/MAR.csv with shape (5526, 7).
2024-09-20 22:36:46,329 - INFO - Loaded data from raw_data/stock_data_2min/XYL.csv with shape (5489, 7).
2024-09-20 22:36:46,378 - INFO - Loaded data from raw_data/stock_data_2min/CMI.csv with shape (5079, 7).
2024-09-20 22:36:46,397 - INFO - Loaded data from raw_data/stock_data_2min/MTD.csv with shape (1718, 7).
2024-09-20 22:36:46,451 - INFO - Loaded data from raw_data/stock_data_2min/BF-B.csv with shape (5631, 7).
2024-09-20 22:36:46,499 - INFO - Loaded data from raw_data/stock_data_2min/CPAY.csv with shape (4868, 7).
2024-09-20 22:36:46,554 - INFO - Loaded data from raw_data/stock_data_2min/KR.csv with shape (5649, 7).
2024-09-20 22:36:46,612 - INFO - Loaded data from raw_data/stock_data_2min/PLD.csv with shape (5651, 7).
2024-09-20 22:36:46,668 - INFO - Loaded data from raw_data/stock_data_2min/IBM.csv with shape (5650, 7).
2024-09-20 22:36:46,725 - INFO - Loaded data from raw_data/stock_data_2min/USB.csv with shape (5652, 7).
2024-09-20 22:36:46,780 - INFO - Loaded data from raw_data/stock_data_2min/BSX.csv with shape (5653, 7).
2024-09-20 22:36:46,841 - INFO - Loaded data from raw_data/stock_data_2min/LKQ.csv with shape (5601, 7).
2024-09-20 22:36:46,893 - INFO - Loaded data from raw_data/stock_data_2min/LIN.csv with shape (5421, 7).
2024-09-20 22:36:46,943 - INFO - Loaded data from raw_data/stock_data_2min/ITW.csv with shape (5348, 7).
2024-09-20 22:36:46,996 - INFO - Loaded data from raw_data/stock_data_2min/EOG.csv with shape (5654, 7).
2024-09-20 22:36:47,052 - INFO - Loaded data from raw_data/stock_data_2min/KMB.csv with shape (5650, 7).
2024-09-20 22:36:47,104 - INFO - Loaded data from raw_data/stock_data_2min/SPGI.csv with shape (5312, 7).
2024-09-20 22:36:47,157 - INFO - Loaded data from raw_data/stock_data_2min/NEM.csv with shape (5651, 7).
2024-09-20 22:36:47,212 - INFO - Loaded data from raw_data/stock_data_2min/LULU.csv with shape (5638, 7).
2024-09-20 22:36:47,264 - INFO - Loaded data from raw_data/stock_data_2min/WFC.csv with shape (5652, 7).
2024-09-20 22:36:47,319 - INFO - Loaded data from raw_data/stock_data_2min/CTVA.csv with shape (5640, 7).
2024-09-20 22:36:47,374 - INFO - Loaded data from raw_data/stock_data_2min/EL.csv with shape (5652, 7).
2024-09-20 22:36:47,428 - INFO - Loaded data from raw_data/stock_data_2min/GS.csv with shape (5607, 7).
2024-09-20 22:36:47,479 - INFO - Loaded data from raw_data/stock_data_2min/GD.csv with shape (5505, 7).
2024-09-20 22:36:47,531 - INFO - Loaded data from raw_data/stock_data_2min/CNP.csv with shape (5649, 7).
2024-09-20 22:36:47,588 - INFO - Loaded data from raw_data/stock_data_2min/PM.csv with shape (5652, 7).
2024-09-20 22:36:47,635 - INFO - Loaded data from raw_data/stock_data_2min/MCO.csv with shape (4953, 7).
2024-09-20 22:36:47,687 - INFO - Loaded data from raw_data/stock_data_2min/CLX.csv with shape (5565, 7).
2024-09-20 22:36:47,746 - INFO - Loaded data from raw_data/stock_data_2min/CAH.csv with shape (5631, 7).
2024-09-20 22:36:47,800 - INFO - Loaded data from raw_data/stock_data_2min/PANW.csv with shape (5647, 7).
2024-09-20 22:36:47,842 - INFO - Loaded data from raw_data/stock_data_2min/MPWR.csv with shape (4451, 7).
2024-09-20 22:36:47,890 - INFO - Loaded data from raw_data/stock_data_2min/DGX.csv with shape (5005, 7).
2024-09-20 22:36:47,936 - INFO - Loaded data from raw_data/stock_data_2min/AVB.csv with shape (5040, 7).
2024-09-20 22:36:47,988 - INFO - Loaded data from raw_data/stock_data_2min/DIS.csv with shape (5650, 7).
2024-09-20 22:36:48,040 - INFO - Loaded data from raw_data/stock_data_2min/SW.csv with shape (5653, 7).
2024-09-20 22:36:48,095 - INFO - Loaded data from raw_data/stock_data_2min/CBRE.csv with shape (5565, 7).
2024-09-20 22:36:48,147 - INFO - Loaded data from raw_data/stock_data_2min/GE.csv with shape (5653, 7).
2024-09-20 22:36:48,180 - INFO - Loaded data from raw_data/stock_data_2min/HII.csv with shape (3595, 7).
2024-09-20 22:36:48,228 - INFO - Loaded data from raw_data/stock_data_2min/LDOS.csv with shape (5182, 7).
2024-09-20 22:36:48,277 - INFO - Loaded data from raw_data/stock_data_2min/ALL.csv with shape (5368, 7).
2024-09-20 22:36:48,331 - INFO - Loaded data from raw_data/stock_data_2min/ETN.csv with shape (5648, 7).
2024-09-20 22:36:48,379 - INFO - Loaded data from raw_data/stock_data_2min/ALGN.csv with shape (4934, 7).
2024-09-20 22:36:48,435 - INFO - Loaded data from raw_data/stock_data_2min/NFLX.csv with shape (5639, 7).
2024-09-20 22:36:48,491 - INFO - Loaded data from raw_data/stock_data_2min/LEN.csv with shape (5608, 7).
2024-09-20 22:36:48,545 - INFO - Loaded data from raw_data/stock_data_2min/FITB.csv with shape (5655, 7).
2024-09-20 22:36:48,587 - INFO - Loaded data from raw_data/stock_data_2min/WST.csv with shape (4323, 7).
2024-09-20 22:36:48,625 - INFO - Loaded data from raw_data/stock_data_2min/GWW.csv with shape (2927, 7).
2024-09-20 22:36:48,679 - INFO - Loaded data from raw_data/stock_data_2min/TRGP.csv with shape (5624, 7).
2024-09-20 22:36:48,732 - INFO - Loaded data from raw_data/stock_data_2min/NTRS.csv with shape (5472, 7).
2024-09-20 22:36:48,754 - INFO - Loaded data from raw_data/stock_data_2min/FICO.csv with shape (2223, 7).
2024-09-20 22:36:48,796 - INFO - Loaded data from raw_data/stock_data_2min/AXON.csv with shape (4493, 7).
2024-09-20 22:36:48,848 - INFO - Loaded data from raw_data/stock_data_2min/CVS.csv with shape (5651, 7).
2024-09-20 22:36:48,897 - INFO - Loaded data from raw_data/stock_data_2min/AOS.csv with shape (5371, 7).
2024-09-20 22:36:48,949 - INFO - Loaded data from raw_data/stock_data_2min/FE.csv with shape (5645, 7).
2024-09-20 22:36:49,001 - INFO - Loaded data from raw_data/stock_data_2min/JPM.csv with shape (5651, 7).
2024-09-20 22:36:49,052 - INFO - Loaded data from raw_data/stock_data_2min/ABT.csv with shape (5648, 7).
2024-09-20 22:36:49,103 - INFO - Loaded data from raw_data/stock_data_2min/OMC.csv with shape (5509, 7).
2024-09-20 22:36:49,156 - INFO - Loaded data from raw_data/stock_data_2min/COF.csv with shape (5636, 7).
2024-09-20 22:36:49,205 - INFO - Loaded data from raw_data/stock_data_2min/TSCO.csv with shape (5063, 7).
2024-09-20 22:36:49,251 - INFO - Loaded data from raw_data/stock_data_2min/PH.csv with shape (4941, 7).
2024-09-20 22:36:49,304 - INFO - Loaded data from raw_data/stock_data_2min/HST.csv with shape (5654, 7).
2024-09-20 22:36:49,354 - INFO - Loaded data from raw_data/stock_data_2min/JBHT.csv with shape (5113, 7).
2024-09-20 22:36:49,405 - INFO - Loaded data from raw_data/stock_data_2min/MRNA.csv with shape (5654, 7).
2024-09-20 22:36:49,457 - INFO - Loaded data from raw_data/stock_data_2min/TSLA.csv with shape (5655, 7).
2024-09-20 22:36:49,497 - INFO - Loaded data from raw_data/stock_data_2min/MOH.csv with shape (4398, 7).
2024-09-20 22:36:49,553 - INFO - Loaded data from raw_data/stock_data_2min/ATO.csv with shape (5237, 7).
2024-09-20 22:36:49,607 - INFO - Loaded data from raw_data/stock_data_2min/COP.csv with shape (5653, 7).
2024-09-20 22:36:49,659 - INFO - Loaded data from raw_data/stock_data_2min/DHR.csv with shape (5633, 7).
2024-09-20 22:36:49,711 - INFO - Loaded data from raw_data/stock_data_2min/CNC.csv with shape (5649, 7).
2024-09-20 22:36:49,764 - INFO - Loaded data from raw_data/stock_data_2min/MCK.csv with shape (5393, 7).
2024-09-20 22:36:49,814 - INFO - Loaded data from raw_data/stock_data_2min/TXT.csv with shape (5510, 7).
2024-09-20 22:36:49,863 - INFO - Loaded data from raw_data/stock_data_2min/MTB.csv with shape (5304, 7).
2024-09-20 22:36:49,898 - INFO - Loaded data from raw_data/stock_data_2min/FDS.csv with shape (3632, 7).
2024-09-20 22:36:49,951 - INFO - Loaded data from raw_data/stock_data_2min/VTRS.csv with shape (5651, 7).
2024-09-20 22:36:50,004 - INFO - Loaded data from raw_data/stock_data_2min/AKAM.csv with shape (5472, 7).
2024-09-20 22:36:50,055 - INFO - Loaded data from raw_data/stock_data_2min/ROL.csv with shape (5563, 7).
2024-09-20 22:36:50,104 - INFO - Loaded data from raw_data/stock_data_2min/RMD.csv with shape (5309, 7).
2024-09-20 22:36:50,156 - INFO - Loaded data from raw_data/stock_data_2min/WRB.csv with shape (5580, 7).
2024-09-20 22:36:50,212 - INFO - Loaded data from raw_data/stock_data_2min/GOOGL.csv with shape (5654, 7).
2024-09-20 22:36:50,264 - INFO - Loaded data from raw_data/stock_data_2min/BRO.csv with shape (5489, 7).
2024-09-20 22:36:50,331 - INFO - Loaded data from raw_data/stock_data_2min/ANET.csv with shape (5615, 7).
2024-09-20 22:36:50,386 - INFO - Loaded data from raw_data/stock_data_2min/PAYX.csv with shape (5565, 7).
2024-09-20 22:36:50,439 - INFO - Loaded data from raw_data/stock_data_2min/DRI.csv with shape (5506, 7).
2024-09-20 22:36:50,501 - INFO - Loaded data from raw_data/stock_data_2min/META.csv with shape (5653, 7).
2024-09-20 22:36:50,556 - INFO - Loaded data from raw_data/stock_data_2min/AAL.csv with shape (5655, 7).
2024-09-20 22:36:50,608 - INFO - Loaded data from raw_data/stock_data_2min/COR.csv with shape (5479, 7).
2024-09-20 22:36:50,656 - INFO - Loaded data from raw_data/stock_data_2min/MAA.csv with shape (5109, 7).
2024-09-20 22:36:50,708 - INFO - Loaded data from raw_data/stock_data_2min/MMC.csv with shape (5542, 7).
2024-09-20 22:36:50,760 - INFO - Loaded data from raw_data/stock_data_2min/FOXA.csv with shape (5644, 7).
2024-09-20 22:36:50,805 - INFO - Loaded data from raw_data/stock_data_2min/POOL.csv with shape (3548, 7).
2024-09-20 22:36:50,859 - INFO - Loaded data from raw_data/stock_data_2min/CZR.csv with shape (5652, 7).
2024-09-20 22:36:50,902 - INFO - Loaded data from raw_data/stock_data_2min/FFIV.csv with shape (4430, 7).
2024-09-20 22:36:50,954 - INFO - Loaded data from raw_data/stock_data_2min/CRWD.csv with shape (5655, 7).
2024-09-20 22:36:50,993 - INFO - Loaded data from raw_data/stock_data_2min/CINF.csv with shape (4089, 7).
2024-09-20 22:36:51,043 - INFO - Loaded data from raw_data/stock_data_2min/VMC.csv with shape (5333, 7).
2024-09-20 22:36:51,078 - INFO - Loaded data from raw_data/stock_data_2min/MKTX.csv with shape (3621, 7).
2024-09-20 22:36:51,130 - INFO - Loaded data from raw_data/stock_data_2min/SRE.csv with shape (5647, 7).
2024-09-20 22:36:51,178 - INFO - Loaded data from raw_data/stock_data_2min/LHX.csv with shape (5190, 7).
2024-09-20 22:36:51,211 - INFO - Loaded data from raw_data/stock_data_2min/ORLY.csv with shape (3505, 7).
2024-09-20 22:36:51,263 - INFO - Loaded data from raw_data/stock_data_2min/IVZ.csv with shape (5644, 7).
2024-09-20 22:36:51,313 - INFO - Loaded data from raw_data/stock_data_2min/RCL.csv with shape (5447, 7).
2024-09-20 22:36:51,362 - INFO - Loaded data from raw_data/stock_data_2min/SNPS.csv with shape (5418, 7).
2024-09-20 22:36:51,421 - INFO - Loaded data from raw_data/stock_data_2min/GOOG.csv with shape (5654, 7).
2024-09-20 22:36:51,466 - INFO - Loaded data from raw_data/stock_data_2min/EPAM.csv with shape (4493, 7).
2024-09-20 22:36:51,497 - INFO - Loaded data from raw_data/stock_data_2min/NDSN.csv with shape (3059, 7).
2024-09-20 22:36:51,550 - INFO - Loaded data from raw_data/stock_data_2min/YUM.csv with shape (5639, 7).
2024-09-20 22:36:51,604 - INFO - Loaded data from raw_data/stock_data_2min/EQT.csv with shape (5651, 7).
2024-09-20 22:36:51,657 - INFO - Loaded data from raw_data/stock_data_2min/LYV.csv with shape (5582, 7).
2024-09-20 22:36:51,713 - INFO - Loaded data from raw_data/stock_data_2min/PFE.csv with shape (5651, 7).
2024-09-20 22:36:51,766 - INFO - Loaded data from raw_data/stock_data_2min/AVGO.csv with shape (5654, 7).
2024-09-20 22:36:51,818 - INFO - Loaded data from raw_data/stock_data_2min/DUK.csv with shape (5652, 7).
2024-09-20 22:36:51,856 - INFO - Loaded data from raw_data/stock_data_2min/REGN.csv with shape (4006, 7).
2024-09-20 22:36:51,908 - INFO - Loaded data from raw_data/stock_data_2min/CL.csv with shape (5651, 7).
2024-09-20 22:36:51,962 - INFO - Loaded data from raw_data/stock_data_2min/VZ.csv with shape (5652, 7).
2024-09-20 22:36:52,017 - INFO - Loaded data from raw_data/stock_data_2min/JCI.csv with shape (5651, 7).
2024-09-20 22:36:52,069 - INFO - Loaded data from raw_data/stock_data_2min/DAY.csv with shape (5553, 7).
2024-09-20 22:36:52,121 - INFO - Loaded data from raw_data/stock_data_2min/FSLR.csv with shape (5583, 7).
2024-09-20 22:36:52,172 - INFO - Loaded data from raw_data/stock_data_2min/AMGN.csv with shape (5561, 7).
2024-09-20 22:36:52,224 - INFO - Loaded data from raw_data/stock_data_2min/TEL.csv with shape (5591, 7).
2024-09-20 22:36:52,277 - INFO - Loaded data from raw_data/stock_data_2min/JBL.csv with shape (5494, 7).
2024-09-20 22:36:52,336 - INFO - Loaded data from raw_data/stock_data_2min/VST.csv with shape (5651, 7).
2024-09-20 22:36:52,378 - INFO - Loaded data from raw_data/stock_data_2min/JKHY.csv with shape (4450, 7).
2024-09-20 22:36:52,427 - INFO - Loaded data from raw_data/stock_data_2min/ADP.csv with shape (5281, 7).
2024-09-20 22:36:52,478 - INFO - Loaded data from raw_data/stock_data_2min/ON.csv with shape (5653, 7).
2024-09-20 22:36:52,529 - INFO - Loaded data from raw_data/stock_data_2min/STT.csv with shape (5647, 7).
2024-09-20 22:36:52,577 - INFO - Loaded data from raw_data/stock_data_2min/RSG.csv with shape (5239, 7).
2024-09-20 22:36:52,627 - INFO - Loaded data from raw_data/stock_data_2min/IFF.csv with shape (5525, 7).
2024-09-20 22:36:52,679 - INFO - Loaded data from raw_data/stock_data_2min/CARR.csv with shape (5651, 7).
2024-09-20 22:36:52,730 - INFO - Loaded data from raw_data/stock_data_2min/TRMB.csv with shape (5486, 7).
2024-09-20 22:36:52,783 - INFO - Loaded data from raw_data/stock_data_2min/QCOM.csv with shape (5654, 7).
2024-09-20 22:36:52,837 - INFO - Loaded data from raw_data/stock_data_2min/LYB.csv with shape (5642, 7).
2024-09-20 22:36:52,888 - INFO - Loaded data from raw_data/stock_data_2min/GIS.csv with shape (5651, 7).
2024-09-20 22:36:52,940 - INFO - Loaded data from raw_data/stock_data_2min/PHM.csv with shape (5630, 7).
2024-09-20 22:36:52,991 - INFO - Loaded data from raw_data/stock_data_2min/ROST.csv with shape (5624, 7).
2024-09-20 22:36:53,043 - INFO - Loaded data from raw_data/stock_data_2min/LUV.csv with shape (5654, 7).
2024-09-20 22:36:53,094 - INFO - Loaded data from raw_data/stock_data_2min/LW.csv with shape (5645, 7).
2024-09-20 22:36:53,145 - INFO - Loaded data from raw_data/stock_data_2min/MS.csv with shape (5651, 7).
2024-09-20 22:36:53,202 - INFO - Loaded data from raw_data/stock_data_2min/CPB.csv with shape (5452, 7).
2024-09-20 22:36:53,255 - INFO - Loaded data from raw_data/stock_data_2min/OKE.csv with shape (5651, 7).
2024-09-20 22:36:53,306 - INFO - Loaded data from raw_data/stock_data_2min/BK.csv with shape (5647, 7).
2024-09-20 22:36:53,352 - INFO - Loaded data from raw_data/stock_data_2min/J.csv with shape (4968, 7).
2024-09-20 22:36:53,404 - INFO - Loaded data from raw_data/stock_data_2min/SYF.csv with shape (5651, 7).
2024-09-20 22:36:53,455 - INFO - Loaded data from raw_data/stock_data_2min/CHD.csv with shape (5576, 7).
2024-09-20 22:36:53,506 - INFO - Loaded data from raw_data/stock_data_2min/HWM.csv with shape (5646, 7).
2024-09-20 22:36:53,552 - INFO - Loaded data from raw_data/stock_data_2min/MHK.csv with shape (4985, 7).
2024-09-20 22:36:53,636 - INFO - Loaded data from raw_data/stock_data_2min/TFC.csv with shape (5651, 7).
2024-09-20 22:36:53,706 - INFO - Loaded data from raw_data/stock_data_2min/DAL.csv with shape (5648, 7).
2024-09-20 22:36:53,762 - INFO - Loaded data from raw_data/stock_data_2min/APA.csv with shape (5653, 7).
2024-09-20 22:36:53,817 - INFO - Loaded data from raw_data/stock_data_2min/K.csv with shape (5645, 7).
2024-09-20 22:36:53,872 - INFO - Loaded data from raw_data/stock_data_2min/AFL.csv with shape (5645, 7).
2024-09-20 22:36:53,925 - INFO - Loaded data from raw_data/stock_data_2min/CSX.csv with shape (5653, 7).
2024-09-20 22:36:53,979 - INFO - Loaded data from raw_data/stock_data_2min/NI.csv with shape (5650, 7).
2024-09-20 22:36:54,033 - INFO - Loaded data from raw_data/stock_data_2min/CPT.csv with shape (5373, 7).
2024-09-20 22:36:54,083 - INFO - Loaded data from raw_data/stock_data_2min/PFG.csv with shape (5421, 7).
2024-09-20 22:36:54,142 - INFO - Loaded data from raw_data/stock_data_2min/NCLH.csv with shape (5654, 7).
2024-09-20 22:36:54,193 - INFO - Loaded data from raw_data/stock_data_2min/RJF.csv with shape (5328, 7).
2024-09-20 22:36:54,246 - INFO - Loaded data from raw_data/stock_data_2min/HBAN.csv with shape (5653, 7).
2024-09-20 22:36:54,300 - INFO - Loaded data from raw_data/stock_data_2min/UNH.csv with shape (5648, 7).
2024-09-20 22:36:54,355 - INFO - Loaded data from raw_data/stock_data_2min/PRU.csv with shape (5637, 7).
2024-09-20 22:36:54,403 - INFO - Loaded data from raw_data/stock_data_2min/GPC.csv with shape (5179, 7).
2024-09-20 22:36:54,440 - INFO - Loaded data from raw_data/stock_data_2min/WTW.csv with shape (3975, 7).
2024-09-20 22:36:54,492 - INFO - Loaded data from raw_data/stock_data_2min/WMB.csv with shape (5651, 7).
2024-09-20 22:36:54,543 - INFO - Loaded data from raw_data/stock_data_2min/EQR.csv with shape (5599, 7).
2024-09-20 22:36:54,592 - INFO - Loaded data from raw_data/stock_data_2min/DVA.csv with shape (5221, 7).
2024-09-20 22:36:54,643 - INFO - Loaded data from raw_data/stock_data_2min/AIG.csv with shape (5651, 7).
2024-09-20 22:36:54,695 - INFO - Loaded data from raw_data/stock_data_2min/MA.csv with shape (5645, 7).
2024-09-20 22:36:54,747 - INFO - Loaded data from raw_data/stock_data_2min/HON.csv with shape (5645, 7).
2024-09-20 22:36:54,799 - INFO - Loaded data from raw_data/stock_data_2min/VICI.csv with shape (5649, 7).
2024-09-20 22:36:54,851 - INFO - Loaded data from raw_data/stock_data_2min/O.csv with shape (5651, 7).
2024-09-20 22:36:54,901 - INFO - Loaded data from raw_data/stock_data_2min/NWSA.csv with shape (5584, 7).
2024-09-20 22:36:54,951 - INFO - Loaded data from raw_data/stock_data_2min/TTWO.csv with shape (5508, 7).
2024-09-20 22:36:55,003 - INFO - Loaded data from raw_data/stock_data_2min/AES.csv with shape (5650, 7).
2024-09-20 22:36:55,062 - INFO - Loaded data from raw_data/stock_data_2min/SLB.csv with shape (5647, 7).
2024-09-20 22:36:55,114 - INFO - Loaded data from raw_data/stock_data_2min/DOC.csv with shape (5651, 7).
2024-09-20 22:36:55,164 - INFO - Loaded data from raw_data/stock_data_2min/TT.csv with shape (5350, 7).
2024-09-20 22:36:55,216 - INFO - Loaded data from raw_data/stock_data_2min/TGT.csv with shape (5647, 7).
2024-09-20 22:36:55,268 - INFO - Loaded data from raw_data/stock_data_2min/AAPL.csv with shape (5655, 7).
2024-09-20 22:36:55,322 - INFO - Loaded data from raw_data/stock_data_2min/MKC.csv with shape (5551, 7).
2024-09-20 22:36:55,373 - INFO - Loaded data from raw_data/stock_data_2min/OTIS.csv with shape (5624, 7).
2024-09-20 22:36:55,424 - INFO - Loaded data from raw_data/stock_data_2min/CEG.csv with shape (5645, 7).
2024-09-20 22:36:55,451 - INFO - Loaded data from raw_data/stock_data_2min/TDY.csv with shape (2830, 7).
2024-09-20 22:36:55,502 - INFO - Loaded data from raw_data/stock_data_2min/WY.csv with shape (5651, 7).
2024-09-20 22:36:55,551 - INFO - Loaded data from raw_data/stock_data_2min/APD.csv with shape (5372, 7).
2024-09-20 22:36:55,600 - INFO - Loaded data from raw_data/stock_data_2min/GRMN.csv with shape (5051, 7).
2024-09-20 22:36:55,651 - INFO - Loaded data from raw_data/stock_data_2min/AEE.csv with shape (5557, 7).
2024-09-20 22:36:55,703 - INFO - Loaded data from raw_data/stock_data_2min/BX.csv with shape (5648, 7).
2024-09-20 22:36:55,755 - INFO - Loaded data from raw_data/stock_data_2min/HLT.csv with shape (5561, 7).
2024-09-20 22:36:55,807 - INFO - Loaded data from raw_data/stock_data_2min/DLTR.csv with shape (5649, 7).
2024-09-20 22:36:55,850 - INFO - Loaded data from raw_data/stock_data_2min/STE.csv with shape (4390, 7).
2024-09-20 22:36:55,900 - INFO - Loaded data from raw_data/stock_data_2min/HAS.csv with shape (5494, 7).
2024-09-20 22:36:55,959 - INFO - Loaded data from raw_data/stock_data_2min/TMUS.csv with shape (5653, 7).
2024-09-20 22:36:56,011 - INFO - Loaded data from raw_data/stock_data_2min/WMT.csv with shape (5650, 7).
2024-09-20 22:36:56,065 - INFO - Loaded data from raw_data/stock_data_2min/NTAP.csv with shape (5598, 7).
2024-09-20 22:36:56,116 - INFO - Loaded data from raw_data/stock_data_2min/KIM.csv with shape (5645, 7).
2024-09-20 22:36:56,168 - INFO - Loaded data from raw_data/stock_data_2min/BAX.csv with shape (5648, 7).
2024-09-20 22:36:56,217 - INFO - Loaded data from raw_data/stock_data_2min/LMT.csv with shape (5423, 7).
2024-09-20 22:36:56,268 - INFO - Loaded data from raw_data/stock_data_2min/KKR.csv with shape (5655, 7).
2024-09-20 22:36:56,322 - INFO - Loaded data from raw_data/stock_data_2min/KEY.csv with shape (5652, 7).
2024-09-20 22:36:56,374 - INFO - Loaded data from raw_data/stock_data_2min/KEYS.csv with shape (5492, 7).
2024-09-20 22:36:56,426 - INFO - Loaded data from raw_data/stock_data_2min/BMY.csv with shape (5652, 7).
2024-09-20 22:36:56,474 - INFO - Loaded data from raw_data/stock_data_2min/PSA.csv with shape (5173, 7).
2024-09-20 22:36:56,525 - INFO - Loaded data from raw_data/stock_data_2min/WYNN.csv with shape (5641, 7).
2024-09-20 22:36:56,572 - INFO - Loaded data from raw_data/stock_data_2min/EFX.csv with shape (5244, 7).
2024-09-20 22:36:56,623 - INFO - Loaded data from raw_data/stock_data_2min/NUE.csv with shape (5578, 7).
2024-09-20 22:36:56,666 - INFO - Loaded data from raw_data/stock_data_2min/PKG.csv with shape (4621, 7).
2024-09-20 22:36:56,716 - INFO - Loaded data from raw_data/stock_data_2min/GDDY.csv with shape (5528, 7).
2024-09-20 22:36:56,765 - INFO - Loaded data from raw_data/stock_data_2min/WAB.csv with shape (5377, 7).
2024-09-20 22:36:56,826 - INFO - Loaded data from raw_data/stock_data_2min/CTSH.csv with shape (5635, 7).
2024-09-20 22:36:56,880 - INFO - Loaded data from raw_data/stock_data_2min/GEV.csv with shape (5648, 7).
2024-09-20 22:36:56,933 - INFO - Loaded data from raw_data/stock_data_2min/SWK.csv with shape (5566, 7).
2024-09-20 22:36:56,980 - INFO - Loaded data from raw_data/stock_data_2min/CRL.csv with shape (5105, 7).
2024-09-20 22:36:57,031 - INFO - Loaded data from raw_data/stock_data_2min/MU.csv with shape (5655, 7).
2024-09-20 22:36:57,080 - INFO - Loaded data from raw_data/stock_data_2min/TRV.csv with shape (5408, 7).
2024-09-20 22:36:57,131 - INFO - Loaded data from raw_data/stock_data_2min/BRK-B.csv with shape (5648, 7).
2024-09-20 22:36:57,176 - INFO - Loaded data from raw_data/stock_data_2min/L.csv with shape (4946, 7).
2024-09-20 22:36:57,227 - INFO - Loaded data from raw_data/stock_data_2min/AEP.csv with shape (5647, 7).
2024-09-20 22:36:57,276 - INFO - Loaded data from raw_data/stock_data_2min/CI.csv with shape (5308, 7).
2024-09-20 22:36:57,328 - INFO - Loaded data from raw_data/stock_data_2min/DOW.csv with shape (5652, 7).
2024-09-20 22:36:57,374 - INFO - Loaded data from raw_data/stock_data_2min/CDW.csv with shape (4933, 7).
2024-09-20 22:36:57,425 - INFO - Loaded data from raw_data/stock_data_2min/BALL.csv with shape (5589, 7).
2024-09-20 22:36:57,476 - INFO - Loaded data from raw_data/stock_data_2min/JNJ.csv with shape (5652, 7).
2024-09-20 22:36:57,527 - INFO - Loaded data from raw_data/stock_data_2min/WM.csv with shape (5589, 7).
2024-09-20 22:36:57,593 - INFO - Loaded data from raw_data/stock_data_2min/DOV.csv with shape (5370, 7).
2024-09-20 22:36:57,886 - INFO - Loaded data from raw_data/stock_data_2min/CRM.csv with shape (5651, 7).
2024-09-20 22:36:57,942 - INFO - Loaded data from raw_data/stock_data_2min/PGR.csv with shape (5444, 7).
2024-09-20 22:36:57,998 - INFO - Loaded data from raw_data/stock_data_2min/WAT.csv with shape (3750, 7).
2024-09-20 22:36:58,042 - INFO - Loaded data from raw_data/stock_data_2min/IEX.csv with shape (4281, 7).
2024-09-20 22:36:58,095 - INFO - Loaded data from raw_data/stock_data_2min/BWA.csv with shape (5651, 7).
2024-09-20 22:36:58,149 - INFO - Loaded data from raw_data/stock_data_2min/LRCX.csv with shape (5418, 7).
2024-09-20 22:36:58,192 - INFO - Loaded data from raw_data/stock_data_2min/BLK.csv with shape (4463, 7).
2024-09-20 22:36:58,244 - INFO - Loaded data from raw_data/stock_data_2min/PPL.csv with shape (5651, 7).
2024-09-20 22:36:58,466 - INFO - Initial combined stocks data shape: (5655, 503)
2024-09-20 22:36:58,553 - INFO - Final combined stocks data shape: (5463, 457)
2024-09-20 22:36:58,553 - INFO - Removed 46 assets due to excessive missing data.
2024-09-20 22:36:58,553 - INFO - Retained 5463 valid rows out of 5655.
2024-09-20 22:36:58,554 - INFO - Found 20 etfs files to process.
2024-09-20 22:36:58,610 - INFO - Loaded data from raw_data/etf_data_2min/XLE.csv with shape (5650, 7).
2024-09-20 22:36:58,666 - INFO - Loaded data from raw_data/etf_data_2min/QQQ.csv with shape (5653, 7).
2024-09-20 22:36:58,723 - INFO - Loaded data from raw_data/etf_data_2min/VXX.csv with shape (5653, 7).
2024-09-20 22:36:58,779 - INFO - Loaded data from raw_data/etf_data_2min/XLF.csv with shape (5650, 7).
2024-09-20 22:36:58,833 - INFO - Loaded data from raw_data/etf_data_2min/XLP.csv with shape (5652, 7).
2024-09-20 22:36:58,889 - INFO - Loaded data from raw_data/etf_data_2min/XLC.csv with shape (5651, 7).
2024-09-20 22:36:58,948 - INFO - Loaded data from raw_data/etf_data_2min/XLB.csv with shape (5651, 7).
2024-09-20 22:36:59,001 - INFO - Loaded data from raw_data/etf_data_2min/XLU.csv with shape (5648, 7).
2024-09-20 22:36:59,052 - INFO - Loaded data from raw_data/etf_data_2min/GLD.csv with shape (5647, 7).
2024-09-20 22:36:59,104 - INFO - Loaded data from raw_data/etf_data_2min/USO.csv with shape (5643, 7).
2024-09-20 22:36:59,157 - INFO - Loaded data from raw_data/etf_data_2min/XLV.csv with shape (5650, 7).
2024-09-20 22:36:59,209 - INFO - Loaded data from raw_data/etf_data_2min/IWM.csv with shape (5651, 7).
2024-09-20 22:36:59,263 - INFO - Loaded data from raw_data/etf_data_2min/TLT.csv with shape (5654, 7).
2024-09-20 22:36:59,321 - INFO - Loaded data from raw_data/etf_data_2min/XLY.csv with shape (5650, 7).
2024-09-20 22:36:59,376 - INFO - Loaded data from raw_data/etf_data_2min/DIA.csv with shape (5642, 7).
2024-09-20 22:36:59,429 - INFO - Loaded data from raw_data/etf_data_2min/XLK.csv with shape (5651, 7).
2024-09-20 22:36:59,483 - INFO - Loaded data from raw_data/etf_data_2min/SPY.csv with shape (5650, 7).
2024-09-20 22:36:59,535 - INFO - Loaded data from raw_data/etf_data_2min/XLI.csv with shape (5652, 7).
2024-09-20 22:36:59,587 - INFO - Loaded data from raw_data/etf_data_2min/XLRE.csv with shape (5652, 7).
2024-09-20 22:36:59,641 - INFO - Loaded data from raw_data/etf_data_2min/SLV.csv with shape (5651, 7).
2024-09-20 22:36:59,650 - INFO - Initial combined etfs data shape: (5655, 20)
2024-09-20 22:36:59,654 - INFO - Final combined etfs data shape: (5655, 20)
2024-09-20 22:36:59,654 - INFO - Removed 0 assets due to excessive missing data.
2024-09-20 22:36:59,654 - INFO - Retained 5655 valid rows out of 5655.
2024-09-20 22:36:59,668 - INFO - Aligned data shape - Stocks: (5463, 457), ETFs: (5463, 20)
2024-09-20 22:36:59,801 - INFO - Calculated and standardized returns - Stocks: (5462, 457), ETFs: (5462, 20)
2024-09-20 22:36:59,802 - INFO - Ensuring directory preprocessed_data exists for preprocessed data.
2024-09-20 22:37:02,328 - INFO - Saved preprocessed stocks data to preprocessed_data/preprocessed_stocks.csv.
2024-09-20 22:37:02,454 - INFO - Saved preprocessed ETFs data to preprocessed_data/preprocessed_etfs.csv.
2024-09-20 22:37:02,454 - INFO - Data preprocessing completed successfully.
