2024-09-20 22:10:22,409 - INFO - Successfully fetched 503 S&P 500 tickers from Wikipedia.
2024-09-20 22:10:22,410 - INFO - Starting download of S&P 500 stock data.
2024-09-20 22:10:23,183 - INFO - Data for ADBE saved successfully to raw_data/stock_data_2min/ADBE.csv.
2024-09-20 22:10:23,271 - INFO - Data for ABT saved successfully to raw_data/stock_data_2min/ABT.csv.
2024-09-20 22:10:23,314 - INFO - Data for MMM saved successfully to raw_data/stock_data_2min/MMM.csv.
2024-09-20 22:10:23,357 - INFO - Data for ABBV saved successfully to raw_data/stock_data_2min/ABBV.csv.
2024-09-20 22:10:23,398 - INFO - Data for AOS saved successfully to raw_data/stock_data_2min/AOS.csv.
2024-09-20 22:10:23,440 - INFO - Data for ACN saved successfully to raw_data/stock_data_2min/ACN.csv.
2024-09-20 22:10:23,556 - INFO - Data for AES saved successfully to raw_data/stock_data_2min/AES.csv.
2024-09-20 22:10:23,662 - INFO - Data for AMD saved successfully to raw_data/stock_data_2min/AMD.csv.
2024-09-20 22:10:23,749 - INFO - Data for A saved successfully to raw_data/stock_data_2min/A.csv.
2024-09-20 22:10:23,794 - INFO - Data for AFL saved successfully to raw_data/stock_data_2min/AFL.csv.
2024-09-20 22:10:23,836 - INFO - Data for ABNB saved successfully to raw_data/stock_data_2min/ABNB.csv.
2024-09-20 22:10:23,877 - INFO - Data for APD saved successfully to raw_data/stock_data_2min/APD.csv.
2024-09-20 22:10:23,940 - INFO - Data for ALB saved successfully to raw_data/stock_data_2min/ALB.csv.
2024-09-20 22:10:24,024 - INFO - Data for ARE saved successfully to raw_data/stock_data_2min/ARE.csv.
2024-09-20 22:10:24,139 - INFO - Data for ALGN saved successfully to raw_data/stock_data_2min/ALGN.csv.
2024-09-20 22:10:24,247 - INFO - Data for AKAM saved successfully to raw_data/stock_data_2min/AKAM.csv.
2024-09-20 22:10:24,296 - INFO - Data for LNT saved successfully to raw_data/stock_data_2min/LNT.csv.
2024-09-20 22:10:24,333 - INFO - Data for ALLE saved successfully to raw_data/stock_data_2min/ALLE.csv.
2024-09-20 22:10:24,374 - INFO - Data for AMZN saved successfully to raw_data/stock_data_2min/AMZN.csv.
2024-09-20 22:10:24,415 - INFO - Data for MO saved successfully to raw_data/stock_data_2min/MO.csv.
2024-09-20 22:10:24,474 - INFO - Data for ALL saved successfully to raw_data/stock_data_2min/ALL.csv.
2024-09-20 22:10:24,603 - INFO - Data for GOOGL saved successfully to raw_data/stock_data_2min/GOOGL.csv.
2024-09-20 22:10:24,703 - INFO - Data for GOOG saved successfully to raw_data/stock_data_2min/GOOG.csv.
2024-09-20 22:10:24,764 - INFO - Data for AMCR saved successfully to raw_data/stock_data_2min/AMCR.csv.
2024-09-20 22:10:24,809 - INFO - Data for AEE saved successfully to raw_data/stock_data_2min/AEE.csv.
2024-09-20 22:10:24,850 - INFO - Data for AXP saved successfully to raw_data/stock_data_2min/AXP.csv.
2024-09-20 22:10:24,893 - INFO - Data for AEP saved successfully to raw_data/stock_data_2min/AEP.csv.
2024-09-20 22:10:24,952 - INFO - Data for AAL saved successfully to raw_data/stock_data_2min/AAL.csv.
2024-09-20 22:10:25,075 - INFO - Data for AIG saved successfully to raw_data/stock_data_2min/AIG.csv.
2024-09-20 22:10:25,170 - INFO - Data for AWK saved successfully to raw_data/stock_data_2min/AWK.csv.
2024-09-20 22:10:25,239 - INFO - Data for AMP saved successfully to raw_data/stock_data_2min/AMP.csv.
2024-09-20 22:10:25,283 - INFO - Data for AMT saved successfully to raw_data/stock_data_2min/AMT.csv.
2024-09-20 22:10:25,324 - INFO - Data for AME saved successfully to raw_data/stock_data_2min/AME.csv.
2024-09-20 22:10:25,402 - INFO - Data for AMGN saved successfully to raw_data/stock_data_2min/AMGN.csv.
2024-09-20 22:10:25,457 - INFO - Data for APA saved successfully to raw_data/stock_data_2min/APA.csv.
2024-09-20 22:10:25,517 - INFO - Data for AON saved successfully to raw_data/stock_data_2min/AON.csv.
2024-09-20 22:10:25,600 - INFO - Data for ANSS saved successfully to raw_data/stock_data_2min/ANSS.csv.
2024-09-20 22:10:25,706 - INFO - Data for ADI saved successfully to raw_data/stock_data_2min/ADI.csv.
2024-09-20 22:10:25,764 - INFO - Data for APH saved successfully to raw_data/stock_data_2min/APH.csv.
2024-09-20 22:10:25,809 - INFO - Data for AAPL saved successfully to raw_data/stock_data_2min/AAPL.csv.
2024-09-20 22:10:25,902 - INFO - Data for AMAT saved successfully to raw_data/stock_data_2min/AMAT.csv.
2024-09-20 22:10:25,954 - INFO - Data for ADM saved successfully to raw_data/stock_data_2min/ADM.csv.
2024-09-20 22:10:26,048 - INFO - Data for ACGL saved successfully to raw_data/stock_data_2min/ACGL.csv.
2024-09-20 22:10:26,136 - INFO - Data for APTV saved successfully to raw_data/stock_data_2min/APTV.csv.
2024-09-20 22:10:26,212 - INFO - Data for T saved successfully to raw_data/stock_data_2min/T.csv.
2024-09-20 22:10:26,262 - INFO - Data for AIZ saved successfully to raw_data/stock_data_2min/AIZ.csv.
2024-09-20 22:10:26,308 - INFO - Data for ANET saved successfully to raw_data/stock_data_2min/ANET.csv.
2024-09-20 22:10:26,347 - INFO - Data for ATO saved successfully to raw_data/stock_data_2min/ATO.csv.
2024-09-20 22:10:26,422 - INFO - Data for AJG saved successfully to raw_data/stock_data_2min/AJG.csv.
2024-09-20 22:10:26,466 - INFO - Data for AZO saved successfully to raw_data/stock_data_2min/AZO.csv.
2024-09-20 22:10:26,602 - INFO - Data for ADP saved successfully to raw_data/stock_data_2min/ADP.csv.
2024-09-20 22:10:26,677 - INFO - Data for ADSK saved successfully to raw_data/stock_data_2min/ADSK.csv.
2024-09-20 22:10:26,730 - INFO - Data for AXON saved successfully to raw_data/stock_data_2min/AXON.csv.
2024-09-20 22:10:26,769 - INFO - Data for AVY saved successfully to raw_data/stock_data_2min/AVY.csv.
2024-09-20 22:10:26,822 - INFO - Data for BALL saved successfully to raw_data/stock_data_2min/BALL.csv.
2024-09-20 22:10:26,904 - INFO - Data for BAC saved successfully to raw_data/stock_data_2min/BAC.csv.
2024-09-20 22:10:26,956 - INFO - Data for BKR saved successfully to raw_data/stock_data_2min/BKR.csv.
2024-09-20 22:10:27,083 - INFO - Data for AVB saved successfully to raw_data/stock_data_2min/AVB.csv.
2024-09-20 22:10:27,147 - INFO - Data for BK saved successfully to raw_data/stock_data_2min/BK.csv.
2024-09-20 22:10:27,232 - INFO - Data for BBWI saved successfully to raw_data/stock_data_2min/BBWI.csv.
2024-09-20 22:10:27,304 - INFO - Data for BAX saved successfully to raw_data/stock_data_2min/BAX.csv.
2024-09-20 22:10:27,346 - INFO - Data for BDX saved successfully to raw_data/stock_data_2min/BDX.csv.
2024-09-20 22:10:27,371 - INFO - Data for BIO saved successfully to raw_data/stock_data_2min/BIO.csv.
2024-09-20 22:10:27,456 - INFO - Data for BRK-B saved successfully to raw_data/stock_data_2min/BRK-B.csv.
2024-09-20 22:10:27,548 - INFO - Data for BBY saved successfully to raw_data/stock_data_2min/BBY.csv.
2024-09-20 22:10:27,657 - INFO - Data for TECH saved successfully to raw_data/stock_data_2min/TECH.csv.
2024-09-20 22:10:27,715 - INFO - Data for BIIB saved successfully to raw_data/stock_data_2min/BIIB.csv.
2024-09-20 22:10:27,746 - INFO - Data for BLK saved successfully to raw_data/stock_data_2min/BLK.csv.
2024-09-20 22:10:27,810 - INFO - Data for BX saved successfully to raw_data/stock_data_2min/BX.csv.
2024-09-20 22:10:27,876 - INFO - Data for BMY saved successfully to raw_data/stock_data_2min/BMY.csv.
2024-09-20 22:10:27,920 - INFO - Data for BA saved successfully to raw_data/stock_data_2min/BA.csv.
2024-09-20 22:10:27,993 - INFO - Data for BWA saved successfully to raw_data/stock_data_2min/BWA.csv.
2024-09-20 22:10:28,085 - INFO - Data for BSX saved successfully to raw_data/stock_data_2min/BSX.csv.
2024-09-20 22:10:28,107 - INFO - Data for BKNG saved successfully to raw_data/stock_data_2min/BKNG.csv.
2024-09-20 22:10:28,142 - INFO - Data for BR saved successfully to raw_data/stock_data_2min/BR.csv.
2024-09-20 22:10:28,262 - INFO - Data for AVGO saved successfully to raw_data/stock_data_2min/AVGO.csv.
2024-09-20 22:10:28,311 - INFO - Data for BRO saved successfully to raw_data/stock_data_2min/BRO.csv.
2024-09-20 22:10:28,433 - INFO - Data for BLDR saved successfully to raw_data/stock_data_2min/BLDR.csv.
2024-09-20 22:10:28,484 - INFO - Data for BF-B saved successfully to raw_data/stock_data_2min/BF-B.csv.
2024-09-20 22:10:28,523 - INFO - Data for CHRW saved successfully to raw_data/stock_data_2min/CHRW.csv.
2024-09-20 22:10:28,561 - INFO - Data for BG saved successfully to raw_data/stock_data_2min/BG.csv.
2024-09-20 22:10:28,671 - INFO - Data for BXP saved successfully to raw_data/stock_data_2min/BXP.csv.
2024-09-20 22:10:28,776 - INFO - Data for CZR saved successfully to raw_data/stock_data_2min/CZR.csv.
2024-09-20 22:10:28,866 - INFO - Data for CDNS saved successfully to raw_data/stock_data_2min/CDNS.csv.
2024-09-20 22:10:28,909 - INFO - Data for CPT saved successfully to raw_data/stock_data_2min/CPT.csv.
2024-09-20 22:10:28,948 - INFO - Data for CPB saved successfully to raw_data/stock_data_2min/CPB.csv.
2024-09-20 22:10:28,989 - INFO - Data for COF saved successfully to raw_data/stock_data_2min/COF.csv.
2024-09-20 22:10:29,045 - INFO - Data for KMX saved successfully to raw_data/stock_data_2min/KMX.csv.
2024-09-20 22:10:29,098 - INFO - Data for CARR saved successfully to raw_data/stock_data_2min/CARR.csv.
2024-09-20 22:10:29,139 - INFO - Data for CAH saved successfully to raw_data/stock_data_2min/CAH.csv.
2024-09-20 22:10:29,248 - INFO - Data for CTLT saved successfully to raw_data/stock_data_2min/CTLT.csv.
2024-09-20 22:10:29,371 - INFO - Data for CAT saved successfully to raw_data/stock_data_2min/CAT.csv.
2024-09-20 22:10:29,421 - INFO - Data for CCL saved successfully to raw_data/stock_data_2min/CCL.csv.
2024-09-20 22:10:29,461 - INFO - Data for CBRE saved successfully to raw_data/stock_data_2min/CBRE.csv.
2024-09-20 22:10:29,497 - INFO - Data for CBOE saved successfully to raw_data/stock_data_2min/CBOE.csv.
2024-09-20 22:10:29,532 - INFO - Data for CDW saved successfully to raw_data/stock_data_2min/CDW.csv.
2024-09-20 22:10:29,572 - INFO - Data for CNC saved successfully to raw_data/stock_data_2min/CNC.csv.
2024-09-20 22:10:29,612 - INFO - Data for COR saved successfully to raw_data/stock_data_2min/COR.csv.
2024-09-20 22:10:29,722 - INFO - Data for CE saved successfully to raw_data/stock_data_2min/CE.csv.
2024-09-20 22:10:29,846 - INFO - Data for CF saved successfully to raw_data/stock_data_2min/CF.csv.
2024-09-20 22:10:29,890 - INFO - Data for CNP saved successfully to raw_data/stock_data_2min/CNP.csv.
2024-09-20 22:10:29,930 - INFO - Data for SCHW saved successfully to raw_data/stock_data_2min/SCHW.csv.
2024-09-20 22:10:29,967 - INFO - Data for CRL saved successfully to raw_data/stock_data_2min/CRL.csv.
2024-09-20 22:10:30,005 - INFO - Data for CHTR saved successfully to raw_data/stock_data_2min/CHTR.csv.
2024-09-20 22:10:30,046 - INFO - Data for CB saved successfully to raw_data/stock_data_2min/CB.csv.
2024-09-20 22:10:30,128 - INFO - Data for CVX saved successfully to raw_data/stock_data_2min/CVX.csv.
2024-09-20 22:10:30,279 - INFO - Data for CMG saved successfully to raw_data/stock_data_2min/CMG.csv.
2024-09-20 22:10:30,319 - INFO - Data for CINF saved successfully to raw_data/stock_data_2min/CINF.csv.
2024-09-20 22:10:30,359 - INFO - Data for CHD saved successfully to raw_data/stock_data_2min/CHD.csv.
2024-09-20 22:10:30,399 - INFO - Data for CFG saved successfully to raw_data/stock_data_2min/CFG.csv.
2024-09-20 22:10:30,439 - INFO - Data for CLX saved successfully to raw_data/stock_data_2min/CLX.csv.
2024-09-20 22:10:30,478 - INFO - Data for CI saved successfully to raw_data/stock_data_2min/CI.csv.
2024-09-20 22:10:30,519 - INFO - Data for C saved successfully to raw_data/stock_data_2min/C.csv.
2024-09-20 22:10:30,560 - INFO - Data for CSCO saved successfully to raw_data/stock_data_2min/CSCO.csv.
2024-09-20 22:10:30,722 - INFO - Data for CME saved successfully to raw_data/stock_data_2min/CME.csv.
2024-09-20 22:10:30,817 - INFO - Data for CMS saved successfully to raw_data/stock_data_2min/CMS.csv.
2024-09-20 22:10:30,871 - INFO - Data for CTSH saved successfully to raw_data/stock_data_2min/CTSH.csv.
2024-09-20 22:10:30,912 - INFO - Data for CAG saved successfully to raw_data/stock_data_2min/CAG.csv.
2024-09-20 22:10:30,953 - INFO - Data for CL saved successfully to raw_data/stock_data_2min/CL.csv.
2024-09-20 22:10:30,994 - INFO - Data for KO saved successfully to raw_data/stock_data_2min/KO.csv.
2024-09-20 22:10:31,117 - INFO - Data for CMCSA saved successfully to raw_data/stock_data_2min/CMCSA.csv.
2024-09-20 22:10:31,190 - INFO - Data for COP saved successfully to raw_data/stock_data_2min/COP.csv.
2024-09-20 22:10:31,231 - INFO - Data for STZ saved successfully to raw_data/stock_data_2min/STZ.csv.
2024-09-20 22:10:31,297 - INFO - Data for CPRT saved successfully to raw_data/stock_data_2min/CPRT.csv.
2024-09-20 22:10:31,354 - INFO - Data for COO saved successfully to raw_data/stock_data_2min/COO.csv.
2024-09-20 22:10:31,437 - INFO - Data for ED saved successfully to raw_data/stock_data_2min/ED.csv.
2024-09-20 22:10:31,541 - INFO - Data for GLW saved successfully to raw_data/stock_data_2min/GLW.csv.
2024-09-20 22:10:31,595 - INFO - Data for CEG saved successfully to raw_data/stock_data_2min/CEG.csv.
2024-09-20 22:10:31,651 - INFO - Data for CPAY saved successfully to raw_data/stock_data_2min/CPAY.csv.
2024-09-20 22:10:31,735 - INFO - Data for CTVA saved successfully to raw_data/stock_data_2min/CTVA.csv.
2024-09-20 22:10:31,841 - INFO - Data for COST saved successfully to raw_data/stock_data_2min/COST.csv.
2024-09-20 22:10:31,944 - INFO - Data for CTRA saved successfully to raw_data/stock_data_2min/CTRA.csv.
2024-09-20 22:10:31,986 - INFO - Data for CRWD saved successfully to raw_data/stock_data_2min/CRWD.csv.
2024-09-20 22:10:32,068 - INFO - Data for CSX saved successfully to raw_data/stock_data_2min/CSX.csv.
2024-09-20 22:10:32,138 - INFO - Data for CSGP saved successfully to raw_data/stock_data_2min/CSGP.csv.
2024-09-20 22:10:32,179 - INFO - Data for CCI saved successfully to raw_data/stock_data_2min/CCI.csv.
2024-09-20 22:10:32,245 - INFO - Data for CTAS saved successfully to raw_data/stock_data_2min/CTAS.csv.
2024-09-20 22:10:32,315 - INFO - Data for CVS saved successfully to raw_data/stock_data_2min/CVS.csv.
2024-09-20 22:10:32,391 - INFO - Data for CMI saved successfully to raw_data/stock_data_2min/CMI.csv.
2024-09-20 22:10:32,434 - INFO - Data for DVA saved successfully to raw_data/stock_data_2min/DVA.csv.
2024-09-20 22:10:32,511 - INFO - Data for DAY saved successfully to raw_data/stock_data_2min/DAY.csv.
2024-09-20 22:10:32,573 - INFO - Data for DRI saved successfully to raw_data/stock_data_2min/DRI.csv.
2024-09-20 22:10:32,660 - INFO - Data for DHR saved successfully to raw_data/stock_data_2min/DHR.csv.
2024-09-20 22:10:32,750 - INFO - Data for DE saved successfully to raw_data/stock_data_2min/DE.csv.
2024-09-20 22:10:32,809 - INFO - Data for DVN saved successfully to raw_data/stock_data_2min/DVN.csv.
2024-09-20 22:10:32,869 - INFO - Data for DAL saved successfully to raw_data/stock_data_2min/DAL.csv.
2024-09-20 22:10:32,915 - INFO - Data for DXCM saved successfully to raw_data/stock_data_2min/DXCM.csv.
2024-09-20 22:10:32,955 - INFO - Data for DLR saved successfully to raw_data/stock_data_2min/DLR.csv.
2024-09-20 22:10:33,030 - INFO - Data for FANG saved successfully to raw_data/stock_data_2min/FANG.csv.
2024-09-20 22:10:33,138 - INFO - Data for DFS saved successfully to raw_data/stock_data_2min/DFS.csv.
2024-09-20 22:10:33,219 - INFO - Data for DG saved successfully to raw_data/stock_data_2min/DG.csv.
2024-09-20 22:10:33,265 - INFO - Data for D saved successfully to raw_data/stock_data_2min/D.csv.
2024-09-20 22:10:33,296 - INFO - Data for DECK saved successfully to raw_data/stock_data_2min/DECK.csv.
2024-09-20 22:10:33,363 - INFO - Data for DOV saved successfully to raw_data/stock_data_2min/DOV.csv.
2024-09-20 22:10:33,419 - INFO - Data for DLTR saved successfully to raw_data/stock_data_2min/DLTR.csv.
2024-09-20 22:10:33,477 - INFO - Data for DPZ saved successfully to raw_data/stock_data_2min/DPZ.csv.
2024-09-20 22:10:33,556 - INFO - Data for DOW saved successfully to raw_data/stock_data_2min/DOW.csv.
2024-09-20 22:10:33,622 - INFO - Data for DUK saved successfully to raw_data/stock_data_2min/DUK.csv.
2024-09-20 22:10:33,731 - INFO - Data for DTE saved successfully to raw_data/stock_data_2min/DTE.csv.
2024-09-20 22:10:33,808 - INFO - Data for DHI saved successfully to raw_data/stock_data_2min/DHI.csv.
2024-09-20 22:10:33,849 - INFO - Data for ETN saved successfully to raw_data/stock_data_2min/ETN.csv.
2024-09-20 22:10:33,905 - INFO - Data for EMN saved successfully to raw_data/stock_data_2min/EMN.csv.
2024-09-20 22:10:33,946 - INFO - Data for ECL saved successfully to raw_data/stock_data_2min/ECL.csv.
2024-09-20 22:10:34,006 - INFO - Data for DD saved successfully to raw_data/stock_data_2min/DD.csv.
2024-09-20 22:10:34,052 - INFO - Data for EBAY saved successfully to raw_data/stock_data_2min/EBAY.csv.
2024-09-20 22:10:34,184 - INFO - Data for EW saved successfully to raw_data/stock_data_2min/EW.csv.
2024-09-20 22:10:34,241 - INFO - Data for EA saved successfully to raw_data/stock_data_2min/EA.csv.
2024-09-20 22:10:34,302 - INFO - Data for EIX saved successfully to raw_data/stock_data_2min/EIX.csv.
2024-09-20 22:10:34,381 - INFO - Data for EMR saved successfully to raw_data/stock_data_2min/EMR.csv.
2024-09-20 22:10:34,426 - INFO - Data for ENPH saved successfully to raw_data/stock_data_2min/ENPH.csv.
2024-09-20 22:10:34,461 - INFO - Data for ELV saved successfully to raw_data/stock_data_2min/ELV.csv.
2024-09-20 22:10:34,517 - INFO - Data for EOG saved successfully to raw_data/stock_data_2min/EOG.csv.
2024-09-20 22:10:34,620 - INFO - Data for EPAM saved successfully to raw_data/stock_data_2min/EPAM.csv.
2024-09-20 22:10:34,684 - INFO - Data for ETR saved successfully to raw_data/stock_data_2min/ETR.csv.
2024-09-20 22:10:34,748 - INFO - Data for ESS saved successfully to raw_data/stock_data_2min/ESS.csv.
2024-09-20 22:10:34,784 - INFO - Data for EQIX saved successfully to raw_data/stock_data_2min/EQIX.csv.
2024-09-20 22:10:34,844 - INFO - Data for EQR saved successfully to raw_data/stock_data_2min/EQR.csv.
2024-09-20 22:10:34,881 - INFO - Data for EFX saved successfully to raw_data/stock_data_2min/EFX.csv.
2024-09-20 22:10:34,922 - INFO - Data for EL saved successfully to raw_data/stock_data_2min/EL.csv.
2024-09-20 22:10:35,002 - INFO - Data for ETSY saved successfully to raw_data/stock_data_2min/ETSY.csv.
2024-09-20 22:10:35,085 - INFO - Data for EQT saved successfully to raw_data/stock_data_2min/EQT.csv.
2024-09-20 22:10:35,175 - INFO - Data for EG saved successfully to raw_data/stock_data_2min/EG.csv.
2024-09-20 22:10:35,225 - INFO - Data for EVRG saved successfully to raw_data/stock_data_2min/EVRG.csv.
2024-09-20 22:10:35,302 - INFO - Data for EXC saved successfully to raw_data/stock_data_2min/EXC.csv.
2024-09-20 22:10:35,348 - INFO - Data for ES saved successfully to raw_data/stock_data_2min/ES.csv.
2024-09-20 22:10:35,405 - INFO - Data for EXPE saved successfully to raw_data/stock_data_2min/EXPE.csv.
2024-09-20 22:10:35,450 - INFO - Data for EXPD saved successfully to raw_data/stock_data_2min/EXPD.csv.
2024-09-20 22:10:35,501 - INFO - Data for FFIV saved successfully to raw_data/stock_data_2min/FFIV.csv.
2024-09-20 22:10:35,567 - INFO - Data for XOM saved successfully to raw_data/stock_data_2min/XOM.csv.
2024-09-20 22:10:35,606 - INFO - Data for EXR saved successfully to raw_data/stock_data_2min/EXR.csv.
2024-09-20 22:10:35,692 - INFO - Data for FDS saved successfully to raw_data/stock_data_2min/FDS.csv.
2024-09-20 22:10:35,750 - INFO - Data for FICO saved successfully to raw_data/stock_data_2min/FICO.csv.
2024-09-20 22:10:35,818 - INFO - Data for FAST saved successfully to raw_data/stock_data_2min/FAST.csv.
2024-09-20 22:10:35,873 - INFO - Data for FRT saved successfully to raw_data/stock_data_2min/FRT.csv.
2024-09-20 22:10:35,937 - INFO - Data for FIS saved successfully to raw_data/stock_data_2min/FIS.csv.
2024-09-20 22:10:35,979 - INFO - Data for FI saved successfully to raw_data/stock_data_2min/FI.csv.
2024-09-20 22:10:36,019 - INFO - Data for FITB saved successfully to raw_data/stock_data_2min/FITB.csv.
2024-09-20 22:10:36,059 - INFO - Data for FSLR saved successfully to raw_data/stock_data_2min/FSLR.csv.
2024-09-20 22:10:36,170 - INFO - Data for FDX saved successfully to raw_data/stock_data_2min/FDX.csv.
2024-09-20 22:10:36,290 - INFO - Data for FE saved successfully to raw_data/stock_data_2min/FE.csv.
2024-09-20 22:10:36,358 - INFO - Data for FMC saved successfully to raw_data/stock_data_2min/FMC.csv.
2024-09-20 22:10:36,398 - INFO - Data for F saved successfully to raw_data/stock_data_2min/F.csv.
2024-09-20 22:10:36,438 - INFO - Data for FTNT saved successfully to raw_data/stock_data_2min/FTNT.csv.
2024-09-20 22:10:36,490 - INFO - Data for FOX saved successfully to raw_data/stock_data_2min/FOX.csv.
2024-09-20 22:10:36,539 - INFO - Data for FOXA saved successfully to raw_data/stock_data_2min/FOXA.csv.
2024-09-20 22:10:36,581 - INFO - Data for BEN saved successfully to raw_data/stock_data_2min/BEN.csv.
2024-09-20 22:10:36,688 - INFO - Data for FTV saved successfully to raw_data/stock_data_2min/FTV.csv.
2024-09-20 22:10:36,789 - INFO - Data for FCX saved successfully to raw_data/stock_data_2min/FCX.csv.
2024-09-20 22:10:36,817 - INFO - Data for IT saved successfully to raw_data/stock_data_2min/IT.csv.
2024-09-20 22:10:36,854 - INFO - Data for GRMN saved successfully to raw_data/stock_data_2min/GRMN.csv.
2024-09-20 22:10:36,918 - INFO - Data for GE saved successfully to raw_data/stock_data_2min/GE.csv.
2024-09-20 22:10:36,959 - INFO - Data for GEV saved successfully to raw_data/stock_data_2min/GEV.csv.
2024-09-20 22:10:36,998 - INFO - Data for GEHC saved successfully to raw_data/stock_data_2min/GEHC.csv.
2024-09-20 22:10:37,074 - INFO - Data for GEN saved successfully to raw_data/stock_data_2min/GEN.csv.
2024-09-20 22:10:37,158 - INFO - Data for GNRC saved successfully to raw_data/stock_data_2min/GNRC.csv.
2024-09-20 22:10:37,260 - INFO - Data for GD saved successfully to raw_data/stock_data_2min/GD.csv.
2024-09-20 22:10:37,330 - INFO - Data for GIS saved successfully to raw_data/stock_data_2min/GIS.csv.
2024-09-20 22:10:37,372 - INFO - Data for GM saved successfully to raw_data/stock_data_2min/GM.csv.
2024-09-20 22:10:37,409 - INFO - Data for GPC saved successfully to raw_data/stock_data_2min/GPC.csv.
2024-09-20 22:10:37,471 - INFO - Data for GILD saved successfully to raw_data/stock_data_2min/GILD.csv.
2024-09-20 22:10:37,530 - INFO - Data for GPN saved successfully to raw_data/stock_data_2min/GPN.csv.
2024-09-20 22:10:37,572 - INFO - Data for GL saved successfully to raw_data/stock_data_2min/GL.csv.
2024-09-20 22:10:37,648 - INFO - Data for HIG saved successfully to raw_data/stock_data_2min/HIG.csv.
2024-09-20 22:10:37,738 - INFO - Data for HAS saved successfully to raw_data/stock_data_2min/HAS.csv.
2024-09-20 22:10:37,801 - INFO - Data for GS saved successfully to raw_data/stock_data_2min/GS.csv.
2024-09-20 22:10:37,887 - INFO - Data for HAL saved successfully to raw_data/stock_data_2min/HAL.csv.
2024-09-20 22:10:37,946 - INFO - Data for GDDY saved successfully to raw_data/stock_data_2min/GDDY.csv.
2024-09-20 22:10:37,987 - INFO - Data for HCA saved successfully to raw_data/stock_data_2min/HCA.csv.
2024-09-20 22:10:38,068 - INFO - Data for DOC saved successfully to raw_data/stock_data_2min/DOC.csv.
2024-09-20 22:10:38,130 - INFO - Data for HSIC saved successfully to raw_data/stock_data_2min/HSIC.csv.
2024-09-20 22:10:38,172 - INFO - Data for HOLX saved successfully to raw_data/stock_data_2min/HOLX.csv.
2024-09-20 22:10:38,232 - INFO - Data for HPE saved successfully to raw_data/stock_data_2min/HPE.csv.
2024-09-20 22:10:38,349 - INFO - Data for HES saved successfully to raw_data/stock_data_2min/HES.csv.
2024-09-20 22:10:38,444 - INFO - Data for HD saved successfully to raw_data/stock_data_2min/HD.csv.
2024-09-20 22:10:38,506 - INFO - Data for HLT saved successfully to raw_data/stock_data_2min/HLT.csv.
2024-09-20 22:10:38,547 - INFO - Data for HSY saved successfully to raw_data/stock_data_2min/HSY.csv.
2024-09-20 22:10:38,587 - INFO - Data for HON saved successfully to raw_data/stock_data_2min/HON.csv.
2024-09-20 22:10:38,628 - INFO - Data for HRL saved successfully to raw_data/stock_data_2min/HRL.csv.
2024-09-20 22:10:38,690 - INFO - Data for HST saved successfully to raw_data/stock_data_2min/HST.csv.
2024-09-20 22:10:38,746 - INFO - Data for HUBB saved successfully to raw_data/stock_data_2min/HUBB.csv.
2024-09-20 22:10:38,884 - INFO - Data for HUM saved successfully to raw_data/stock_data_2min/HUM.csv.
2024-09-20 22:10:38,956 - INFO - Data for HPQ saved successfully to raw_data/stock_data_2min/HPQ.csv.
2024-09-20 22:10:39,001 - INFO - Data for HII saved successfully to raw_data/stock_data_2min/HII.csv.
2024-09-20 22:10:39,044 - INFO - Data for HBAN saved successfully to raw_data/stock_data_2min/HBAN.csv.
2024-09-20 22:10:39,084 - INFO - Data for HWM saved successfully to raw_data/stock_data_2min/HWM.csv.
2024-09-20 22:10:39,144 - INFO - Data for IBM saved successfully to raw_data/stock_data_2min/IBM.csv.
2024-09-20 22:10:39,198 - INFO - Data for IEX saved successfully to raw_data/stock_data_2min/IEX.csv.
2024-09-20 22:10:39,249 - INFO - Data for IDXX saved successfully to raw_data/stock_data_2min/IDXX.csv.
2024-09-20 22:10:39,350 - INFO - Data for ITW saved successfully to raw_data/stock_data_2min/ITW.csv.
2024-09-20 22:10:39,415 - INFO - Data for INCY saved successfully to raw_data/stock_data_2min/INCY.csv.
2024-09-20 22:10:39,491 - INFO - Data for PODD saved successfully to raw_data/stock_data_2min/PODD.csv.
2024-09-20 22:10:39,535 - INFO - Data for INTC saved successfully to raw_data/stock_data_2min/INTC.csv.
2024-09-20 22:10:39,576 - INFO - Data for IR saved successfully to raw_data/stock_data_2min/IR.csv.
2024-09-20 22:10:39,618 - INFO - Data for ICE saved successfully to raw_data/stock_data_2min/ICE.csv.
2024-09-20 22:10:39,659 - INFO - Data for IFF saved successfully to raw_data/stock_data_2min/IFF.csv.
2024-09-20 22:10:39,811 - INFO - Data for IP saved successfully to raw_data/stock_data_2min/IP.csv.
2024-09-20 22:10:39,893 - INFO - Data for IPG saved successfully to raw_data/stock_data_2min/IPG.csv.
2024-09-20 22:10:39,958 - INFO - Data for INVH saved successfully to raw_data/stock_data_2min/INVH.csv.
2024-09-20 22:10:39,998 - INFO - Data for IVZ saved successfully to raw_data/stock_data_2min/IVZ.csv.
2024-09-20 22:10:40,036 - INFO - Data for INTU saved successfully to raw_data/stock_data_2min/INTU.csv.
2024-09-20 22:10:40,075 - INFO - Data for ISRG saved successfully to raw_data/stock_data_2min/ISRG.csv.
2024-09-20 22:10:40,156 - INFO - Data for IRM saved successfully to raw_data/stock_data_2min/IRM.csv.
2024-09-20 22:10:40,272 - INFO - Data for IQV saved successfully to raw_data/stock_data_2min/IQV.csv.
2024-09-20 22:10:40,322 - INFO - Data for JBHT saved successfully to raw_data/stock_data_2min/JBHT.csv.
2024-09-20 22:10:40,382 - INFO - Data for JBL saved successfully to raw_data/stock_data_2min/JBL.csv.
2024-09-20 22:10:40,419 - INFO - Data for J saved successfully to raw_data/stock_data_2min/J.csv.
2024-09-20 22:10:40,477 - INFO - Data for JKHY saved successfully to raw_data/stock_data_2min/JKHY.csv.
2024-09-20 22:10:40,568 - INFO - Data for JNJ saved successfully to raw_data/stock_data_2min/JNJ.csv.
2024-09-20 22:10:40,630 - INFO - Data for JCI saved successfully to raw_data/stock_data_2min/JCI.csv.
2024-09-20 22:10:40,701 - INFO - Data for K saved successfully to raw_data/stock_data_2min/K.csv.
2024-09-20 22:10:40,755 - INFO - Data for JNPR saved successfully to raw_data/stock_data_2min/JNPR.csv.
2024-09-20 22:10:40,803 - INFO - Data for JPM saved successfully to raw_data/stock_data_2min/JPM.csv.
2024-09-20 22:10:40,893 - INFO - Data for KVUE saved successfully to raw_data/stock_data_2min/KVUE.csv.
2024-09-20 22:10:40,981 - INFO - Data for KDP saved successfully to raw_data/stock_data_2min/KDP.csv.
2024-09-20 22:10:41,023 - INFO - Data for KEY saved successfully to raw_data/stock_data_2min/KEY.csv.
2024-09-20 22:10:41,086 - INFO - Data for KMB saved successfully to raw_data/stock_data_2min/KMB.csv.
2024-09-20 22:10:41,167 - INFO - Data for KIM saved successfully to raw_data/stock_data_2min/KIM.csv.
2024-09-20 22:10:41,210 - INFO - Data for KKR saved successfully to raw_data/stock_data_2min/KKR.csv.
2024-09-20 22:10:41,266 - INFO - Data for KMI saved successfully to raw_data/stock_data_2min/KMI.csv.
2024-09-20 22:10:41,337 - INFO - Data for KEYS saved successfully to raw_data/stock_data_2min/KEYS.csv.
2024-09-20 22:10:41,452 - INFO - Data for KR saved successfully to raw_data/stock_data_2min/KR.csv.
2024-09-20 22:10:41,538 - INFO - Data for KHC saved successfully to raw_data/stock_data_2min/KHC.csv.
2024-09-20 22:10:41,578 - INFO - Data for KLAC saved successfully to raw_data/stock_data_2min/KLAC.csv.
2024-09-20 22:10:41,615 - INFO - Data for LHX saved successfully to raw_data/stock_data_2min/LHX.csv.
2024-09-20 22:10:41,649 - INFO - Data for LH saved successfully to raw_data/stock_data_2min/LH.csv.
2024-09-20 22:10:41,687 - INFO - Data for LRCX saved successfully to raw_data/stock_data_2min/LRCX.csv.
2024-09-20 22:10:41,750 - INFO - Data for LEN saved successfully to raw_data/stock_data_2min/LEN.csv.
2024-09-20 22:10:41,854 - INFO - Data for LDOS saved successfully to raw_data/stock_data_2min/LDOS.csv.
2024-09-20 22:10:41,916 - INFO - Data for LVS saved successfully to raw_data/stock_data_2min/LVS.csv.
2024-09-20 22:10:41,997 - INFO - Data for LW saved successfully to raw_data/stock_data_2min/LW.csv.
2024-09-20 22:10:42,037 - INFO - Data for LIN saved successfully to raw_data/stock_data_2min/LIN.csv.
2024-09-20 22:10:42,077 - INFO - Data for LLY saved successfully to raw_data/stock_data_2min/LLY.csv.
2024-09-20 22:10:42,118 - INFO - Data for LKQ saved successfully to raw_data/stock_data_2min/LKQ.csv.
2024-09-20 22:10:42,180 - INFO - Data for LYV saved successfully to raw_data/stock_data_2min/LYV.csv.
2024-09-20 22:10:42,277 - INFO - Data for LMT saved successfully to raw_data/stock_data_2min/LMT.csv.
2024-09-20 22:10:42,386 - INFO - Data for LOW saved successfully to raw_data/stock_data_2min/LOW.csv.
2024-09-20 22:10:42,452 - INFO - Data for LYB saved successfully to raw_data/stock_data_2min/LYB.csv.
2024-09-20 22:10:42,487 - INFO - Data for L saved successfully to raw_data/stock_data_2min/L.csv.
2024-09-20 22:10:42,546 - INFO - Data for LULU saved successfully to raw_data/stock_data_2min/LULU.csv.
2024-09-20 22:10:42,589 - INFO - Data for MRO saved successfully to raw_data/stock_data_2min/MRO.csv.
2024-09-20 22:10:42,638 - INFO - Data for MTB saved successfully to raw_data/stock_data_2min/MTB.csv.
2024-09-20 22:10:42,689 - INFO - Data for MKTX saved successfully to raw_data/stock_data_2min/MKTX.csv.
2024-09-20 22:10:42,786 - INFO - Data for MMC saved successfully to raw_data/stock_data_2min/MMC.csv.
2024-09-20 22:10:42,911 - INFO - Data for MPC saved successfully to raw_data/stock_data_2min/MPC.csv.
2024-09-20 22:10:42,959 - INFO - Data for MAS saved successfully to raw_data/stock_data_2min/MAS.csv.
2024-09-20 22:10:42,999 - INFO - Data for MAR saved successfully to raw_data/stock_data_2min/MAR.csv.
2024-09-20 22:10:43,033 - INFO - Data for MLM saved successfully to raw_data/stock_data_2min/MLM.csv.
2024-09-20 22:10:43,073 - INFO - Data for MTCH saved successfully to raw_data/stock_data_2min/MTCH.csv.
2024-09-20 22:10:43,113 - INFO - Data for MKC saved successfully to raw_data/stock_data_2min/MKC.csv.
2024-09-20 22:10:43,192 - INFO - Data for MA saved successfully to raw_data/stock_data_2min/MA.csv.
2024-09-20 22:10:43,278 - INFO - Data for MCD saved successfully to raw_data/stock_data_2min/MCD.csv.
2024-09-20 22:10:43,342 - INFO - Data for MRK saved successfully to raw_data/stock_data_2min/MRK.csv.
2024-09-20 22:10:43,433 - INFO - Data for MDT saved successfully to raw_data/stock_data_2min/MDT.csv.
2024-09-20 22:10:43,486 - INFO - Data for MCK saved successfully to raw_data/stock_data_2min/MCK.csv.
2024-09-20 22:10:43,526 - INFO - Data for MET saved successfully to raw_data/stock_data_2min/MET.csv.
2024-09-20 22:10:43,572 - INFO - Data for MGM saved successfully to raw_data/stock_data_2min/MGM.csv.
2024-09-20 22:10:43,642 - INFO - Data for META saved successfully to raw_data/stock_data_2min/META.csv.
2024-09-20 22:10:43,733 - INFO - Data for MCHP saved successfully to raw_data/stock_data_2min/MCHP.csv.
2024-09-20 22:10:43,750 - INFO - Data for MTD saved successfully to raw_data/stock_data_2min/MTD.csv.
2024-09-20 22:10:43,815 - INFO - Data for MU saved successfully to raw_data/stock_data_2min/MU.csv.
2024-09-20 22:10:43,894 - INFO - Data for MSFT saved successfully to raw_data/stock_data_2min/MSFT.csv.
2024-09-20 22:10:43,938 - INFO - Data for MAA saved successfully to raw_data/stock_data_2min/MAA.csv.
2024-09-20 22:10:43,980 - INFO - Data for MRNA saved successfully to raw_data/stock_data_2min/MRNA.csv.
2024-09-20 22:10:44,056 - INFO - Data for MHK saved successfully to raw_data/stock_data_2min/MHK.csv.
2024-09-20 22:10:44,120 - INFO - Data for TAP saved successfully to raw_data/stock_data_2min/TAP.csv.
2024-09-20 22:10:44,212 - INFO - Data for MDLZ saved successfully to raw_data/stock_data_2min/MDLZ.csv.
2024-09-20 22:10:44,261 - INFO - Data for MOH saved successfully to raw_data/stock_data_2min/MOH.csv.
2024-09-20 22:10:44,294 - INFO - Data for MPWR saved successfully to raw_data/stock_data_2min/MPWR.csv.
2024-09-20 22:10:44,349 - INFO - Data for MCO saved successfully to raw_data/stock_data_2min/MCO.csv.
2024-09-20 22:10:44,432 - INFO - Data for MNST saved successfully to raw_data/stock_data_2min/MNST.csv.
2024-09-20 22:10:44,472 - INFO - Data for MS saved successfully to raw_data/stock_data_2min/MS.csv.
2024-09-20 22:10:44,506 - INFO - Data for MSCI saved successfully to raw_data/stock_data_2min/MSCI.csv.
2024-09-20 22:10:44,570 - INFO - Data for MSI saved successfully to raw_data/stock_data_2min/MSI.csv.
2024-09-20 22:10:44,687 - INFO - Data for MOS saved successfully to raw_data/stock_data_2min/MOS.csv.
2024-09-20 22:10:44,730 - INFO - Data for NDAQ saved successfully to raw_data/stock_data_2min/NDAQ.csv.
2024-09-20 22:10:44,788 - INFO - Data for NEM saved successfully to raw_data/stock_data_2min/NEM.csv.
2024-09-20 22:10:44,834 - INFO - Data for NTAP saved successfully to raw_data/stock_data_2min/NTAP.csv.
2024-09-20 22:10:44,876 - INFO - Data for NWSA saved successfully to raw_data/stock_data_2min/NWSA.csv.
2024-09-20 22:10:44,947 - INFO - Data for NWS saved successfully to raw_data/stock_data_2min/NWS.csv.
2024-09-20 22:10:45,034 - INFO - Data for NI saved successfully to raw_data/stock_data_2min/NI.csv.
2024-09-20 22:10:45,137 - INFO - Data for NEE saved successfully to raw_data/stock_data_2min/NEE.csv.
2024-09-20 22:10:45,203 - INFO - Data for NKE saved successfully to raw_data/stock_data_2min/NKE.csv.
2024-09-20 22:10:45,228 - INFO - Data for NDSN saved successfully to raw_data/stock_data_2min/NDSN.csv.
2024-09-20 22:10:45,267 - INFO - Data for NFLX saved successfully to raw_data/stock_data_2min/NFLX.csv.
2024-09-20 22:10:45,328 - INFO - Data for NSC saved successfully to raw_data/stock_data_2min/NSC.csv.
2024-09-20 22:10:45,371 - INFO - Data for NTRS saved successfully to raw_data/stock_data_2min/NTRS.csv.
2024-09-20 22:10:45,451 - INFO - Data for NOC saved successfully to raw_data/stock_data_2min/NOC.csv.
2024-09-20 22:10:45,529 - INFO - Data for NUE saved successfully to raw_data/stock_data_2min/NUE.csv.
2024-09-20 22:10:45,592 - INFO - Data for NRG saved successfully to raw_data/stock_data_2min/NRG.csv.
2024-09-20 22:10:45,634 - INFO - Data for NVDA saved successfully to raw_data/stock_data_2min/NVDA.csv.
2024-09-20 22:10:45,674 - INFO - Data for NVR saved successfully to raw_data/stock_data_2min/NVR.csv.
2024-09-20 22:10:45,739 - INFO - Data for ORLY saved successfully to raw_data/stock_data_2min/ORLY.csv.
2024-09-20 22:10:45,786 - INFO - Data for NXPI saved successfully to raw_data/stock_data_2min/NXPI.csv.
2024-09-20 22:10:45,847 - INFO - Data for NCLH saved successfully to raw_data/stock_data_2min/NCLH.csv.
2024-09-20 22:10:45,890 - INFO - Data for OXY saved successfully to raw_data/stock_data_2min/OXY.csv.
2024-09-20 22:10:45,930 - INFO - Data for ON saved successfully to raw_data/stock_data_2min/ON.csv.
2024-09-20 22:10:46,007 - INFO - Data for ODFL saved successfully to raw_data/stock_data_2min/ODFL.csv.
2024-09-20 22:10:46,119 - INFO - Data for OMC saved successfully to raw_data/stock_data_2min/OMC.csv.
2024-09-20 22:10:46,181 - INFO - Data for OKE saved successfully to raw_data/stock_data_2min/OKE.csv.
2024-09-20 22:10:46,262 - INFO - Data for ORCL saved successfully to raw_data/stock_data_2min/ORCL.csv.
2024-09-20 22:10:46,305 - INFO - Data for PCAR saved successfully to raw_data/stock_data_2min/PCAR.csv.
2024-09-20 22:10:46,364 - INFO - Data for OTIS saved successfully to raw_data/stock_data_2min/OTIS.csv.
2024-09-20 22:10:46,400 - INFO - Data for PKG saved successfully to raw_data/stock_data_2min/PKG.csv.
2024-09-20 22:10:46,436 - INFO - Data for PH saved successfully to raw_data/stock_data_2min/PH.csv.
2024-09-20 22:10:46,497 - INFO - Data for PANW saved successfully to raw_data/stock_data_2min/PANW.csv.
2024-09-20 22:10:46,566 - INFO - Data for PARA saved successfully to raw_data/stock_data_2min/PARA.csv.
2024-09-20 22:10:47,017 - INFO - Data for PAYX saved successfully to raw_data/stock_data_2min/PAYX.csv.
2024-09-20 22:10:47,121 - INFO - Data for PAYC saved successfully to raw_data/stock_data_2min/PAYC.csv.
2024-09-20 22:10:47,162 - INFO - Data for PNR saved successfully to raw_data/stock_data_2min/PNR.csv.
2024-09-20 22:10:47,203 - INFO - Data for PYPL saved successfully to raw_data/stock_data_2min/PYPL.csv.
2024-09-20 22:10:47,244 - INFO - Data for PEP saved successfully to raw_data/stock_data_2min/PEP.csv.
2024-09-20 22:10:47,288 - INFO - Data for PCG saved successfully to raw_data/stock_data_2min/PCG.csv.
2024-09-20 22:10:47,330 - INFO - Data for PFE saved successfully to raw_data/stock_data_2min/PFE.csv.
2024-09-20 22:10:47,371 - INFO - Data for PSX saved successfully to raw_data/stock_data_2min/PSX.csv.
2024-09-20 22:10:47,433 - INFO - Data for PM saved successfully to raw_data/stock_data_2min/PM.csv.
2024-09-20 22:10:47,492 - INFO - Data for PNW saved successfully to raw_data/stock_data_2min/PNW.csv.
2024-09-20 22:10:47,654 - INFO - Data for PNC saved successfully to raw_data/stock_data_2min/PNC.csv.
2024-09-20 22:10:47,694 - INFO - Data for POOL saved successfully to raw_data/stock_data_2min/POOL.csv.
2024-09-20 22:10:47,734 - INFO - Data for PGR saved successfully to raw_data/stock_data_2min/PGR.csv.
2024-09-20 22:10:47,776 - INFO - Data for PPL saved successfully to raw_data/stock_data_2min/PPL.csv.
2024-09-20 22:10:47,819 - INFO - Data for PPG saved successfully to raw_data/stock_data_2min/PPG.csv.
2024-09-20 22:10:47,879 - INFO - Data for PG saved successfully to raw_data/stock_data_2min/PG.csv.
2024-09-20 22:10:47,923 - INFO - Data for PFG saved successfully to raw_data/stock_data_2min/PFG.csv.
2024-09-20 22:10:47,967 - INFO - Data for PRU saved successfully to raw_data/stock_data_2min/PRU.csv.
2024-09-20 22:10:48,078 - INFO - Data for PEG saved successfully to raw_data/stock_data_2min/PEG.csv.
2024-09-20 22:10:48,198 - INFO - Data for PLD saved successfully to raw_data/stock_data_2min/PLD.csv.
2024-09-20 22:10:48,242 - INFO - Data for QRVO saved successfully to raw_data/stock_data_2min/QRVO.csv.
2024-09-20 22:10:48,298 - INFO - Data for PSA saved successfully to raw_data/stock_data_2min/PSA.csv.
2024-09-20 22:10:48,342 - INFO - Data for PHM saved successfully to raw_data/stock_data_2min/PHM.csv.
2024-09-20 22:10:48,376 - INFO - Data for PTC saved successfully to raw_data/stock_data_2min/PTC.csv.
2024-09-20 22:10:48,415 - INFO - Data for PWR saved successfully to raw_data/stock_data_2min/PWR.csv.
2024-09-20 22:10:48,490 - INFO - Data for QCOM saved successfully to raw_data/stock_data_2min/QCOM.csv.
2024-09-20 22:10:48,576 - INFO - Data for RL saved successfully to raw_data/stock_data_2min/RL.csv.
2024-09-20 22:10:48,677 - INFO - Data for RTX saved successfully to raw_data/stock_data_2min/RTX.csv.
2024-09-20 22:10:48,745 - INFO - Data for RJF saved successfully to raw_data/stock_data_2min/RJF.csv.
2024-09-20 22:10:48,789 - INFO - Data for DGX saved successfully to raw_data/stock_data_2min/DGX.csv.
2024-09-20 22:10:48,828 - INFO - Data for REG saved successfully to raw_data/stock_data_2min/REG.csv.
2024-09-20 22:10:48,858 - INFO - Data for REGN saved successfully to raw_data/stock_data_2min/REGN.csv.
2024-09-20 22:10:48,949 - INFO - Data for RSG saved successfully to raw_data/stock_data_2min/RSG.csv.
2024-09-20 22:10:49,019 - INFO - Data for RF saved successfully to raw_data/stock_data_2min/RF.csv.
2024-09-20 22:10:49,064 - INFO - Data for O saved successfully to raw_data/stock_data_2min/O.csv.
2024-09-20 22:10:49,168 - INFO - Data for RMD saved successfully to raw_data/stock_data_2min/RMD.csv.
2024-09-20 22:10:49,212 - INFO - Data for ROP saved successfully to raw_data/stock_data_2min/ROP.csv.
2024-09-20 22:10:49,250 - INFO - Data for RVTY saved successfully to raw_data/stock_data_2min/RVTY.csv.
2024-09-20 22:10:49,327 - INFO - Data for ROL saved successfully to raw_data/stock_data_2min/ROL.csv.
2024-09-20 22:10:49,369 - INFO - Data for SPGI saved successfully to raw_data/stock_data_2min/SPGI.csv.
2024-09-20 22:10:49,449 - INFO - Data for ROK saved successfully to raw_data/stock_data_2min/ROK.csv.
2024-09-20 22:10:49,493 - INFO - Data for ROST saved successfully to raw_data/stock_data_2min/ROST.csv.
2024-09-20 22:10:49,532 - INFO - Data for RCL saved successfully to raw_data/stock_data_2min/RCL.csv.
2024-09-20 22:10:49,574 - INFO - Data for CRM saved successfully to raw_data/stock_data_2min/CRM.csv.
2024-09-20 22:10:49,670 - INFO - Data for SBAC saved successfully to raw_data/stock_data_2min/SBAC.csv.
2024-09-20 22:10:49,782 - INFO - Data for SLB saved successfully to raw_data/stock_data_2min/SLB.csv.
2024-09-20 22:10:49,860 - INFO - Data for SHW saved successfully to raw_data/stock_data_2min/SHW.csv.
2024-09-20 22:10:49,902 - INFO - Data for NOW saved successfully to raw_data/stock_data_2min/NOW.csv.
2024-09-20 22:10:49,942 - INFO - Data for SPG saved successfully to raw_data/stock_data_2min/SPG.csv.
2024-09-20 22:10:49,981 - INFO - Data for SRE saved successfully to raw_data/stock_data_2min/SRE.csv.
2024-09-20 22:10:50,100 - INFO - Data for STX saved successfully to raw_data/stock_data_2min/STX.csv.
2024-09-20 22:10:50,246 - INFO - Data for SWKS saved successfully to raw_data/stock_data_2min/SWKS.csv.
2024-09-20 22:10:50,326 - INFO - Data for SJM saved successfully to raw_data/stock_data_2min/SJM.csv.
2024-09-20 22:10:50,389 - INFO - Data for SW saved successfully to raw_data/stock_data_2min/SW.csv.
2024-09-20 22:10:50,454 - INFO - Data for SNA saved successfully to raw_data/stock_data_2min/SNA.csv.
2024-09-20 22:10:50,526 - INFO - Data for SBUX saved successfully to raw_data/stock_data_2min/SBUX.csv.
2024-09-20 22:10:50,566 - INFO - Data for SOLV saved successfully to raw_data/stock_data_2min/SOLV.csv.
2024-09-20 22:10:50,606 - INFO - Data for STLD saved successfully to raw_data/stock_data_2min/STLD.csv.
2024-09-20 22:10:50,685 - INFO - Data for SWK saved successfully to raw_data/stock_data_2min/SWK.csv.
2024-09-20 22:10:50,782 - INFO - Data for LUV saved successfully to raw_data/stock_data_2min/LUV.csv.
2024-09-20 22:10:50,855 - INFO - Data for STT saved successfully to raw_data/stock_data_2min/STT.csv.
2024-09-20 22:10:50,897 - INFO - Data for SO saved successfully to raw_data/stock_data_2min/SO.csv.
2024-09-20 22:10:50,929 - INFO - Data for STE saved successfully to raw_data/stock_data_2min/STE.csv.
2024-09-20 22:10:50,968 - INFO - Data for SYK saved successfully to raw_data/stock_data_2min/SYK.csv.
2024-09-20 22:10:51,010 - INFO - Data for TMUS saved successfully to raw_data/stock_data_2min/TMUS.csv.
2024-09-20 22:10:51,099 - INFO - Data for SNPS saved successfully to raw_data/stock_data_2min/SNPS.csv.
2024-09-20 22:10:51,214 - INFO - Data for SYY saved successfully to raw_data/stock_data_2min/SYY.csv.
2024-09-20 22:10:51,263 - INFO - Data for SYF saved successfully to raw_data/stock_data_2min/SYF.csv.
2024-09-20 22:10:51,344 - INFO - Data for TROW saved successfully to raw_data/stock_data_2min/TROW.csv.
2024-09-20 22:10:51,389 - INFO - Data for SMCI saved successfully to raw_data/stock_data_2min/SMCI.csv.
2024-09-20 22:10:51,429 - INFO - Data for TTWO saved successfully to raw_data/stock_data_2min/TTWO.csv.
2024-09-20 22:10:51,470 - INFO - Data for TPR saved successfully to raw_data/stock_data_2min/TPR.csv.
2024-09-20 22:10:51,491 - INFO - Data for TDY saved successfully to raw_data/stock_data_2min/TDY.csv.
2024-09-20 22:10:51,582 - INFO - Data for TEL saved successfully to raw_data/stock_data_2min/TEL.csv.
2024-09-20 22:10:51,662 - INFO - Data for TFX saved successfully to raw_data/stock_data_2min/TFX.csv.
2024-09-20 22:10:51,717 - INFO - Data for TGT saved successfully to raw_data/stock_data_2min/TGT.csv.
2024-09-20 22:10:51,787 - INFO - Data for TER saved successfully to raw_data/stock_data_2min/TER.csv.
2024-09-20 22:10:51,847 - INFO - Data for TRGP saved successfully to raw_data/stock_data_2min/TRGP.csv.
2024-09-20 22:10:51,888 - INFO - Data for TSLA saved successfully to raw_data/stock_data_2min/TSLA.csv.
2024-09-20 22:10:51,927 - INFO - Data for TXT saved successfully to raw_data/stock_data_2min/TXT.csv.
2024-09-20 22:10:51,968 - INFO - Data for TMO saved successfully to raw_data/stock_data_2min/TMO.csv.
2024-09-20 22:10:52,032 - INFO - Data for TXN saved successfully to raw_data/stock_data_2min/TXN.csv.
2024-09-20 22:10:52,124 - INFO - Data for TSCO saved successfully to raw_data/stock_data_2min/TSCO.csv.
2024-09-20 22:10:52,188 - INFO - Data for TJX saved successfully to raw_data/stock_data_2min/TJX.csv.
2024-09-20 22:10:52,226 - INFO - Data for TT saved successfully to raw_data/stock_data_2min/TT.csv.
2024-09-20 22:10:52,247 - INFO - Data for TDG saved successfully to raw_data/stock_data_2min/TDG.csv.
2024-09-20 22:10:52,286 - INFO - Data for TRV saved successfully to raw_data/stock_data_2min/TRV.csv.
2024-09-20 22:10:52,307 - INFO - Data for TYL saved successfully to raw_data/stock_data_2min/TYL.csv.
2024-09-20 22:10:52,345 - INFO - Data for TRMB saved successfully to raw_data/stock_data_2min/TRMB.csv.
2024-09-20 22:10:52,385 - INFO - Data for TFC saved successfully to raw_data/stock_data_2min/TFC.csv.
2024-09-20 22:10:52,425 - INFO - Data for TSN saved successfully to raw_data/stock_data_2min/TSN.csv.
2024-09-20 22:10:52,466 - INFO - Data for USB saved successfully to raw_data/stock_data_2min/USB.csv.
2024-09-20 22:10:52,506 - INFO - Data for UBER saved successfully to raw_data/stock_data_2min/UBER.csv.
2024-09-20 22:10:52,545 - INFO - Data for UDR saved successfully to raw_data/stock_data_2min/UDR.csv.
2024-09-20 22:10:52,585 - INFO - Data for UAL saved successfully to raw_data/stock_data_2min/UAL.csv.
2024-09-20 22:10:52,624 - INFO - Data for ULTA saved successfully to raw_data/stock_data_2min/ULTA.csv.
2024-09-20 22:10:52,663 - INFO - Data for UNP saved successfully to raw_data/stock_data_2min/UNP.csv.
2024-09-20 22:10:52,695 - INFO - Data for URI saved successfully to raw_data/stock_data_2min/URI.csv.
2024-09-20 22:10:52,735 - INFO - Data for UPS saved successfully to raw_data/stock_data_2min/UPS.csv.
2024-09-20 22:10:52,771 - INFO - Data for UHS saved successfully to raw_data/stock_data_2min/UHS.csv.
2024-09-20 22:10:52,811 - INFO - Data for UNH saved successfully to raw_data/stock_data_2min/UNH.csv.
2024-09-20 22:10:52,844 - INFO - Data for VRSN saved successfully to raw_data/stock_data_2min/VRSN.csv.
2024-09-20 22:10:52,884 - INFO - Data for VLTO saved successfully to raw_data/stock_data_2min/VLTO.csv.
2024-09-20 22:10:52,923 - INFO - Data for VTR saved successfully to raw_data/stock_data_2min/VTR.csv.
2024-09-20 22:10:52,965 - INFO - Data for VLO saved successfully to raw_data/stock_data_2min/VLO.csv.
2024-09-20 22:10:53,005 - INFO - Data for VZ saved successfully to raw_data/stock_data_2min/VZ.csv.
2024-09-20 22:10:53,039 - INFO - Data for VRSK saved successfully to raw_data/stock_data_2min/VRSK.csv.
2024-09-20 22:10:53,077 - INFO - Data for VRTX saved successfully to raw_data/stock_data_2min/VRTX.csv.
2024-09-20 22:10:53,117 - INFO - Data for VTRS saved successfully to raw_data/stock_data_2min/VTRS.csv.
2024-09-20 22:10:53,158 - INFO - Data for VICI saved successfully to raw_data/stock_data_2min/VICI.csv.
2024-09-20 22:10:53,197 - INFO - Data for WRB saved successfully to raw_data/stock_data_2min/WRB.csv.
2024-09-20 22:10:53,218 - INFO - Data for GWW saved successfully to raw_data/stock_data_2min/GWW.csv.
2024-09-20 22:10:53,258 - INFO - Data for VST saved successfully to raw_data/stock_data_2min/VST.csv.
2024-09-20 22:10:53,296 - INFO - Data for VMC saved successfully to raw_data/stock_data_2min/VMC.csv.
2024-09-20 22:10:53,337 - INFO - Data for V saved successfully to raw_data/stock_data_2min/V.csv.
2024-09-20 22:10:53,375 - INFO - Data for WAB saved successfully to raw_data/stock_data_2min/WAB.csv.
2024-09-20 22:10:53,415 - INFO - Data for WBD saved successfully to raw_data/stock_data_2min/WBD.csv.
2024-09-20 22:10:53,455 - INFO - Data for WMT saved successfully to raw_data/stock_data_2min/WMT.csv.
2024-09-20 22:10:53,495 - INFO - Data for WBA saved successfully to raw_data/stock_data_2min/WBA.csv.
2024-09-20 22:10:53,535 - INFO - Data for DIS saved successfully to raw_data/stock_data_2min/DIS.csv.
2024-09-20 22:10:53,577 - INFO - Data for WM saved successfully to raw_data/stock_data_2min/WM.csv.
2024-09-20 22:10:53,617 - INFO - Data for WEC saved successfully to raw_data/stock_data_2min/WEC.csv.
2024-09-20 22:10:53,644 - INFO - Data for WAT saved successfully to raw_data/stock_data_2min/WAT.csv.
2024-09-20 22:10:53,685 - INFO - Data for WFC saved successfully to raw_data/stock_data_2min/WFC.csv.
2024-09-20 22:10:53,725 - INFO - Data for WELL saved successfully to raw_data/stock_data_2min/WELL.csv.
2024-09-20 22:10:53,765 - INFO - Data for WMB saved successfully to raw_data/stock_data_2min/WMB.csv.
2024-09-20 22:10:53,804 - INFO - Data for WDC saved successfully to raw_data/stock_data_2min/WDC.csv.
2024-09-20 22:10:53,836 - INFO - Data for WST saved successfully to raw_data/stock_data_2min/WST.csv.
2024-09-20 22:10:53,877 - INFO - Data for WY saved successfully to raw_data/stock_data_2min/WY.csv.
2024-09-20 22:10:53,917 - INFO - Data for WYNN saved successfully to raw_data/stock_data_2min/WYNN.csv.
2024-09-20 22:10:53,945 - INFO - Data for WTW saved successfully to raw_data/stock_data_2min/WTW.csv.
2024-09-20 22:10:53,986 - INFO - Data for XEL saved successfully to raw_data/stock_data_2min/XEL.csv.
2024-09-20 22:10:54,025 - INFO - Data for ZBH saved successfully to raw_data/stock_data_2min/ZBH.csv.
2024-09-20 22:10:54,064 - INFO - Data for XYL saved successfully to raw_data/stock_data_2min/XYL.csv.
2024-09-20 22:10:54,107 - INFO - Data for ZTS saved successfully to raw_data/stock_data_2min/ZTS.csv.
2024-09-20 22:10:54,134 - INFO - Data for ZBRA saved successfully to raw_data/stock_data_2min/ZBRA.csv.
2024-09-20 22:10:54,174 - INFO - Data for YUM saved successfully to raw_data/stock_data_2min/YUM.csv.
2024-09-20 22:10:54,175 - INFO - Download summary: 503/503 tickers successfully downloaded.
2024-09-20 22:10:54,186 - INFO - Completed download of S&P 500 stock data.
2024-09-20 22:10:54,186 - INFO - Starting download of ETF data.
2024-09-20 22:10:54,612 - INFO - Data for XLF saved successfully to raw_data/etf_data_2min/XLF.csv.
2024-09-20 22:10:54,771 - INFO - Data for IWM saved successfully to raw_data/etf_data_2min/IWM.csv.
2024-09-20 22:10:54,851 - INFO - Data for XLK saved successfully to raw_data/etf_data_2min/XLK.csv.
2024-09-20 22:10:54,932 - INFO - Data for QQQ saved successfully to raw_data/etf_data_2min/QQQ.csv.
2024-09-20 22:10:54,979 - INFO - Data for XLV saved successfully to raw_data/etf_data_2min/XLV.csv.
2024-09-20 22:10:55,043 - INFO - Data for XLE saved successfully to raw_data/etf_data_2min/XLE.csv.
2024-09-20 22:10:55,091 - INFO - Data for SPY saved successfully to raw_data/etf_data_2min/SPY.csv.
2024-09-20 22:10:55,137 - INFO - Data for DIA saved successfully to raw_data/etf_data_2min/DIA.csv.
2024-09-20 22:10:55,248 - INFO - Data for XLI saved successfully to raw_data/etf_data_2min/XLI.csv.
2024-09-20 22:10:55,349 - INFO - Data for XLP saved successfully to raw_data/etf_data_2min/XLP.csv.
2024-09-20 22:10:55,411 - INFO - Data for XLRE saved successfully to raw_data/etf_data_2min/XLRE.csv.
2024-09-20 22:10:55,475 - INFO - Data for XLY saved successfully to raw_data/etf_data_2min/XLY.csv.
2024-09-20 22:10:55,515 - INFO - Data for XLB saved successfully to raw_data/etf_data_2min/XLB.csv.
2024-09-20 22:10:55,555 - INFO - Data for XLU saved successfully to raw_data/etf_data_2min/XLU.csv.
2024-09-20 22:10:55,601 - INFO - Data for XLC saved successfully to raw_data/etf_data_2min/XLC.csv.
2024-09-20 22:10:55,659 - INFO - Data for GLD saved successfully to raw_data/etf_data_2min/GLD.csv.
2024-09-20 22:10:55,717 - INFO - Data for SLV saved successfully to raw_data/etf_data_2min/SLV.csv.
2024-09-20 22:10:55,759 - INFO - Data for VXX saved successfully to raw_data/etf_data_2min/VXX.csv.
2024-09-20 22:10:55,799 - INFO - Data for USO saved successfully to raw_data/etf_data_2min/USO.csv.
2024-09-20 22:10:55,839 - INFO - Data for TLT saved successfully to raw_data/etf_data_2min/TLT.csv.
2024-09-20 22:10:55,839 - INFO - Download summary: 20/20 tickers successfully downloaded.
2024-09-20 22:10:55,840 - INFO - Completed download of ETF data.
2024-09-20 22:10:55,840 - INFO - Data acquisition completed successfully.
