2024-09-14 15:54:08,697 - INFO - Starting interpretation of principal components.
2024-09-14 15:54:08,898 - INFO - Loaded preprocessed data from preprocessed_data/preprocessed_stocks.csv with shape (1949, 503).
2024-09-14 15:54:08,900 - INFO - Loaded PCA model from pca_results/pca_model.joblib.
2024-09-14 15:54:08,910 - INFO - Computed principal component scores with shape (1949, 263).
2024-09-14 15:54:08,936 - INFO - Loaded preprocessed data from preprocessed_data/preprocessed_etfs.csv with shape (1949, 25).
2024-09-14 15:54:08,939 - INFO - Aligned data shape: (1949, 288).
2024-09-14 15:54:08,942 - ERROR - Error computing correlations: The truth value of a DataFrame is ambiguous. Use a.empty, a.bool(), a.item(), a.any() or a.all().
2024-09-14 15:54:08,942 - ERROR - Correlation matrix is empty. Exiting interpretation step.
2024-09-14 15:58:27,528 - INFO - Starting interpretation of principal components.
2024-09-14 15:58:27,727 - INFO - Loaded preprocessed data from preprocessed_data/preprocessed_stocks.csv with shape (1949, 503).
2024-09-14 15:58:27,729 - INFO - Loaded PCA model from pca_results/pca_model.joblib.
2024-09-14 15:58:27,738 - INFO - Computed principal component scores with shape (1949, 263).
2024-09-14 15:58:27,764 - INFO - Loaded preprocessed data from preprocessed_data/preprocessed_etfs.csv with shape (1949, 25).
2024-09-14 15:58:27,767 - INFO - Aligned data shape: (1949, 288).
2024-09-14 15:58:27,773 - ERROR - Error computing correlations: The truth value of a DataFrame is ambiguous. Use a.empty, a.bool(), a.item(), a.any() or a.all().
2024-09-14 15:58:27,773 - ERROR - Correlation matrix is empty. Exiting interpretation step.
2024-09-14 16:00:34,009 - INFO - Starting interpretation of principal components.
2024-09-14 16:00:34,250 - INFO - Loaded preprocessed data from preprocessed_data/preprocessed_stocks.csv with shape (1949, 503).
2024-09-14 16:00:34,252 - INFO - Loaded PCA model from pca_results/pca_model.joblib.
2024-09-14 16:00:34,261 - INFO - Computed principal component scores with shape (1949, 263).
2024-09-14 16:00:34,289 - INFO - Loaded preprocessed data from preprocessed_data/preprocessed_etfs.csv with shape (1949, 25).
2024-09-14 16:00:34,292 - INFO - Aligned data shape: (1949, 288).
2024-09-14 16:00:34,752 - INFO - Computed correlation matrix with shape (6575, 3).
2024-09-14 16:00:34,763 - INFO - Saved correlation matrix to pca_results/pc_etf_correlation.csv.
2024-09-14 16:00:38,394 - INFO - Saved correlation heatmap to pca_results/pc_etf_correlation_heatmap.png.
2024-09-14 16:00:38,518 - INFO - Saved principal component interpretations to pca_results/pc_interpretations.txt.
2024-09-14 16:00:38,518 - INFO - Interpretation of principal components completed successfully.
2024-09-14 16:21:03,242 - INFO - Starting interpretation of principal components.
2024-09-14 16:21:03,446 - INFO - Loaded preprocessed data from preprocessed_data/preprocessed_stocks.csv with shape (1949, 503).
2024-09-14 16:21:03,450 - INFO - Loaded PCA model from pca_results/pca_model.joblib.
2024-09-14 16:21:03,458 - INFO - Computed principal component scores with shape (1949, 263).
2024-09-14 16:21:03,484 - INFO - Loaded preprocessed data from preprocessed_data/preprocessed_etfs.csv with shape (1949, 25).
2024-09-14 16:21:03,486 - INFO - Aligned data shape: (1949, 288).
2024-09-14 16:21:03,489 - INFO - Selected top 20 principal components based on explained variance.
2024-09-14 16:21:03,490 - INFO - Aligned data shape: (1949, 45).
2024-09-14 16:21:03,528 - INFO - Computed correlation matrix with shape (500, 3).
2024-09-14 16:21:03,530 - INFO - Saved correlation matrix to pca_results/pc_etf_correlation.csv.
2024-09-14 16:21:04,318 - INFO - Saved correlation heatmap to pca_results/pc_etf_correlation_heatmap.png.
2024-09-14 16:21:04,324 - INFO - Saved principal component interpretations to pca_results/pc_interpretations.txt.
2024-09-14 16:21:04,324 - INFO - Interpretation of principal components completed successfully.
2024-09-14 16:24:39,440 - INFO - Starting interpretation of principal components.
2024-09-14 16:24:39,702 - INFO - Loaded preprocessed data from preprocessed_data/preprocessed_stocks.csv with shape (1949, 503).
2024-09-14 16:24:39,706 - INFO - Loaded PCA model from pca_results/pca_model.joblib.
2024-09-14 16:24:39,716 - INFO - Computed principal component scores with shape (1949, 263).
2024-09-14 16:24:39,746 - INFO - Loaded preprocessed data from preprocessed_data/preprocessed_etfs.csv with shape (1949, 25).
2024-09-14 16:24:39,750 - INFO - Aligned data shape: (1949, 288).
2024-09-14 16:24:39,751 - INFO - Selected top 20 principal components based on order.
2024-09-14 16:24:39,752 - INFO - Aligned data shape: (1949, 45).
2024-09-14 16:24:39,794 - INFO - Computed correlation matrix with shape (500, 3).
2024-09-14 16:24:39,796 - INFO - Saved correlation matrix to pca_results/pc_etf_correlation.csv.
2024-09-14 16:24:40,578 - INFO - Saved correlation heatmap to pca_results/pc_etf_correlation_heatmap.png.
2024-09-14 16:24:40,586 - INFO - Saved principal component interpretations to pca_results/pc_interpretations.txt.
2024-09-14 16:24:40,586 - INFO - Interpretation of principal components completed successfully.
2024-09-14 16:54:35,172 - INFO - Starting interpretation of principal components.
2024-09-14 16:54:35,386 - INFO - Loaded preprocessed data from preprocessed_data/preprocessed_stocks.csv with shape (1949, 503).
2024-09-14 16:54:35,389 - INFO - Loaded PCA model from pca_results/pca_model.joblib.
2024-09-14 16:54:35,398 - INFO - Computed principal component scores with shape (1949, 263).
2024-09-14 16:54:35,424 - INFO - Loaded preprocessed data from preprocessed_data/preprocessed_etfs.csv with shape (1949, 25).
2024-09-14 16:54:35,427 - INFO - Aligned data shape: (1949, 288).
2024-09-14 16:54:35,428 - INFO - Selected top 20 principal components based on order.
2024-09-14 16:54:35,430 - INFO - Aligned data shape: (1949, 45).
2024-09-14 16:54:35,471 - INFO - Computed correlation matrix with shape (500, 3).
2024-09-14 16:54:35,473 - INFO - Saved correlation matrix to pca_results/pc_etf_correlation.csv.
2024-09-14 16:54:36,234 - INFO - Saved correlation heatmap to pca_results/pc_etf_correlation_heatmap.png.
2024-09-14 16:54:36,241 - INFO - Saved principal component interpretations to pca_results/pc_interpretations.txt.
2024-09-14 16:54:36,241 - INFO - Interpretation of principal components completed successfully.
